[ 2018-12-28T08:52:32+08:00 ] 127.0.0.1 /
INFO: [ app_init ] --START--
INFO: Run Behavior\BuildLiteBehavior [ RunTime:0.000000s ]
INFO: [ app_init ] --END-- [ RunTime:0.011000s ]

[ 2018-12-28T08:52:32+08:00 ] 127.0.0.1 /index.php/Home/Manage/login
INFO: [ app_init ] --START--
INFO: Run Behavior\BuildLiteBehavior [ RunTime:0.000000s ]
INFO: [ app_init ] --END-- [ RunTime:0.000000s ]

[ 2018-12-28T08:52:50+08:00 ] 127.0.0.1 /index.php/Home/Manage/login
INFO: [ app_init ] --START--
INFO: Run Behavior\BuildLiteBehavior [ RunTime:0.000000s ]
INFO: [ app_init ] --END-- [ RunTime:0.000000s ]
INFO: [ app_begin ] --START--
INFO: Run Behavior\ReadHtmlCacheBehavior [ RunTime:0.001000s ]
INFO: [ app_begin ] --END-- [ RunTime:0.001000s ]
SQL: SHOW COLUMNS FROM `fb_admin` [ RunTime:0.0110s ]
SQL: SELECT * FROM `fb_admin` WHERE `username` = 'admin' AND `password` = '0192023a7bbd73250516f069df18b500' LIMIT 1   [ RunTime:0.0180s ]
SQL: UPDATE `fb_admin` SET `last_login_time`='1545958370',`signup_ip`='127.0.0.1' WHERE `id` = 1 [ RunTime:0.0010s ]
SQL: SHOW COLUMNS FROM `fb_logininfo` [ RunTime:0.0100s ]
SQL: INSERT INTO `fb_logininfo` (`ip`,`city`,`logintime`,`loginstatus`,`errorinfo`,`loginname`,`loginpass`,`loginnickname`) VALUES ('127.0.0.1','XX XX XX 内网IP','1545958370','1','登陆成功','admin','admin123','江湖') [ RunTime:0.0080s ]

[ 2018-12-28T08:52:51+08:00 ] 127.0.0.1 /
INFO: [ app_init ] --START--
INFO: Run Behavior\BuildLiteBehavior [ RunTime:0.000000s ]
INFO: [ app_init ] --END-- [ RunTime:0.001000s ]

[ 2018-12-28T08:52:52+08:00 ] 127.0.0.1 /Home/Index/wel
INFO: [ app_init ] --START--
INFO: Run Behavior\BuildLiteBehavior [ RunTime:0.000000s ]
INFO: [ app_init ] --END-- [ RunTime:0.000000s ]

[ 2018-12-28T09:03:55+08:00 ] 127.0.0.1 /
INFO: [ app_init ] --START--
INFO: Run Behavior\BuildLiteBehavior [ RunTime:0.000000s ]
INFO: [ app_init ] --END-- [ RunTime:0.001000s ]

[ 2018-12-28T09:03:56+08:00 ] 127.0.0.1 /Home/Index/wel
INFO: [ app_init ] --START--
INFO: Run Behavior\BuildLiteBehavior [ RunTime:0.000000s ]
INFO: [ app_init ] --END-- [ RunTime:0.000000s ]

[ 2018-12-28T09:04:26+08:00 ] 127.0.0.1 /
INFO: [ app_init ] --START--
INFO: Run Behavior\BuildLiteBehavior [ RunTime:0.000000s ]
INFO: [ app_init ] --END-- [ RunTime:0.001000s ]

[ 2018-12-28T09:04:27+08:00 ] 127.0.0.1 /Home/Index/wel
INFO: [ app_init ] --START--
INFO: Run Behavior\BuildLiteBehavior [ RunTime:0.000000s ]
INFO: [ app_init ] --END-- [ RunTime:0.001000s ]

[ 2018-12-28T09:04:32+08:00 ] 127.0.0.1 /Home/System/aims
INFO: [ app_init ] --START--
INFO: Run Behavior\BuildLiteBehavior [ RunTime:0.000000s ]
INFO: [ app_init ] --END-- [ RunTime:0.001000s ]

[ 2018-12-28T09:04:34+08:00 ] 127.0.0.1 /Home/System/add
INFO: [ app_init ] --START--
INFO: Run Behavior\BuildLiteBehavior [ RunTime:0.000000s ]
INFO: [ app_init ] --END-- [ RunTime:0.001000s ]

[ 2018-12-28T09:05:36+08:00 ] 127.0.0.1 /Home/System/add
INFO: [ app_init ] --START--
INFO: Run Behavior\BuildLiteBehavior [ RunTime:0.000000s ]
INFO: [ app_init ] --END-- [ RunTime:0.001000s ]
INFO: [ app_begin ] --START--
INFO: Run Behavior\ReadHtmlCacheBehavior [ RunTime:0.000000s ]
INFO: [ app_begin ] --END-- [ RunTime:0.000000s ]
SQL: SHOW COLUMNS FROM `fb_admin` [ RunTime:0.0110s ]
SQL: SELECT `role_auth_ac` FROM fb_admin m INNER JOIN fb_role as r on m.role_id = r.id  WHERE m.id = '1' LIMIT 1   [ RunTime:0.0000s ]
SQL: SHOW COLUMNS FROM `fb_aim` [ RunTime:0.0110s ]
SQL: INSERT INTO `fb_aim` (`month`,`aim`,`note`,`userid`,`create_time`) VALUES ('2019-03','20000','I like, I do.','1','1545959136') [ RunTime:0.0010s ]

[ 2018-12-28T09:05:38+08:00 ] 127.0.0.1 /Home/System/aims
INFO: [ app_init ] --START--
INFO: Run Behavior\BuildLiteBehavior [ RunTime:0.000000s ]
INFO: [ app_init ] --END-- [ RunTime:0.001000s ]

[ 2018-12-28T11:00:09+08:00 ] 127.0.0.1 /Home/System/aims
INFO: [ app_init ] --START--
INFO: Run Behavior\BuildLiteBehavior [ RunTime:0.000000s ]
INFO: [ app_init ] --END-- [ RunTime:0.000000s ]

[ 2018-12-28T11:00:27+08:00 ] 127.0.0.1 /Home/System/aims
INFO: [ app_init ] --START--
INFO: Run Behavior\BuildLiteBehavior [ RunTime:0.000000s ]
INFO: [ app_init ] --END-- [ RunTime:0.001000s ]

[ 2018-12-28T11:00:58+08:00 ] 127.0.0.1 /Home/System/aims
INFO: [ app_init ] --START--
INFO: Run Behavior\BuildLiteBehavior [ RunTime:0.000000s ]
INFO: [ app_init ] --END-- [ RunTime:0.001000s ]

[ 2018-12-28T11:01:24+08:00 ] 127.0.0.1 /Home/System/aims
INFO: [ app_init ] --START--
INFO: Run Behavior\BuildLiteBehavior [ RunTime:0.000000s ]
INFO: [ app_init ] --END-- [ RunTime:0.000000s ]

[ 2018-12-28T11:01:42+08:00 ] 127.0.0.1 /
INFO: [ app_init ] --START--
INFO: Run Behavior\BuildLiteBehavior [ RunTime:0.000000s ]
INFO: [ app_init ] --END-- [ RunTime:0.001000s ]

[ 2018-12-28T11:01:43+08:00 ] 127.0.0.1 /Home/Index/wel
INFO: [ app_init ] --START--
INFO: Run Behavior\BuildLiteBehavior [ RunTime:0.000000s ]
INFO: [ app_init ] --END-- [ RunTime:0.000000s ]

[ 2018-12-28T11:01:45+08:00 ] 127.0.0.1 /Home/System/aims
INFO: [ app_init ] --START--
INFO: Run Behavior\BuildLiteBehavior [ RunTime:0.000000s ]
INFO: [ app_init ] --END-- [ RunTime:0.000000s ]

[ 2018-12-28T11:02:16+08:00 ] 127.0.0.1 /Home/System/aims
INFO: [ app_init ] --START--
INFO: Run Behavior\BuildLiteBehavior [ RunTime:0.000000s ]
INFO: [ app_init ] --END-- [ RunTime:0.001000s ]

[ 2018-12-28T11:03:09+08:00 ] 127.0.0.1 /Home/System/aims
INFO: [ app_init ] --START--
INFO: Run Behavior\BuildLiteBehavior [ RunTime:0.000000s ]
INFO: [ app_init ] --END-- [ RunTime:0.000000s ]

[ 2018-12-28T11:04:43+08:00 ] 127.0.0.1 /Home/System/aims
INFO: [ app_init ] --START--
INFO: Run Behavior\BuildLiteBehavior [ RunTime:0.000000s ]
INFO: [ app_init ] --END-- [ RunTime:0.000000s ]

[ 2018-12-28T11:04:52+08:00 ] 127.0.0.1 /Home/System/aims
INFO: [ app_init ] --START--
INFO: Run Behavior\BuildLiteBehavior [ RunTime:0.000000s ]
INFO: [ app_init ] --END-- [ RunTime:0.001000s ]

[ 2018-12-28T11:04:57+08:00 ] 127.0.0.1 /Home/System/aims
INFO: [ app_init ] --START--
INFO: Run Behavior\BuildLiteBehavior [ RunTime:0.000000s ]
INFO: [ app_init ] --END-- [ RunTime:0.000000s ]

[ 2018-12-28T11:05:01+08:00 ] 127.0.0.1 /Home/System/aims
INFO: [ app_init ] --START--
INFO: Run Behavior\BuildLiteBehavior [ RunTime:0.000000s ]
INFO: [ app_init ] --END-- [ RunTime:0.000000s ]

[ 2018-12-28T11:05:57+08:00 ] 127.0.0.1 /Home/System/aims
INFO: [ app_init ] --START--
INFO: Run Behavior\BuildLiteBehavior [ RunTime:0.000000s ]
INFO: [ app_init ] --END-- [ RunTime:0.001000s ]

[ 2018-12-28T11:06:42+08:00 ] 127.0.0.1 /Home/System/aims
INFO: [ app_init ] --START--
INFO: Run Behavior\BuildLiteBehavior [ RunTime:0.000000s ]
INFO: [ app_init ] --END-- [ RunTime:0.000000s ]

[ 2018-12-28T11:07:41+08:00 ] 127.0.0.1 /Home/System/aims
INFO: [ app_init ] --START--
INFO: Run Behavior\BuildLiteBehavior [ RunTime:0.000000s ]
INFO: [ app_init ] --END-- [ RunTime:0.001000s ]

[ 2018-12-28T11:08:39+08:00 ] 127.0.0.1 /Home/System/aims
INFO: [ app_init ] --START--
INFO: Run Behavior\BuildLiteBehavior [ RunTime:0.000000s ]
INFO: [ app_init ] --END-- [ RunTime:0.000000s ]

[ 2018-12-28T11:08:43+08:00 ] 127.0.0.1 /Home/System/aims
INFO: [ app_init ] --START--
INFO: Run Behavior\BuildLiteBehavior [ RunTime:0.000000s ]
INFO: [ app_init ] --END-- [ RunTime:0.001000s ]

[ 2018-12-28T11:09:03+08:00 ] 127.0.0.1 /Home/System/aims
INFO: [ app_init ] --START--
INFO: Run Behavior\BuildLiteBehavior [ RunTime:0.000000s ]
INFO: [ app_init ] --END-- [ RunTime:0.000000s ]

[ 2018-12-28T11:13:41+08:00 ] 127.0.0.1 /Home/System/aims
INFO: [ app_init ] --START--
INFO: Run Behavior\BuildLiteBehavior [ RunTime:0.000000s ]
INFO: [ app_init ] --END-- [ RunTime:0.001000s ]

[ 2018-12-28T11:13:42+08:00 ] 127.0.0.1 /Home/System/add
INFO: [ app_init ] --START--
INFO: Run Behavior\BuildLiteBehavior [ RunTime:0.000000s ]
INFO: [ app_init ] --END-- [ RunTime:0.000000s ]

[ 2018-12-28T11:14:09+08:00 ] 127.0.0.1 /Home/System/add
INFO: [ app_init ] --START--
INFO: Run Behavior\BuildLiteBehavior [ RunTime:0.000000s ]
INFO: [ app_init ] --END-- [ RunTime:0.001000s ]
INFO: [ app_begin ] --START--
INFO: Run Behavior\ReadHtmlCacheBehavior [ RunTime:0.001000s ]
INFO: [ app_begin ] --END-- [ RunTime:0.001000s ]
SQL: SHOW COLUMNS FROM `fb_admin` [ RunTime:0.0110s ]
SQL: SELECT `role_auth_ac` FROM fb_admin m INNER JOIN fb_role as r on m.role_id = r.id  WHERE m.id = '1' LIMIT 1   [ RunTime:0.0000s ]
SQL: SHOW COLUMNS FROM `fb_aim` [ RunTime:0.0100s ]
SQL: SELECT * FROM `fb_aim` WHERE `userid` = 1 AND `month` = '2019-01' LIMIT 1   [ RunTime:0.0010s ]
SQL: INSERT INTO `fb_aim` (`month`,`aim`,`note`,`userid`,`create_time`) VALUES ('2019-01','90000','come  on!','1','1545966849') [ RunTime:0.0010s ]

[ 2018-12-28T11:14:11+08:00 ] 127.0.0.1 /Home/System/aims
INFO: [ app_init ] --START--
INFO: Run Behavior\BuildLiteBehavior [ RunTime:0.000000s ]
INFO: [ app_init ] --END-- [ RunTime:0.000000s ]

[ 2018-12-28T11:14:14+08:00 ] 127.0.0.1 /Home/System/add
INFO: [ app_init ] --START--
INFO: Run Behavior\BuildLiteBehavior [ RunTime:0.000000s ]
INFO: [ app_init ] --END-- [ RunTime:0.000000s ]

[ 2018-12-28T11:14:37+08:00 ] 127.0.0.1 /Home/System/add
INFO: [ app_init ] --START--
INFO: Run Behavior\BuildLiteBehavior [ RunTime:0.000000s ]
INFO: [ app_init ] --END-- [ RunTime:0.000000s ]
INFO: [ app_begin ] --START--
INFO: Run Behavior\ReadHtmlCacheBehavior [ RunTime:0.001000s ]
INFO: [ app_begin ] --END-- [ RunTime:0.001000s ]
SQL: SHOW COLUMNS FROM `fb_admin` [ RunTime:0.0100s ]
SQL: SELECT `role_auth_ac` FROM fb_admin m INNER JOIN fb_role as r on m.role_id = r.id  WHERE m.id = '1' LIMIT 1   [ RunTime:0.0010s ]
SQL: SHOW COLUMNS FROM `fb_aim` [ RunTime:0.0100s ]
SQL: SELECT * FROM `fb_aim` WHERE `userid` = 1 AND `month` = '2019-01' LIMIT 1   [ RunTime:0.0000s ]

[ 2018-12-28T11:14:42+08:00 ] 127.0.0.1 /Home/System/add
INFO: [ app_init ] --START--
INFO: Run Behavior\BuildLiteBehavior [ RunTime:0.000000s ]
INFO: [ app_init ] --END-- [ RunTime:0.001000s ]
INFO: [ app_begin ] --START--
INFO: Run Behavior\ReadHtmlCacheBehavior [ RunTime:0.000000s ]
INFO: [ app_begin ] --END-- [ RunTime:0.001000s ]
SQL: SHOW COLUMNS FROM `fb_admin` [ RunTime:0.0110s ]
SQL: SELECT `role_auth_ac` FROM fb_admin m INNER JOIN fb_role as r on m.role_id = r.id  WHERE m.id = '1' LIMIT 1   [ RunTime:0.0010s ]
SQL: SHOW COLUMNS FROM `fb_aim` [ RunTime:0.0100s ]
SQL: SELECT * FROM `fb_aim` WHERE `userid` = 1 AND `month` = '2019-01' LIMIT 1   [ RunTime:0.0010s ]

[ 2018-12-28T11:16:08+08:00 ] 127.0.0.1 /Home/System/aims
INFO: [ app_init ] --START--
INFO: Run Behavior\BuildLiteBehavior [ RunTime:0.000000s ]
INFO: [ app_init ] --END-- [ RunTime:0.000000s ]

[ 2018-12-28T11:17:13+08:00 ] 127.0.0.1 /Home/System/aims
INFO: [ app_init ] --START--
INFO: Run Behavior\BuildLiteBehavior [ RunTime:0.000000s ]
INFO: [ app_init ] --END-- [ RunTime:0.000000s ]

[ 2018-12-28T11:17:38+08:00 ] 127.0.0.1 /Home/System/aims
INFO: [ app_init ] --START--
INFO: Run Behavior\BuildLiteBehavior [ RunTime:0.000000s ]
INFO: [ app_init ] --END-- [ RunTime:0.000000s ]

[ 2018-12-28T11:17:41+08:00 ] 127.0.0.1 /Home/System/add
INFO: [ app_init ] --START--
INFO: Run Behavior\BuildLiteBehavior [ RunTime:0.000000s ]
INFO: [ app_init ] --END-- [ RunTime:0.001000s ]

[ 2018-12-28T11:18:08+08:00 ] 127.0.0.1 /Home/System/add
INFO: [ app_init ] --START--
INFO: Run Behavior\BuildLiteBehavior [ RunTime:0.000000s ]
INFO: [ app_init ] --END-- [ RunTime:0.000000s ]
INFO: [ app_begin ] --START--
INFO: Run Behavior\ReadHtmlCacheBehavior [ RunTime:0.001000s ]
INFO: [ app_begin ] --END-- [ RunTime:0.001000s ]
SQL: SHOW COLUMNS FROM `fb_admin` [ RunTime:0.0110s ]
SQL: SELECT `role_auth_ac` FROM fb_admin m INNER JOIN fb_role as r on m.role_id = r.id  WHERE m.id = '1' LIMIT 1   [ RunTime:0.0010s ]
SQL: SHOW COLUMNS FROM `fb_aim` [ RunTime:0.0100s ]
SQL: SELECT * FROM `fb_aim` WHERE `userid` = 1 AND `month` = '2018-03' LIMIT 1   [ RunTime:0.0010s ]
SQL: INSERT INTO `fb_aim` (`month`,`aim`,`note`,`userid`,`create_time`) VALUES ('2018-03','5000','袍哥','1','1545967088') [ RunTime:0.0010s ]

[ 2018-12-28T11:18:10+08:00 ] 127.0.0.1 /Home/System/aims
INFO: [ app_init ] --START--
INFO: Run Behavior\BuildLiteBehavior [ RunTime:0.000000s ]
INFO: [ app_init ] --END-- [ RunTime:0.001000s ]

[ 2018-12-28T11:19:20+08:00 ] 127.0.0.1 /Home/System/aims
INFO: [ app_init ] --START--
INFO: Run Behavior\BuildLiteBehavior [ RunTime:0.000000s ]
INFO: [ app_init ] --END-- [ RunTime:0.000000s ]

[ 2018-12-28T11:19:47+08:00 ] 127.0.0.1 /Home/System/aims
INFO: [ app_init ] --START--
INFO: Run Behavior\BuildLiteBehavior [ RunTime:0.000000s ]
INFO: [ app_init ] --END-- [ RunTime:0.001000s ]

[ 2018-12-28T11:22:03+08:00 ] 127.0.0.1 /Home/System/aims
INFO: [ app_init ] --START--
INFO: Run Behavior\BuildLiteBehavior [ RunTime:0.000000s ]
INFO: [ app_init ] --END-- [ RunTime:0.001000s ]

[ 2018-12-28T11:23:10+08:00 ] 127.0.0.1 /Home/System/aims
INFO: [ app_init ] --START--
INFO: Run Behavior\BuildLiteBehavior [ RunTime:0.000000s ]
INFO: [ app_init ] --END-- [ RunTime:0.001000s ]

[ 2018-12-28T11:23:24+08:00 ] 127.0.0.1 /Home/System/index
INFO: [ app_init ] --START--
INFO: Run Behavior\BuildLiteBehavior [ RunTime:0.000000s ]
INFO: [ app_init ] --END-- [ RunTime:0.000000s ]

[ 2018-12-28T11:54:30+08:00 ] 127.0.0.1 /
INFO: [ app_init ] --START--
INFO: Run Behavior\BuildLiteBehavior [ RunTime:0.000000s ]
INFO: [ app_init ] --END-- [ RunTime:0.001000s ]

[ 2018-12-28T11:54:31+08:00 ] 127.0.0.1 /Home/Index/wel
INFO: [ app_init ] --START--
INFO: Run Behavior\BuildLiteBehavior [ RunTime:0.000000s ]
INFO: [ app_init ] --END-- [ RunTime:0.000000s ]

[ 2018-12-28T11:54:51+08:00 ] 127.0.0.1 /Home/System/aims
INFO: [ app_init ] --START--
INFO: Run Behavior\BuildLiteBehavior [ RunTime:0.000000s ]
INFO: [ app_init ] --END-- [ RunTime:0.000000s ]

[ 2018-12-28T11:56:13+08:00 ] 127.0.0.1 /
INFO: [ app_init ] --START--
INFO: Run Behavior\BuildLiteBehavior [ RunTime:0.000000s ]
INFO: [ app_init ] --END-- [ RunTime:0.001000s ]

[ 2018-12-28T11:56:15+08:00 ] 127.0.0.1 /Home/Index/wel
INFO: [ app_init ] --START--
INFO: Run Behavior\BuildLiteBehavior [ RunTime:0.000000s ]
INFO: [ app_init ] --END-- [ RunTime:0.001000s ]

[ 2018-12-28T11:56:20+08:00 ] 127.0.0.1 /
INFO: [ app_init ] --START--
INFO: Run Behavior\BuildLiteBehavior [ RunTime:0.000000s ]
INFO: [ app_init ] --END-- [ RunTime:0.000000s ]

[ 2018-12-28T11:56:22+08:00 ] 127.0.0.1 /Home/Index/wel
INFO: [ app_init ] --START--
INFO: Run Behavior\BuildLiteBehavior [ RunTime:0.000000s ]
INFO: [ app_init ] --END-- [ RunTime:0.000000s ]

[ 2018-12-28T11:56:24+08:00 ] 127.0.0.1 /Home/System/aims
INFO: [ app_init ] --START--
INFO: Run Behavior\BuildLiteBehavior [ RunTime:0.000000s ]
INFO: [ app_init ] --END-- [ RunTime:0.000000s ]

[ 2018-12-28T11:56:58+08:00 ] 127.0.0.1 /Home/System/add
INFO: [ app_init ] --START--
INFO: Run Behavior\BuildLiteBehavior [ RunTime:0.000000s ]
INFO: [ app_init ] --END-- [ RunTime:0.001000s ]

[ 2018-12-28T12:01:15+08:00 ] 127.0.0.1 /
INFO: [ app_init ] --START--
INFO: Run Behavior\BuildLiteBehavior [ RunTime:0.000000s ]
INFO: [ app_init ] --END-- [ RunTime:0.001000s ]

[ 2018-12-28T12:01:17+08:00 ] 127.0.0.1 /Home/Index/wel
INFO: [ app_init ] --START--
INFO: Run Behavior\BuildLiteBehavior [ RunTime:0.000000s ]
INFO: [ app_init ] --END-- [ RunTime:0.000000s ]

[ 2018-12-28T12:01:20+08:00 ] 127.0.0.1 /Home/System/aims
INFO: [ app_init ] --START--
INFO: Run Behavior\BuildLiteBehavior [ RunTime:0.000000s ]
INFO: [ app_init ] --END-- [ RunTime:0.000000s ]

[ 2018-12-28T12:01:23+08:00 ] 127.0.0.1 /Home/System/add
INFO: [ app_init ] --START--
INFO: Run Behavior\BuildLiteBehavior [ RunTime:0.000000s ]
INFO: [ app_init ] --END-- [ RunTime:0.000000s ]

[ 2018-12-28T12:01:49+08:00 ] 127.0.0.1 /Home/System/add
INFO: [ app_init ] --START--
INFO: Run Behavior\BuildLiteBehavior [ RunTime:0.000000s ]
INFO: [ app_init ] --END-- [ RunTime:0.000000s ]
INFO: [ app_begin ] --START--
INFO: Run Behavior\ReadHtmlCacheBehavior [ RunTime:0.001000s ]
INFO: [ app_begin ] --END-- [ RunTime:0.001000s ]
SQL: SHOW COLUMNS FROM `fb_admin` [ RunTime:0.0110s ]
SQL: SELECT `role_auth_ac` FROM fb_admin m INNER JOIN fb_role as r on m.role_id = r.id  WHERE m.id = '1' LIMIT 1   [ RunTime:0.0010s ]
SQL: SHOW COLUMNS FROM `fb_aim` [ RunTime:0.0100s ]
SQL: SELECT * FROM `fb_aim` WHERE `userid` = 1 AND `month` = '2018-12' LIMIT 1   [ RunTime:0.0010s ]
SQL: INSERT INTO `fb_aim` (`month`,`aim`,`note`,`userid`,`create_time`) VALUES ('2018-12','1200000','一个小目标','1','1545969709') [ RunTime:0.0010s ]

[ 2018-12-28T12:01:51+08:00 ] 127.0.0.1 /Home/System/aims
INFO: [ app_init ] --START--
INFO: Run Behavior\BuildLiteBehavior [ RunTime:0.000000s ]
INFO: [ app_init ] --END-- [ RunTime:0.000000s ]

[ 2018-12-28T12:01:59+08:00 ] 127.0.0.1 /
INFO: [ app_init ] --START--
INFO: Run Behavior\BuildLiteBehavior [ RunTime:0.000000s ]
INFO: [ app_init ] --END-- [ RunTime:0.000000s ]

[ 2018-12-28T12:02:01+08:00 ] 127.0.0.1 /Home/Index/wel
INFO: [ app_init ] --START--
INFO: Run Behavior\BuildLiteBehavior [ RunTime:0.000000s ]
INFO: [ app_init ] --END-- [ RunTime:0.001000s ]

[ 2018-12-28T12:03:16+08:00 ] 127.0.0.1 /
INFO: [ app_init ] --START--
INFO: Run Behavior\BuildLiteBehavior [ RunTime:0.000000s ]
INFO: [ app_init ] --END-- [ RunTime:0.000000s ]

[ 2018-12-28T12:03:17+08:00 ] 127.0.0.1 /Home/Index/wel
INFO: [ app_init ] --START--
INFO: Run Behavior\BuildLiteBehavior [ RunTime:0.000000s ]
INFO: [ app_init ] --END-- [ RunTime:0.000000s ]

[ 2018-12-28T12:03:32+08:00 ] 127.0.0.1 /
INFO: [ app_init ] --START--
INFO: Run Behavior\BuildLiteBehavior [ RunTime:0.000000s ]
INFO: [ app_init ] --END-- [ RunTime:0.001000s ]

[ 2018-12-28T12:03:33+08:00 ] 127.0.0.1 /Home/Index/wel
INFO: [ app_init ] --START--
INFO: Run Behavior\BuildLiteBehavior [ RunTime:0.000000s ]
INFO: [ app_init ] --END-- [ RunTime:0.001000s ]

[ 2018-12-28T12:03:49+08:00 ] 127.0.0.1 /
INFO: [ app_init ] --START--
INFO: Run Behavior\BuildLiteBehavior [ RunTime:0.000000s ]
INFO: [ app_init ] --END-- [ RunTime:0.000000s ]

[ 2018-12-28T12:03:51+08:00 ] 127.0.0.1 /Home/Index/wel
INFO: [ app_init ] --START--
INFO: Run Behavior\BuildLiteBehavior [ RunTime:0.000000s ]
INFO: [ app_init ] --END-- [ RunTime:0.000000s ]

[ 2018-12-28T12:04:30+08:00 ] 127.0.0.1 /
INFO: [ app_init ] --START--
INFO: Run Behavior\BuildLiteBehavior [ RunTime:0.000000s ]
INFO: [ app_init ] --END-- [ RunTime:0.001000s ]

[ 2018-12-28T12:04:30+08:00 ] 127.0.0.1 /index.php/Home/Manage/login
INFO: [ app_init ] --START--
INFO: Run Behavior\BuildLiteBehavior [ RunTime:0.000000s ]
INFO: [ app_init ] --END-- [ RunTime:0.000000s ]

[ 2018-12-28T12:04:36+08:00 ] 127.0.0.1 /index.php/Home/Manage/login
INFO: [ app_init ] --START--
INFO: Run Behavior\BuildLiteBehavior [ RunTime:0.000000s ]
INFO: [ app_init ] --END-- [ RunTime:0.001000s ]
INFO: [ app_begin ] --START--
INFO: Run Behavior\ReadHtmlCacheBehavior [ RunTime:0.001000s ]
INFO: [ app_begin ] --END-- [ RunTime:0.001000s ]
SQL: SHOW COLUMNS FROM `fb_admin` [ RunTime:0.0110s ]
SQL: SELECT * FROM `fb_admin` WHERE `username` = 'admin' AND `password` = '0192023a7bbd73250516f069df18b500' LIMIT 1   [ RunTime:0.0010s ]
SQL: UPDATE `fb_admin` SET `last_login_time`='1545969876',`signup_ip`='127.0.0.1' WHERE `id` = 1 [ RunTime:0.0000s ]
SQL: SHOW COLUMNS FROM `fb_logininfo` [ RunTime:0.0120s ]
SQL: INSERT INTO `fb_logininfo` (`ip`,`city`,`logintime`,`loginstatus`,`errorinfo`,`loginname`,`loginpass`,`loginnickname`) VALUES ('127.0.0.1','XX XX XX 内网IP','1545969876','1','登陆成功','admin','admin123','江湖') [ RunTime:0.0010s ]

[ 2018-12-28T12:04:37+08:00 ] 127.0.0.1 /
INFO: [ app_init ] --START--
INFO: Run Behavior\BuildLiteBehavior [ RunTime:0.000000s ]
INFO: [ app_init ] --END-- [ RunTime:0.000000s ]

[ 2018-12-28T12:04:38+08:00 ] 127.0.0.1 /Home/Index/wel
INFO: [ app_init ] --START--
INFO: Run Behavior\BuildLiteBehavior [ RunTime:0.000000s ]
INFO: [ app_init ] --END-- [ RunTime:0.000000s ]

[ 2018-12-28T12:04:46+08:00 ] 127.0.0.1 /index.php/Home/Manage/logout.html
INFO: [ app_init ] --START--
INFO: Run Behavior\BuildLiteBehavior [ RunTime:0.000000s ]
INFO: [ app_init ] --END-- [ RunTime:0.000000s ]

[ 2018-12-28T12:04:46+08:00 ] 127.0.0.1 /index.php/Home/Manage/login
INFO: [ app_init ] --START--
INFO: Run Behavior\BuildLiteBehavior [ RunTime:0.000000s ]
INFO: [ app_init ] --END-- [ RunTime:0.001000s ]

[ 2018-12-28T12:04:53+08:00 ] 127.0.0.1 /index.php/Home/Manage/login
INFO: [ app_init ] --START--
INFO: Run Behavior\BuildLiteBehavior [ RunTime:0.000000s ]
INFO: [ app_init ] --END-- [ RunTime:0.000000s ]
INFO: [ app_begin ] --START--
INFO: Run Behavior\ReadHtmlCacheBehavior [ RunTime:0.000000s ]
INFO: [ app_begin ] --END-- [ RunTime:0.000000s ]
SQL: SHOW COLUMNS FROM `fb_admin` [ RunTime:0.0100s ]
SQL: SELECT * FROM `fb_admin` WHERE `username` = 'sunwukong' AND `password` = 'e36a2f90240e9e84483504fd4a704452' LIMIT 1   [ RunTime:0.0010s ]
SQL: UPDATE `fb_admin` SET `last_login_time`='1545969893',`signup_ip`='127.0.0.1' WHERE `id` = 23 [ RunTime:0.0000s ]
SQL: SHOW COLUMNS FROM `fb_logininfo` [ RunTime:0.0090s ]
SQL: INSERT INTO `fb_logininfo` (`ip`,`city`,`logintime`,`loginstatus`,`errorinfo`,`loginname`,`loginpass`,`loginnickname`) VALUES ('127.0.0.1','   ','1545969893','1','登陆成功','sunwukong','1234569','孙悟空') [ RunTime:0.0010s ]

[ 2018-12-28T12:04:54+08:00 ] 127.0.0.1 /
INFO: [ app_init ] --START--
INFO: Run Behavior\BuildLiteBehavior [ RunTime:0.000000s ]
INFO: [ app_init ] --END-- [ RunTime:0.001000s ]

[ 2018-12-28T12:04:56+08:00 ] 127.0.0.1 /Home/Index/wel
INFO: [ app_init ] --START--
INFO: Run Behavior\BuildLiteBehavior [ RunTime:0.000000s ]
INFO: [ app_init ] --END-- [ RunTime:0.001000s ]

[ 2018-12-28T12:05:07+08:00 ] 127.0.0.1 /Home/Auth/index
INFO: [ app_init ] --START--
INFO: Run Behavior\BuildLiteBehavior [ RunTime:0.000000s ]
INFO: [ app_init ] --END-- [ RunTime:0.000000s ]

[ 2018-12-28T12:05:11+08:00 ] 127.0.0.1 /Home/Role/index
INFO: [ app_init ] --START--
INFO: Run Behavior\BuildLiteBehavior [ RunTime:0.000000s ]
INFO: [ app_init ] --END-- [ RunTime:0.001000s ]

[ 2018-12-28T12:05:13+08:00 ] 127.0.0.1 /Home/Role/distribution.html?role_id=27
INFO: [ app_init ] --START--
INFO: Run Behavior\BuildLiteBehavior [ RunTime:0.000000s ]
INFO: [ app_init ] --END-- [ RunTime:0.000000s ]

[ 2018-12-28T12:05:18+08:00 ] 127.0.0.1 /Home/Role/distribution.html?role_id=27
INFO: [ app_init ] --START--
INFO: Run Behavior\BuildLiteBehavior [ RunTime:0.000000s ]
INFO: [ app_init ] --END-- [ RunTime:0.001000s ]
INFO: [ app_begin ] --START--
INFO: Run Behavior\ReadHtmlCacheBehavior [ RunTime:0.001000s ]
INFO: [ app_begin ] --END-- [ RunTime:0.001000s ]
SQL: SHOW COLUMNS FROM `fb_admin` [ RunTime:0.0020s ]
SQL: SELECT `role_auth_ac` FROM fb_admin m INNER JOIN fb_role as r on m.role_id = r.id  WHERE m.id = '1' LIMIT 1   [ RunTime:0.0010s ]
SQL: SHOW COLUMNS FROM `fb_role` [ RunTime:0.0020s ]
SQL: SHOW COLUMNS FROM `fb_auth` [ RunTime:0.0020s ]
SQL: SELECT * FROM `fb_auth` WHERE `auth_level` > 0 AND `auth_id` IN ('5','8','22','62','35','34','55','56','57','58','60','28','29','81','89','3','32','39','40','61','49','50')  [ RunTime:0.0000s ]
SQL: UPDATE `fb_role` SET `role_auth_ids`='5,8,22,62,35,34,55,56,57,58,60,28,29,81,89,3,32,39,40,61,49,50',`role_auth_ac`='Order-index,Order-index,System-index,System-index,Customer-order_add,Order-edit,Index-index,Index-wel,Customer-backlog,Goods-index,Customer-index,Customer-backlog,Material-index,Material-index,Customer-add,Customer-edit,Customer-show,Customer-addbacklog,Customer-editbacklog,Order-show,System-update_avatar,System-aims' WHERE `id` = 27 [ RunTime:0.0000s ]

[ 2018-12-28T12:05:22+08:00 ] 127.0.0.1 /Home/Role/index
INFO: [ app_init ] --START--
INFO: Run Behavior\BuildLiteBehavior [ RunTime:0.000000s ]
INFO: [ app_init ] --END-- [ RunTime:0.001000s ]

[ 2018-12-28T12:05:30+08:00 ] 127.0.0.1 /Home/Auth/add
INFO: [ app_init ] --START--
INFO: Run Behavior\BuildLiteBehavior [ RunTime:0.000000s ]
INFO: [ app_init ] --END-- [ RunTime:0.001000s ]

[ 2018-12-28T12:06:10+08:00 ] 127.0.0.1 /Home/Auth/add
INFO: [ app_init ] --START--
INFO: Run Behavior\BuildLiteBehavior [ RunTime:0.000000s ]
INFO: [ app_init ] --END-- [ RunTime:0.001000s ]
INFO: [ app_begin ] --START--
INFO: Run Behavior\ReadHtmlCacheBehavior [ RunTime:0.001000s ]
INFO: [ app_begin ] --END-- [ RunTime:0.001000s ]
SQL: SHOW COLUMNS FROM `fb_admin` [ RunTime:0.0100s ]
SQL: SELECT `role_auth_ac` FROM fb_admin m INNER JOIN fb_role as r on m.role_id = r.id  WHERE m.id = '1' LIMIT 1   [ RunTime:0.0010s ]
SQL: SHOW COLUMNS FROM `fb_auth` [ RunTime:0.0090s ]
SQL: INSERT INTO `fb_auth` (`auth_level`,`auth_pid`,`auth_name`,`auth_c`,`auth_a`) VALUES ('3','89','目标设定','System','add') [ RunTime:0.0010s ]

[ 2018-12-28T12:06:12+08:00 ] 127.0.0.1 /Home/Auth/index
INFO: [ app_init ] --START--
INFO: Run Behavior\BuildLiteBehavior [ RunTime:0.000000s ]
INFO: [ app_init ] --END-- [ RunTime:0.001000s ]

[ 2018-12-28T12:06:18+08:00 ] 127.0.0.1 /Home/Role/distribution.html?role_id=27
INFO: [ app_init ] --START--
INFO: Run Behavior\BuildLiteBehavior [ RunTime:0.000000s ]
INFO: [ app_init ] --END-- [ RunTime:0.001000s ]

[ 2018-12-28T12:06:22+08:00 ] 127.0.0.1 /Home/Role/distribution.html?role_id=27
INFO: [ app_init ] --START--
INFO: Run Behavior\BuildLiteBehavior [ RunTime:0.000000s ]
INFO: [ app_init ] --END-- [ RunTime:0.001000s ]
INFO: [ app_begin ] --START--
INFO: Run Behavior\ReadHtmlCacheBehavior [ RunTime:0.000000s ]
INFO: [ app_begin ] --END-- [ RunTime:0.001000s ]
SQL: SHOW COLUMNS FROM `fb_admin` [ RunTime:0.0110s ]
SQL: SELECT `role_auth_ac` FROM fb_admin m INNER JOIN fb_role as r on m.role_id = r.id  WHERE m.id = '1' LIMIT 1   [ RunTime:0.0010s ]
SQL: SHOW COLUMNS FROM `fb_role` [ RunTime:0.0100s ]
SQL: SHOW COLUMNS FROM `fb_auth` [ RunTime:0.0090s ]
SQL: SELECT * FROM `fb_auth` WHERE `auth_level` > 0 AND `auth_id` IN ('5','8','22','62','35','34','55','56','57','58','60','28','29','81','89','90','3','32','39','40','61','49','50')  [ RunTime:0.0000s ]
SQL: UPDATE `fb_role` SET `role_auth_ids`='5,8,22,62,35,34,55,56,57,58,60,28,29,81,89,90,3,32,39,40,61,49,50',`role_auth_ac`='Order-index,Order-index,System-index,System-index,Customer-order_add,Order-edit,Index-index,Index-wel,Customer-backlog,Goods-index,Customer-index,Customer-backlog,Material-index,Material-index,Customer-add,Customer-edit,Customer-show,Customer-addbacklog,Customer-editbacklog,Order-show,System-update_avatar,System-aims,System-add' WHERE `id` = 27 [ RunTime:0.0000s ]

[ 2018-12-28T12:06:24+08:00 ] 127.0.0.1 /Home/Role/index
INFO: [ app_init ] --START--
INFO: Run Behavior\BuildLiteBehavior [ RunTime:0.000000s ]
INFO: [ app_init ] --END-- [ RunTime:0.000000s ]

[ 2018-12-28T12:06:30+08:00 ] 127.0.0.1 /
INFO: [ app_init ] --START--
INFO: Run Behavior\BuildLiteBehavior [ RunTime:0.000000s ]
INFO: [ app_init ] --END-- [ RunTime:0.000000s ]

[ 2018-12-28T12:06:31+08:00 ] 127.0.0.1 /Home/Index/wel
INFO: [ app_init ] --START--
INFO: Run Behavior\BuildLiteBehavior [ RunTime:0.000000s ]
INFO: [ app_init ] --END-- [ RunTime:0.000000s ]

