[ 2018-12-16T08:31:23+08:00 ] 127.0.0.1 /Home/Report/return_rate
INFO: [ app_init ] --START--
INFO: Run Behavior\BuildLiteBehavior [ RunTime:0.000000s ]
INFO: [ app_init ] --END-- [ RunTime:0.000000s ]

[ 2018-12-16T08:31:42+08:00 ] 127.0.0.1 /Home/Report/return_rate?stat_date=2018-12-01&stop_date=2018-12-16&name=
INFO: [ app_init ] --START--
INFO: Run Behavior\BuildLiteBehavior [ RunTime:0.000000s ]
INFO: [ app_init ] --END-- [ RunTime:0.000000s ]

[ 2018-12-16T08:31:56+08:00 ] 127.0.0.1 /Home/Report/return_rate?stat_date=2018-12-01&stop_date=2018-12-05&name=
INFO: [ app_init ] --START--
INFO: Run Behavior\BuildLiteBehavior [ RunTime:0.000000s ]
INFO: [ app_init ] --END-- [ RunTime:0.000000s ]

[ 2018-12-16T08:32:08+08:00 ] 127.0.0.1 /Home/Report/return_rate?stat_date=2018-12-01&stop_date=2018-12-01&name=
INFO: [ app_init ] --START--
INFO: Run Behavior\BuildLiteBehavior [ RunTime:0.000000s ]
INFO: [ app_init ] --END-- [ RunTime:0.001000s ]

[ 2018-12-16T08:32:18+08:00 ] 127.0.0.1 /Home/Report/return_rate?stat_date=&stop_date=&name=%E5%BC%A0%E7%A3%8A
INFO: [ app_init ] --START--
INFO: Run Behavior\BuildLiteBehavior [ RunTime:0.000000s ]
INFO: [ app_init ] --END-- [ RunTime:0.001000s ]

[ 2018-12-16T08:32:24+08:00 ] 127.0.0.1 /Home/Report/return_rate?month=month
INFO: [ app_init ] --START--
INFO: Run Behavior\BuildLiteBehavior [ RunTime:0.000000s ]
INFO: [ app_init ] --END-- [ RunTime:0.001000s ]

[ 2018-12-16T08:32:26+08:00 ] 127.0.0.1 /Home/Report/return_rate?month=lastmonth
INFO: [ app_init ] --START--
INFO: Run Behavior\BuildLiteBehavior [ RunTime:0.000000s ]
INFO: [ app_init ] --END-- [ RunTime:0.000000s ]

[ 2018-12-16T08:32:28+08:00 ] 127.0.0.1 /Home/Report/return_rate?month=history
INFO: [ app_init ] --START--
INFO: Run Behavior\BuildLiteBehavior [ RunTime:0.001000s ]
INFO: [ app_init ] --END-- [ RunTime:0.001000s ]

[ 2018-12-16T08:32:32+08:00 ] 127.0.0.1 /Home/Report/buyingrate
INFO: [ app_init ] --START--
INFO: Run Behavior\BuildLiteBehavior [ RunTime:0.000000s ]
INFO: [ app_init ] --END-- [ RunTime:0.001000s ]

[ 2018-12-16T08:38:01+08:00 ] 127.0.0.1 /Home/Report/buyingrate
INFO: [ app_init ] --START--
INFO: Run Behavior\BuildLiteBehavior [ RunTime:0.000000s ]
INFO: [ app_init ] --END-- [ RunTime:0.001000s ]

[ 2018-12-16T08:38:46+08:00 ] 127.0.0.1 /Home/Report/buyingrate
INFO: [ app_init ] --START--
INFO: Run Behavior\BuildLiteBehavior [ RunTime:0.000000s ]
INFO: [ app_init ] --END-- [ RunTime:0.000000s ]

[ 2018-12-16T08:39:39+08:00 ] 127.0.0.1 /Home/Report/buyingrate
INFO: [ app_init ] --START--
INFO: Run Behavior\BuildLiteBehavior [ RunTime:0.000000s ]
INFO: [ app_init ] --END-- [ RunTime:0.001000s ]

[ 2018-12-16T08:42:43+08:00 ] 127.0.0.1 /Home/Report/buyingrate
INFO: [ app_init ] --START--
INFO: Run Behavior\BuildLiteBehavior [ RunTime:0.000000s ]
INFO: [ app_init ] --END-- [ RunTime:0.001000s ]

[ 2018-12-16T08:44:42+08:00 ] 127.0.0.1 /Home/Report/buyingrate
INFO: [ app_init ] --START--
INFO: Run Behavior\BuildLiteBehavior [ RunTime:0.000000s ]
INFO: [ app_init ] --END-- [ RunTime:0.001000s ]

[ 2018-12-16T08:46:08+08:00 ] 127.0.0.1 /Home/Report/buyingrate
INFO: [ app_init ] --START--
INFO: Run Behavior\BuildLiteBehavior [ RunTime:0.000000s ]
INFO: [ app_init ] --END-- [ RunTime:0.000000s ]

[ 2018-12-16T08:50:12+08:00 ] 127.0.0.1 /Home/Report/buyingrate
INFO: [ app_init ] --START--
INFO: Run Behavior\BuildLiteBehavior [ RunTime:0.000000s ]
INFO: [ app_init ] --END-- [ RunTime:0.001000s ]

[ 2018-12-16T08:51:22+08:00 ] 127.0.0.1 /Home/Report/buyingrate
INFO: [ app_init ] --START--
INFO: Run Behavior\BuildLiteBehavior [ RunTime:0.000000s ]
INFO: [ app_init ] --END-- [ RunTime:0.000000s ]

[ 2018-12-16T08:52:48+08:00 ] 127.0.0.1 /Home/Report/buyingrate
INFO: [ app_init ] --START--
INFO: Run Behavior\BuildLiteBehavior [ RunTime:0.000000s ]
INFO: [ app_init ] --END-- [ RunTime:0.001000s ]

[ 2018-12-16T08:52:50+08:00 ] 127.0.0.1 /Home/Report/return_rate
INFO: [ app_init ] --START--
INFO: Run Behavior\BuildLiteBehavior [ RunTime:0.000000s ]
INFO: [ app_init ] --END-- [ RunTime:0.000000s ]

[ 2018-12-16T08:53:08+08:00 ] 127.0.0.1 /Home/Report/rank
INFO: [ app_init ] --START--
INFO: Run Behavior\BuildLiteBehavior [ RunTime:0.000000s ]
INFO: [ app_init ] --END-- [ RunTime:0.001000s ]

[ 2018-12-16T09:00:14+08:00 ] 127.0.0.1 /Home/Report/buyingrate
INFO: [ app_init ] --START--
INFO: Run Behavior\BuildLiteBehavior [ RunTime:0.000000s ]
INFO: [ app_init ] --END-- [ RunTime:0.001000s ]

[ 2018-12-16T09:03:27+08:00 ] 127.0.0.1 /Home/Funds/index
INFO: [ app_init ] --START--
INFO: Run Behavior\BuildLiteBehavior [ RunTime:0.000000s ]
INFO: [ app_init ] --END-- [ RunTime:0.001000s ]

[ 2018-12-16T09:03:35+08:00 ] 127.0.0.1 /Home/Admin/group_management
INFO: [ app_init ] --START--
INFO: Run Behavior\BuildLiteBehavior [ RunTime:0.000000s ]
INFO: [ app_init ] --END-- [ RunTime:0.001000s ]

[ 2018-12-16T09:03:47+08:00 ] 127.0.0.1 /Home/Auth/index
INFO: [ app_init ] --START--
INFO: Run Behavior\BuildLiteBehavior [ RunTime:0.000000s ]
INFO: [ app_init ] --END-- [ RunTime:0.000000s ]

[ 2018-12-16T09:03:54+08:00 ] 127.0.0.1 /Home/Auth/add
INFO: [ app_init ] --START--
INFO: Run Behavior\BuildLiteBehavior [ RunTime:0.000000s ]
INFO: [ app_init ] --END-- [ RunTime:0.000000s ]

[ 2018-12-16T09:06:10+08:00 ] 127.0.0.1 /Home/Auth/add
INFO: [ app_init ] --START--
INFO: Run Behavior\BuildLiteBehavior [ RunTime:0.000000s ]
INFO: [ app_init ] --END-- [ RunTime:0.000000s ]
INFO: [ app_begin ] --START--
INFO: Run Behavior\ReadHtmlCacheBehavior [ RunTime:0.001000s ]
INFO: [ app_begin ] --END-- [ RunTime:0.001000s ]
SQL: SHOW COLUMNS FROM `fb_admin` [ RunTime:0.0100s ]
SQL: SELECT `role_auth_ac` FROM fb_admin m INNER JOIN fb_role as r on m.role_id = r.id  WHERE m.id = '1' LIMIT 1   [ RunTime:0.0010s ]
SQL: SHOW COLUMNS FROM `fb_auth` [ RunTime:0.0090s ]
SQL: SELECT * FROM `fb_auth` WHERE `auth_name` = '项目统计' LIMIT 1   [ RunTime:0.0010s ]
SQL: INSERT INTO `fb_auth` (`auth_level`,`auth_pid`,`auth_name`,`auth_c`,`auth_a`) VALUES ('2','30','项目统计','Report','team') [ RunTime:0.0010s ]

[ 2018-12-16T09:06:14+08:00 ] 127.0.0.1 /Home/Auth/index
INFO: [ app_init ] --START--
INFO: Run Behavior\BuildLiteBehavior [ RunTime:0.000000s ]
INFO: [ app_init ] --END-- [ RunTime:0.001000s ]

[ 2018-12-16T09:06:18+08:00 ] 127.0.0.1 /
INFO: [ app_init ] --START--
INFO: Run Behavior\BuildLiteBehavior [ RunTime:0.000000s ]
INFO: [ app_init ] --END-- [ RunTime:0.000000s ]

[ 2018-12-16T09:06:19+08:00 ] 127.0.0.1 /index.php/home/Index/wel
INFO: [ app_init ] --START--
INFO: Run Behavior\BuildLiteBehavior [ RunTime:0.000000s ]
INFO: [ app_init ] --END-- [ RunTime:0.000000s ]

[ 2018-12-16T09:06:24+08:00 ] 127.0.0.1 /Home/Report/team
INFO: [ app_init ] --START--
INFO: Run Behavior\BuildLiteBehavior [ RunTime:0.000000s ]
INFO: [ app_init ] --END-- [ RunTime:0.001000s ]

[ 2018-12-16T09:06:48+08:00 ] 127.0.0.1 /Home/Report/buyingrate
INFO: [ app_init ] --START--
INFO: Run Behavior\BuildLiteBehavior [ RunTime:0.000000s ]
INFO: [ app_init ] --END-- [ RunTime:0.002000s ]

[ 2018-12-16T09:06:58+08:00 ] 127.0.0.1 /Home/Report/rank
INFO: [ app_init ] --START--
INFO: Run Behavior\BuildLiteBehavior [ RunTime:0.000000s ]
INFO: [ app_init ] --END-- [ RunTime:0.001000s ]

[ 2018-12-16T09:07:26+08:00 ] 127.0.0.1 /Home/Report/team
INFO: [ app_init ] --START--
INFO: Run Behavior\BuildLiteBehavior [ RunTime:0.000000s ]
INFO: [ app_init ] --END-- [ RunTime:0.001000s ]

[ 2018-12-16T09:18:59+08:00 ] 127.0.0.1 /Home/Report/buyingrate
INFO: [ app_init ] --START--
INFO: Run Behavior\BuildLiteBehavior [ RunTime:0.000000s ]
INFO: [ app_init ] --END-- [ RunTime:0.000000s ]

[ 2018-12-16T09:19:01+08:00 ] 127.0.0.1 /Home/Report/rank
INFO: [ app_init ] --START--
INFO: Run Behavior\BuildLiteBehavior [ RunTime:0.000000s ]
INFO: [ app_init ] --END-- [ RunTime:0.001000s ]

[ 2018-12-16T09:19:03+08:00 ] 127.0.0.1 /Home/Report/return_rate
INFO: [ app_init ] --START--
INFO: Run Behavior\BuildLiteBehavior [ RunTime:0.000000s ]
INFO: [ app_init ] --END-- [ RunTime:0.000000s ]

[ 2018-12-16T09:19:47+08:00 ] 127.0.0.1 /Home/Report/team
INFO: [ app_init ] --START--
INFO: Run Behavior\BuildLiteBehavior [ RunTime:0.000000s ]
INFO: [ app_init ] --END-- [ RunTime:0.001000s ]

[ 2018-12-16T09:23:53+08:00 ] 127.0.0.1 /Home/Index/wel
INFO: [ app_init ] --START--
INFO: Run Behavior\BuildLiteBehavior [ RunTime:0.000000s ]
INFO: [ app_init ] --END-- [ RunTime:0.000000s ]

[ 2018-12-16T09:24:06+08:00 ] 127.0.0.1 /
INFO: [ app_init ] --START--
INFO: Run Behavior\BuildLiteBehavior [ RunTime:0.000000s ]
INFO: [ app_init ] --END-- [ RunTime:0.001000s ]

[ 2018-12-16T09:24:07+08:00 ] 127.0.0.1 /index.php/home/Index/wel
INFO: [ app_init ] --START--
INFO: Run Behavior\BuildLiteBehavior [ RunTime:0.000000s ]
INFO: [ app_init ] --END-- [ RunTime:0.001000s ]

[ 2018-12-16T09:24:13+08:00 ] 127.0.0.1 /
INFO: [ app_init ] --START--
INFO: Run Behavior\BuildLiteBehavior [ RunTime:0.000000s ]
INFO: [ app_init ] --END-- [ RunTime:0.001000s ]

[ 2018-12-16T09:24:14+08:00 ] 127.0.0.1 /index.php/home/Index/wel
INFO: [ app_init ] --START--
INFO: Run Behavior\BuildLiteBehavior [ RunTime:0.000000s ]
INFO: [ app_init ] --END-- [ RunTime:0.000000s ]

[ 2018-12-16T09:35:21+08:00 ] 127.0.0.1 /Home/Customer/backlog
INFO: [ app_init ] --START--
INFO: Run Behavior\BuildLiteBehavior [ RunTime:0.000000s ]
INFO: [ app_init ] --END-- [ RunTime:0.001000s ]

[ 2018-12-16T09:35:29+08:00 ] 127.0.0.1 /Home/Customer/backlog
INFO: [ app_init ] --START--
INFO: Run Behavior\BuildLiteBehavior [ RunTime:0.000000s ]
INFO: [ app_init ] --END-- [ RunTime:0.001000s ]

[ 2018-12-16T09:35:44+08:00 ] 127.0.0.1 /Home/Report/rank
INFO: [ app_init ] --START--
INFO: Run Behavior\BuildLiteBehavior [ RunTime:0.000000s ]
INFO: [ app_init ] --END-- [ RunTime:0.000000s ]

[ 2018-12-16T09:35:45+08:00 ] 127.0.0.1 /Home/Report/team
INFO: [ app_init ] --START--
INFO: Run Behavior\BuildLiteBehavior [ RunTime:0.000000s ]
INFO: [ app_init ] --END-- [ RunTime:0.000000s ]

[ 2018-12-16T09:35:55+08:00 ] 127.0.0.1 /Home/Report/team
INFO: [ app_init ] --START--
INFO: Run Behavior\BuildLiteBehavior [ RunTime:0.000000s ]
INFO: [ app_init ] --END-- [ RunTime:0.001000s ]

[ 2018-12-16T09:36:35+08:00 ] 127.0.0.1 /Home/Report/team
INFO: [ app_init ] --START--
INFO: Run Behavior\BuildLiteBehavior [ RunTime:0.000000s ]
INFO: [ app_init ] --END-- [ RunTime:0.000000s ]

[ 2018-12-16T09:42:45+08:00 ] 127.0.0.1 /Home/Report/team
INFO: [ app_init ] --START--
INFO: Run Behavior\BuildLiteBehavior [ RunTime:0.000000s ]
INFO: [ app_init ] --END-- [ RunTime:0.001000s ]

[ 2018-12-16T09:43:32+08:00 ] 127.0.0.1 /Home/Report/team
INFO: [ app_init ] --START--
INFO: Run Behavior\BuildLiteBehavior [ RunTime:0.000000s ]
INFO: [ app_init ] --END-- [ RunTime:0.000000s ]

[ 2018-12-16T09:48:25+08:00 ] 127.0.0.1 /Home/Admin/group_management
INFO: [ app_init ] --START--
INFO: Run Behavior\BuildLiteBehavior [ RunTime:0.000000s ]
INFO: [ app_init ] --END-- [ RunTime:0.001000s ]

[ 2018-12-16T09:48:27+08:00 ] 127.0.0.1 /Home/Admin/add_group
INFO: [ app_init ] --START--
INFO: Run Behavior\BuildLiteBehavior [ RunTime:0.000000s ]
INFO: [ app_init ] --END-- [ RunTime:0.000000s ]

[ 2018-12-16T10:01:28+08:00 ] 127.0.0.1 /Home/Admin/group_management
INFO: [ app_init ] --START--
INFO: Run Behavior\BuildLiteBehavior [ RunTime:0.000000s ]
INFO: [ app_init ] --END-- [ RunTime:0.001000s ]

[ 2018-12-16T10:01:46+08:00 ] 127.0.0.1 /Home/Admin/group_management
INFO: [ app_init ] --START--
INFO: Run Behavior\BuildLiteBehavior [ RunTime:0.000000s ]
INFO: [ app_init ] --END-- [ RunTime:0.001000s ]

[ 2018-12-16T10:01:49+08:00 ] 127.0.0.1 /Home/Admin/group_management
INFO: [ app_init ] --START--
INFO: Run Behavior\BuildLiteBehavior [ RunTime:0.000000s ]
INFO: [ app_init ] --END-- [ RunTime:0.001000s ]

[ 2018-12-16T10:02:17+08:00 ] 127.0.0.1 /Home/Admin/group_management
INFO: [ app_init ] --START--
INFO: Run Behavior\BuildLiteBehavior [ RunTime:0.000000s ]
INFO: [ app_init ] --END-- [ RunTime:0.000000s ]

[ 2018-12-16T10:03:01+08:00 ] 127.0.0.1 /Home/Admin/group_management
INFO: [ app_init ] --START--
INFO: Run Behavior\BuildLiteBehavior [ RunTime:0.000000s ]
INFO: [ app_init ] --END-- [ RunTime:0.001000s ]

[ 2018-12-16T10:03:03+08:00 ] 127.0.0.1 /Home/Admin/group_management
INFO: [ app_init ] --START--
INFO: Run Behavior\BuildLiteBehavior [ RunTime:0.000000s ]
INFO: [ app_init ] --END-- [ RunTime:0.001000s ]

[ 2018-12-16T10:03:17+08:00 ] 127.0.0.1 /Home/Admin/group_management
INFO: [ app_init ] --START--
INFO: Run Behavior\BuildLiteBehavior [ RunTime:0.000000s ]
INFO: [ app_init ] --END-- [ RunTime:0.000000s ]

[ 2018-12-16T10:03:34+08:00 ] 127.0.0.1 /Home/Admin/group_management
INFO: [ app_init ] --START--
INFO: Run Behavior\BuildLiteBehavior [ RunTime:0.000000s ]
INFO: [ app_init ] --END-- [ RunTime:0.001000s ]

[ 2018-12-16T10:04:33+08:00 ] 127.0.0.1 /Home/Admin/group_management
INFO: [ app_init ] --START--
INFO: Run Behavior\BuildLiteBehavior [ RunTime:0.000000s ]
INFO: [ app_init ] --END-- [ RunTime:0.000000s ]

[ 2018-12-16T10:04:50+08:00 ] 127.0.0.1 /Home/Admin/group_management
INFO: [ app_init ] --START--
INFO: Run Behavior\BuildLiteBehavior [ RunTime:0.000000s ]
INFO: [ app_init ] --END-- [ RunTime:0.000000s ]

[ 2018-12-16T10:05:25+08:00 ] 127.0.0.1 /Home/Admin/group_management
INFO: [ app_init ] --START--
INFO: Run Behavior\BuildLiteBehavior [ RunTime:0.000000s ]
INFO: [ app_init ] --END-- [ RunTime:0.001000s ]

[ 2018-12-16T10:05:46+08:00 ] 127.0.0.1 /Home/Admin/group_management
INFO: [ app_init ] --START--
INFO: Run Behavior\BuildLiteBehavior [ RunTime:0.000000s ]
INFO: [ app_init ] --END-- [ RunTime:0.001000s ]

[ 2018-12-16T10:11:21+08:00 ] 127.0.0.1 /Home/Admin/group_management
INFO: [ app_init ] --START--
INFO: Run Behavior\BuildLiteBehavior [ RunTime:0.000000s ]
INFO: [ app_init ] --END-- [ RunTime:0.000000s ]

[ 2018-12-16T10:11:24+08:00 ] 127.0.0.1 /Home/Admin/add_group
INFO: [ app_init ] --START--
INFO: Run Behavior\BuildLiteBehavior [ RunTime:0.000000s ]
INFO: [ app_init ] --END-- [ RunTime:0.001000s ]

[ 2018-12-16T10:11:46+08:00 ] 127.0.0.1 /Home/Admin/group_management
INFO: [ app_init ] --START--
INFO: Run Behavior\BuildLiteBehavior [ RunTime:0.000000s ]
INFO: [ app_init ] --END-- [ RunTime:0.001000s ]

[ 2018-12-16T10:11:48+08:00 ] 127.0.0.1 /Home/Admin/add_group
INFO: [ app_init ] --START--
INFO: Run Behavior\BuildLiteBehavior [ RunTime:0.000000s ]
INFO: [ app_init ] --END-- [ RunTime:0.001000s ]

[ 2018-12-16T10:12:34+08:00 ] 127.0.0.1 /Home/Admin/add_group
INFO: [ app_init ] --START--
INFO: Run Behavior\BuildLiteBehavior [ RunTime:0.000000s ]
INFO: [ app_init ] --END-- [ RunTime:0.001000s ]

[ 2018-12-16T10:12:48+08:00 ] 127.0.0.1 /Home/Admin/add_group
INFO: [ app_init ] --START--
INFO: Run Behavior\BuildLiteBehavior [ RunTime:0.000000s ]
INFO: [ app_init ] --END-- [ RunTime:0.000000s ]

[ 2018-12-16T10:14:04+08:00 ] 127.0.0.1 /Home/Admin/add_group
INFO: [ app_init ] --START--
INFO: Run Behavior\BuildLiteBehavior [ RunTime:0.000000s ]
INFO: [ app_init ] --END-- [ RunTime:0.000000s ]

[ 2018-12-16T10:14:13+08:00 ] 127.0.0.1 /Home/Admin/add_group
INFO: [ app_init ] --START--
INFO: Run Behavior\BuildLiteBehavior [ RunTime:0.000000s ]
INFO: [ app_init ] --END-- [ RunTime:0.000000s ]
INFO: [ app_begin ] --START--
INFO: Run Behavior\ReadHtmlCacheBehavior [ RunTime:0.000000s ]
INFO: [ app_begin ] --END-- [ RunTime:0.000000s ]
SQL: SHOW COLUMNS FROM `fb_admin` [ RunTime:0.0100s ]
SQL: SELECT `role_auth_ac` FROM fb_admin m INNER JOIN fb_role as r on m.role_id = r.id  WHERE m.id = '1' LIMIT 1   [ RunTime:0.0010s ]
SQL: SHOW COLUMNS FROM `fb_group` [ RunTime:0.0100s ]
SQL: INSERT INTO `fb_group` (`group_name`,`issale`,`remark`,`create_time`) VALUES ('哈哈哈','是','切尔奇无','1544926453') [ RunTime:0.0010s ]

[ 2018-12-16T10:14:16+08:00 ] 127.0.0.1 /Home/Admin/group_management
INFO: [ app_init ] --START--
INFO: Run Behavior\BuildLiteBehavior [ RunTime:0.000000s ]
INFO: [ app_init ] --END-- [ RunTime:0.001000s ]

[ 2018-12-16T10:15:42+08:00 ] 127.0.0.1 /Home/Admin/group_management
INFO: [ app_init ] --START--
INFO: Run Behavior\BuildLiteBehavior [ RunTime:0.000000s ]
INFO: [ app_init ] --END-- [ RunTime:0.000000s ]

[ 2018-12-16T10:15:54+08:00 ] 127.0.0.1 /Home/Admin/del_group
INFO: [ app_init ] --START--
INFO: Run Behavior\BuildLiteBehavior [ RunTime:0.000000s ]
INFO: [ app_init ] --END-- [ RunTime:0.001000s ]
INFO: [ app_begin ] --START--
INFO: Run Behavior\ReadHtmlCacheBehavior [ RunTime:0.000000s ]
INFO: [ app_begin ] --END-- [ RunTime:0.000000s ]
SQL: SHOW COLUMNS FROM `fb_admin` [ RunTime:0.0100s ]
SQL: SELECT `role_auth_ac` FROM fb_admin m INNER JOIN fb_role as r on m.role_id = r.id  WHERE m.id = '1' LIMIT 1   [ RunTime:0.0010s ]
SQL: SHOW COLUMNS FROM `fb_group` [ RunTime:0.0100s ]
SQL: DELETE FROM `fb_group` WHERE `group_id` = 9 [ RunTime:0.0010s ]

[ 2018-12-16T10:42:46+08:00 ] 127.0.0.1 /Home/Admin/add_group
INFO: [ app_init ] --START--
INFO: Run Behavior\BuildLiteBehavior [ RunTime:0.000000s ]
INFO: [ app_init ] --END-- [ RunTime:0.000000s ]

[ 2018-12-16T10:43:24+08:00 ] 127.0.0.1 /Home/Admin/add_group
INFO: [ app_init ] --START--
INFO: Run Behavior\BuildLiteBehavior [ RunTime:0.000000s ]
INFO: [ app_init ] --END-- [ RunTime:0.001000s ]

[ 2018-12-16T10:43:41+08:00 ] 127.0.0.1 /Home/Admin/add_group
INFO: [ app_init ] --START--
INFO: Run Behavior\BuildLiteBehavior [ RunTime:0.000000s ]
INFO: [ app_init ] --END-- [ RunTime:0.000000s ]

[ 2018-12-16T10:43:54+08:00 ] 127.0.0.1 /Home/Customer/index
INFO: [ app_init ] --START--
INFO: Run Behavior\BuildLiteBehavior [ RunTime:0.000000s ]
INFO: [ app_init ] --END-- [ RunTime:0.000000s ]

[ 2018-12-16T10:44:18+08:00 ] 127.0.0.1 /Home/Order/index
INFO: [ app_init ] --START--
INFO: Run Behavior\BuildLiteBehavior [ RunTime:0.000000s ]
INFO: [ app_init ] --END-- [ RunTime:0.001000s ]

[ 2018-12-16T10:44:44+08:00 ] 127.0.0.1 /Home/Customer/addbacklog?cid=10250
INFO: [ app_init ] --START--
INFO: Run Behavior\BuildLiteBehavior [ RunTime:0.001000s ]
INFO: [ app_init ] --END-- [ RunTime:0.001000s ]

[ 2018-12-16T10:44:45+08:00 ] 127.0.0.1 /Home/Customer/undefinedcss/modules/laydate/default/laydate.css?v=5.0.9
INFO: [ app_init ] --START--
INFO: Run Behavior\BuildLiteBehavior [ RunTime:0.000000s ]
INFO: [ app_init ] --END-- [ RunTime:0.001000s ]
ERR: 非法操作:undefinedcss

[ 2018-12-16T10:44:52+08:00 ] 127.0.0.1 /Home/Customer/order_add?cid=10250&cname=%E5%BC%A0%E5%A5%8E
INFO: [ app_init ] --START--
INFO: Run Behavior\BuildLiteBehavior [ RunTime:0.000000s ]
INFO: [ app_init ] --END-- [ RunTime:0.001000s ]

[ 2018-12-16T10:45:01+08:00 ] 127.0.0.1 /Home/Report/buyingrate
INFO: [ app_init ] --START--
INFO: Run Behavior\BuildLiteBehavior [ RunTime:0.000000s ]
INFO: [ app_init ] --END-- [ RunTime:0.001000s ]

[ 2018-12-16T10:45:40+08:00 ] 127.0.0.1 /Home/Report/return_rate
INFO: [ app_init ] --START--
INFO: Run Behavior\BuildLiteBehavior [ RunTime:0.000000s ]
INFO: [ app_init ] --END-- [ RunTime:0.000000s ]

[ 2018-12-16T10:47:37+08:00 ] 127.0.0.1 /Home/Report/team
INFO: [ app_init ] --START--
INFO: Run Behavior\BuildLiteBehavior [ RunTime:0.000000s ]
INFO: [ app_init ] --END-- [ RunTime:0.001000s ]

[ 2018-12-16T10:48:29+08:00 ] 127.0.0.1 /Home/Index/wel
INFO: [ app_init ] --START--
INFO: Run Behavior\BuildLiteBehavior [ RunTime:0.000000s ]
INFO: [ app_init ] --END-- [ RunTime:0.000000s ]

[ 2018-12-16T10:52:43+08:00 ] 127.0.0.1 /Home/Report/rank?month=lastmonth
INFO: [ app_init ] --START--
INFO: Run Behavior\BuildLiteBehavior [ RunTime:0.001000s ]
INFO: [ app_init ] --END-- [ RunTime:0.001000s ]

[ 2018-12-16T10:52:46+08:00 ] 127.0.0.1 /Home/Report/rank?month=history
INFO: [ app_init ] --START--
INFO: Run Behavior\BuildLiteBehavior [ RunTime:0.000000s ]
INFO: [ app_init ] --END-- [ RunTime:0.001000s ]

[ 2018-12-16T10:53:30+08:00 ] 127.0.0.1 /Home/Report/index
INFO: [ app_init ] --START--
INFO: Run Behavior\BuildLiteBehavior [ RunTime:0.000000s ]
INFO: [ app_init ] --END-- [ RunTime:0.000000s ]

[ 2018-12-16T10:57:16+08:00 ] 127.0.0.1 /Home/Admin/add_group
INFO: [ app_init ] --START--
INFO: Run Behavior\BuildLiteBehavior [ RunTime:0.000000s ]
INFO: [ app_init ] --END-- [ RunTime:0.001000s ]

[ 2018-12-16T10:58:05+08:00 ] 127.0.0.1 /Home/Admin/group_management
INFO: [ app_init ] --START--
INFO: Run Behavior\BuildLiteBehavior [ RunTime:0.000000s ]
INFO: [ app_init ] --END-- [ RunTime:0.001000s ]

[ 2018-12-16T10:58:10+08:00 ] 127.0.0.1 /Home/Admin/edit_group?group_id=4
INFO: [ app_init ] --START--
INFO: Run Behavior\BuildLiteBehavior [ RunTime:0.000000s ]
INFO: [ app_init ] --END-- [ RunTime:0.000000s ]

[ 2018-12-16T11:00:30+08:00 ] 127.0.0.1 /Home/Admin/edit_group?group_id=8
INFO: [ app_init ] --START--
INFO: Run Behavior\BuildLiteBehavior [ RunTime:0.000000s ]
INFO: [ app_init ] --END-- [ RunTime:0.001000s ]

[ 2018-12-16T11:01:33+08:00 ] 127.0.0.1 /Home/Admin/edit_group?group_id=7
INFO: [ app_init ] --START--
INFO: Run Behavior\BuildLiteBehavior [ RunTime:0.000000s ]
INFO: [ app_init ] --END-- [ RunTime:0.001000s ]

[ 2018-12-16T11:01:48+08:00 ] 127.0.0.1 /Home/Admin/group_management
INFO: [ app_init ] --START--
INFO: Run Behavior\BuildLiteBehavior [ RunTime:0.001000s ]
INFO: [ app_init ] --END-- [ RunTime:0.001000s ]

[ 2018-12-16T11:01:50+08:00 ] 127.0.0.1 /Home/Admin/group_management
INFO: [ app_init ] --START--
INFO: Run Behavior\BuildLiteBehavior [ RunTime:0.000000s ]
INFO: [ app_init ] --END-- [ RunTime:0.001000s ]

[ 2018-12-16T11:01:51+08:00 ] 127.0.0.1 /Home/Admin/edit_group?group_id=5
INFO: [ app_init ] --START--
INFO: Run Behavior\BuildLiteBehavior [ RunTime:0.000000s ]
INFO: [ app_init ] --END-- [ RunTime:0.001000s ]

[ 2018-12-16T11:01:55+08:00 ] 127.0.0.1 /Home/Admin/edit_group?group_id=8
INFO: [ app_init ] --START--
INFO: Run Behavior\BuildLiteBehavior [ RunTime:0.000000s ]
INFO: [ app_init ] --END-- [ RunTime:0.000000s ]

[ 2018-12-16T11:02:06+08:00 ] 127.0.0.1 /Home/Admin/edit_group
INFO: [ app_init ] --START--
INFO: Run Behavior\BuildLiteBehavior [ RunTime:0.000000s ]
INFO: [ app_init ] --END-- [ RunTime:0.000000s ]
INFO: [ app_begin ] --START--
INFO: Run Behavior\ReadHtmlCacheBehavior [ RunTime:0.001000s ]
INFO: [ app_begin ] --END-- [ RunTime:0.001000s ]
SQL: SHOW COLUMNS FROM `fb_admin` [ RunTime:0.0100s ]
SQL: SELECT `role_auth_ac` FROM fb_admin m INNER JOIN fb_role as r on m.role_id = r.id  WHERE m.id = '1' LIMIT 1   [ RunTime:0.0010s ]
SQL: SHOW COLUMNS FROM `fb_group` [ RunTime:0.0090s ]
SQL: UPDATE `fb_group` SET `group_name`='行政部',`issale`='是',`remark`='行政部1',`create_time`='1544929326' WHERE `group_id` = 8 [ RunTime:0.0010s ]

[ 2018-12-16T11:02:09+08:00 ] 127.0.0.1 /Home/Admin/group_management
INFO: [ app_init ] --START--
INFO: Run Behavior\BuildLiteBehavior [ RunTime:0.000000s ]
INFO: [ app_init ] --END-- [ RunTime:0.001000s ]

[ 2018-12-16T11:02:11+08:00 ] 127.0.0.1 /Home/Admin/edit_group?group_id=8
INFO: [ app_init ] --START--
INFO: Run Behavior\BuildLiteBehavior [ RunTime:0.000000s ]
INFO: [ app_init ] --END-- [ RunTime:0.001000s ]

[ 2018-12-16T11:02:16+08:00 ] 127.0.0.1 /Home/Admin/edit_group
INFO: [ app_init ] --START--
INFO: Run Behavior\BuildLiteBehavior [ RunTime:0.000000s ]
INFO: [ app_init ] --END-- [ RunTime:0.001000s ]
INFO: [ app_begin ] --START--
INFO: Run Behavior\ReadHtmlCacheBehavior [ RunTime:0.000000s ]
INFO: [ app_begin ] --END-- [ RunTime:0.000000s ]
SQL: SHOW COLUMNS FROM `fb_admin` [ RunTime:0.0110s ]
SQL: SELECT `role_auth_ac` FROM fb_admin m INNER JOIN fb_role as r on m.role_id = r.id  WHERE m.id = '1' LIMIT 1   [ RunTime:0.0000s ]
SQL: SHOW COLUMNS FROM `fb_group` [ RunTime:0.0100s ]
SQL: UPDATE `fb_group` SET `group_name`='行政部',`issale`='否',`remark`='行政部',`create_time`='1544929336' WHERE `group_id` = 8 [ RunTime:0.0010s ]

[ 2018-12-16T11:02:18+08:00 ] 127.0.0.1 /Home/Admin/group_management
INFO: [ app_init ] --START--
INFO: Run Behavior\BuildLiteBehavior [ RunTime:0.000000s ]
INFO: [ app_init ] --END-- [ RunTime:0.000000s ]

[ 2018-12-16T11:02:37+08:00 ] 127.0.0.1 /Home/Report/team
INFO: [ app_init ] --START--
INFO: Run Behavior\BuildLiteBehavior [ RunTime:0.000000s ]
INFO: [ app_init ] --END-- [ RunTime:0.000000s ]

[ 2018-12-16T11:11:29+08:00 ] 127.0.0.1 /Home/Report/team
INFO: [ app_init ] --START--
INFO: Run Behavior\BuildLiteBehavior [ RunTime:0.000000s ]
INFO: [ app_init ] --END-- [ RunTime:0.001000s ]

[ 2018-12-16T11:16:10+08:00 ] 127.0.0.1 /Home/Report/team
INFO: [ app_init ] --START--
INFO: Run Behavior\BuildLiteBehavior [ RunTime:0.000000s ]
INFO: [ app_init ] --END-- [ RunTime:0.001000s ]

[ 2018-12-16T11:17:09+08:00 ] 127.0.0.1 /Home/Report/team
INFO: [ app_init ] --START--
INFO: Run Behavior\BuildLiteBehavior [ RunTime:0.000000s ]
INFO: [ app_init ] --END-- [ RunTime:0.000000s ]

[ 2018-12-16T11:17:59+08:00 ] 127.0.0.1 /Home/Report/team
INFO: [ app_init ] --START--
INFO: Run Behavior\BuildLiteBehavior [ RunTime:0.000000s ]
INFO: [ app_init ] --END-- [ RunTime:0.001000s ]

[ 2018-12-16T11:18:35+08:00 ] 127.0.0.1 /Home/Report/team
INFO: [ app_init ] --START--
INFO: Run Behavior\BuildLiteBehavior [ RunTime:0.000000s ]
INFO: [ app_init ] --END-- [ RunTime:0.001000s ]

[ 2018-12-16T11:19:44+08:00 ] 127.0.0.1 /Home/Index/wel
INFO: [ app_init ] --START--
INFO: Run Behavior\BuildLiteBehavior [ RunTime:0.000000s ]
INFO: [ app_init ] --END-- [ RunTime:0.000000s ]

[ 2018-12-16T11:19:53+08:00 ] 127.0.0.1 /
INFO: [ app_init ] --START--
INFO: Run Behavior\BuildLiteBehavior [ RunTime:0.000000s ]
INFO: [ app_init ] --END-- [ RunTime:0.001000s ]

[ 2018-12-16T11:19:54+08:00 ] 127.0.0.1 /index.php/home/Index/wel
INFO: [ app_init ] --START--
INFO: Run Behavior\BuildLiteBehavior [ RunTime:0.000000s ]
INFO: [ app_init ] --END-- [ RunTime:0.000000s ]

[ 2018-12-16T11:21:03+08:00 ] 127.0.0.1 /Home/Report/rank
INFO: [ app_init ] --START--
INFO: Run Behavior\BuildLiteBehavior [ RunTime:0.000000s ]
INFO: [ app_init ] --END-- [ RunTime:0.001000s ]

[ 2018-12-16T11:21:05+08:00 ] 127.0.0.1 /Home/Report/return_rate
INFO: [ app_init ] --START--
INFO: Run Behavior\BuildLiteBehavior [ RunTime:0.000000s ]
INFO: [ app_init ] --END-- [ RunTime:0.001000s ]

[ 2018-12-16T11:21:06+08:00 ] 127.0.0.1 /Home/Report/team
INFO: [ app_init ] --START--
INFO: Run Behavior\BuildLiteBehavior [ RunTime:0.000000s ]
INFO: [ app_init ] --END-- [ RunTime:0.000000s ]

[ 2018-12-16T11:21:11+08:00 ] 127.0.0.1 /Home/Report/rank
INFO: [ app_init ] --START--
INFO: Run Behavior\BuildLiteBehavior [ RunTime:0.000000s ]
INFO: [ app_init ] --END-- [ RunTime:0.001000s ]

[ 2018-12-16T11:24:46+08:00 ] 127.0.0.1 /Home/Report/team
INFO: [ app_init ] --START--
INFO: Run Behavior\BuildLiteBehavior [ RunTime:0.000000s ]
INFO: [ app_init ] --END-- [ RunTime:0.001000s ]

[ 2018-12-16T11:26:52+08:00 ] 127.0.0.1 /Home/Report/team
INFO: [ app_init ] --START--
INFO: Run Behavior\BuildLiteBehavior [ RunTime:0.000000s ]
INFO: [ app_init ] --END-- [ RunTime:0.000000s ]

[ 2018-12-16T11:27:47+08:00 ] 127.0.0.1 /Home/Report/team
INFO: [ app_init ] --START--
INFO: Run Behavior\BuildLiteBehavior [ RunTime:0.000000s ]
INFO: [ app_init ] --END-- [ RunTime:0.000000s ]

[ 2018-12-16T11:28:13+08:00 ] 127.0.0.1 /Home/Report/team
INFO: [ app_init ] --START--
INFO: Run Behavior\BuildLiteBehavior [ RunTime:0.000000s ]
INFO: [ app_init ] --END-- [ RunTime:0.001000s ]

[ 2018-12-16T11:29:06+08:00 ] 127.0.0.1 /Home/Report/team
INFO: [ app_init ] --START--
INFO: Run Behavior\BuildLiteBehavior [ RunTime:0.000000s ]
INFO: [ app_init ] --END-- [ RunTime:0.001000s ]

[ 2018-12-16T11:30:19+08:00 ] 127.0.0.1 /Home/Report/team
INFO: [ app_init ] --START--
INFO: Run Behavior\BuildLiteBehavior [ RunTime:0.000000s ]
INFO: [ app_init ] --END-- [ RunTime:0.000000s ]

[ 2018-12-16T11:30:51+08:00 ] 127.0.0.1 /Home/Report/team
INFO: [ app_init ] --START--
INFO: Run Behavior\BuildLiteBehavior [ RunTime:0.000000s ]
INFO: [ app_init ] --END-- [ RunTime:0.001000s ]

[ 2018-12-16T11:31:17+08:00 ] 127.0.0.1 /Home/Report/team
INFO: [ app_init ] --START--
INFO: Run Behavior\BuildLiteBehavior [ RunTime:0.000000s ]
INFO: [ app_init ] --END-- [ RunTime:0.000000s ]

[ 2018-12-16T11:31:34+08:00 ] 127.0.0.1 /Home/Report/team
INFO: [ app_init ] --START--
INFO: Run Behavior\BuildLiteBehavior [ RunTime:0.000000s ]
INFO: [ app_init ] --END-- [ RunTime:0.000000s ]

[ 2018-12-16T11:32:39+08:00 ] 127.0.0.1 /Home/Report/team
INFO: [ app_init ] --START--
INFO: Run Behavior\BuildLiteBehavior [ RunTime:0.000000s ]
INFO: [ app_init ] --END-- [ RunTime:0.001000s ]

[ 2018-12-16T11:33:07+08:00 ] 127.0.0.1 /Home/Report/team
INFO: [ app_init ] --START--
INFO: Run Behavior\BuildLiteBehavior [ RunTime:0.000000s ]
INFO: [ app_init ] --END-- [ RunTime:0.001000s ]

[ 2018-12-16T11:35:09+08:00 ] 127.0.0.1 /Home/Report/team
INFO: [ app_init ] --START--
INFO: Run Behavior\BuildLiteBehavior [ RunTime:0.000000s ]
INFO: [ app_init ] --END-- [ RunTime:0.000000s ]

[ 2018-12-16T11:36:14+08:00 ] 127.0.0.1 /Home/Report/team
INFO: [ app_init ] --START--
INFO: Run Behavior\BuildLiteBehavior [ RunTime:0.000000s ]
INFO: [ app_init ] --END-- [ RunTime:0.001000s ]

[ 2018-12-16T11:37:44+08:00 ] 127.0.0.1 /Home/Report/team
INFO: [ app_init ] --START--
INFO: Run Behavior\BuildLiteBehavior [ RunTime:0.000000s ]
INFO: [ app_init ] --END-- [ RunTime:0.000000s ]

[ 2018-12-16T11:39:35+08:00 ] 127.0.0.1 /Home/Report/team
INFO: [ app_init ] --START--
INFO: Run Behavior\BuildLiteBehavior [ RunTime:0.001000s ]
INFO: [ app_init ] --END-- [ RunTime:0.001000s ]

[ 2018-12-16T11:39:51+08:00 ] 127.0.0.1 /Home/Report/team
INFO: [ app_init ] --START--
INFO: Run Behavior\BuildLiteBehavior [ RunTime:0.000000s ]
INFO: [ app_init ] --END-- [ RunTime:0.000000s ]

[ 2018-12-16T11:40:38+08:00 ] 127.0.0.1 /Home/Report/team
INFO: [ app_init ] --START--
INFO: Run Behavior\BuildLiteBehavior [ RunTime:0.000000s ]
INFO: [ app_init ] --END-- [ RunTime:0.001000s ]

[ 2018-12-16T11:40:51+08:00 ] 127.0.0.1 /Home/Report/team
INFO: [ app_init ] --START--
INFO: Run Behavior\BuildLiteBehavior [ RunTime:0.000000s ]
INFO: [ app_init ] --END-- [ RunTime:0.000000s ]

[ 2018-12-16T11:42:57+08:00 ] 127.0.0.1 /Home/Report/team
INFO: [ app_init ] --START--
INFO: Run Behavior\BuildLiteBehavior [ RunTime:0.000000s ]
INFO: [ app_init ] --END-- [ RunTime:0.001000s ]

[ 2018-12-16T11:44:32+08:00 ] 127.0.0.1 /Home/Report/team
INFO: [ app_init ] --START--
INFO: Run Behavior\BuildLiteBehavior [ RunTime:0.000000s ]
INFO: [ app_init ] --END-- [ RunTime:0.001000s ]

[ 2018-12-16T11:45:39+08:00 ] 127.0.0.1 /Home/Report/team
INFO: [ app_init ] --START--
INFO: Run Behavior\BuildLiteBehavior [ RunTime:0.000000s ]
INFO: [ app_init ] --END-- [ RunTime:0.001000s ]

[ 2018-12-16T11:47:42+08:00 ] 127.0.0.1 /Home/Report/team
INFO: [ app_init ] --START--
INFO: Run Behavior\BuildLiteBehavior [ RunTime:0.000000s ]
INFO: [ app_init ] --END-- [ RunTime:0.000000s ]

[ 2018-12-16T11:48:19+08:00 ] 127.0.0.1 /Home/Report/team
INFO: [ app_init ] --START--
INFO: Run Behavior\BuildLiteBehavior [ RunTime:0.000000s ]
INFO: [ app_init ] --END-- [ RunTime:0.000000s ]

[ 2018-12-16T11:48:33+08:00 ] 127.0.0.1 /Home/Report/team
INFO: [ app_init ] --START--
INFO: Run Behavior\BuildLiteBehavior [ RunTime:0.000000s ]
INFO: [ app_init ] --END-- [ RunTime:0.001000s ]

[ 2018-12-16T11:50:58+08:00 ] 127.0.0.1 /Home/Report/team
INFO: [ app_init ] --START--
INFO: Run Behavior\BuildLiteBehavior [ RunTime:0.000000s ]
INFO: [ app_init ] --END-- [ RunTime:0.000000s ]

[ 2018-12-16T11:51:54+08:00 ] 127.0.0.1 /Home/Report/team
INFO: [ app_init ] --START--
INFO: Run Behavior\BuildLiteBehavior [ RunTime:0.000000s ]
INFO: [ app_init ] --END-- [ RunTime:0.001000s ]

[ 2018-12-16T11:52:10+08:00 ] 127.0.0.1 /Home/Report/team
INFO: [ app_init ] --START--
INFO: Run Behavior\BuildLiteBehavior [ RunTime:0.000000s ]
INFO: [ app_init ] --END-- [ RunTime:0.001000s ]

[ 2018-12-16T11:54:38+08:00 ] 127.0.0.1 /
INFO: [ app_init ] --START--
INFO: Run Behavior\BuildLiteBehavior [ RunTime:0.000000s ]
INFO: [ app_init ] --END-- [ RunTime:0.000000s ]

[ 2018-12-16T11:54:39+08:00 ] 127.0.0.1 /
INFO: [ app_init ] --START--
INFO: Run Behavior\BuildLiteBehavior [ RunTime:0.000000s ]
INFO: [ app_init ] --END-- [ RunTime:0.000000s ]

[ 2018-12-16T11:54:40+08:00 ] 127.0.0.1 /index.php/home/Index/wel
INFO: [ app_init ] --START--
INFO: Run Behavior\BuildLiteBehavior [ RunTime:0.000000s ]
INFO: [ app_init ] --END-- [ RunTime:0.001000s ]

[ 2018-12-16T11:54:44+08:00 ] 127.0.0.1 /Home/Report/team
INFO: [ app_init ] --START--
INFO: Run Behavior\BuildLiteBehavior [ RunTime:0.000000s ]
INFO: [ app_init ] --END-- [ RunTime:0.001000s ]

[ 2018-12-16T11:54:58+08:00 ] 127.0.0.1 /Home/Report/team
INFO: [ app_init ] --START--
INFO: Run Behavior\BuildLiteBehavior [ RunTime:0.000000s ]
INFO: [ app_init ] --END-- [ RunTime:0.001000s ]

[ 2018-12-16T11:55:07+08:00 ] 127.0.0.1 /
INFO: [ app_init ] --START--
INFO: Run Behavior\BuildLiteBehavior [ RunTime:0.000000s ]
INFO: [ app_init ] --END-- [ RunTime:0.001000s ]

[ 2018-12-16T11:55:08+08:00 ] 127.0.0.1 /index.php/home/Index/wel
INFO: [ app_init ] --START--
INFO: Run Behavior\BuildLiteBehavior [ RunTime:0.000000s ]
INFO: [ app_init ] --END-- [ RunTime:0.000000s ]

[ 2018-12-16T11:55:11+08:00 ] 127.0.0.1 /Home/Report/team
INFO: [ app_init ] --START--
INFO: Run Behavior\BuildLiteBehavior [ RunTime:0.000000s ]
INFO: [ app_init ] --END-- [ RunTime:0.000000s ]

[ 2018-12-16T11:56:05+08:00 ] 127.0.0.1 /Home/Report/team
INFO: [ app_init ] --START--
INFO: Run Behavior\BuildLiteBehavior [ RunTime:0.000000s ]
INFO: [ app_init ] --END-- [ RunTime:0.000000s ]

[ 2018-12-16T11:56:53+08:00 ] 127.0.0.1 /Home/Report/team?month=month
INFO: [ app_init ] --START--
INFO: Run Behavior\BuildLiteBehavior [ RunTime:0.000000s ]
INFO: [ app_init ] --END-- [ RunTime:0.001000s ]

[ 2018-12-16T11:56:55+08:00 ] 127.0.0.1 /Home/Report/team?month=lastmonth
INFO: [ app_init ] --START--
INFO: Run Behavior\BuildLiteBehavior [ RunTime:0.000000s ]
INFO: [ app_init ] --END-- [ RunTime:0.000000s ]

[ 2018-12-16T11:56:57+08:00 ] 127.0.0.1 /Home/Report/team?month=history
INFO: [ app_init ] --START--
INFO: Run Behavior\BuildLiteBehavior [ RunTime:0.000000s ]
INFO: [ app_init ] --END-- [ RunTime:0.000000s ]

[ 2018-12-16T11:57:40+08:00 ] 127.0.0.1 /Home/Report/return_rate
INFO: [ app_init ] --START--
INFO: Run Behavior\BuildLiteBehavior [ RunTime:0.000000s ]
INFO: [ app_init ] --END-- [ RunTime:0.000000s ]

[ 2018-12-16T11:57:42+08:00 ] 127.0.0.1 /Home/Report/buyingrate
INFO: [ app_init ] --START--
INFO: Run Behavior\BuildLiteBehavior [ RunTime:0.000000s ]
INFO: [ app_init ] --END-- [ RunTime:0.001000s ]

[ 2018-12-16T11:57:44+08:00 ] 127.0.0.1 /Home/Report/rank
INFO: [ app_init ] --START--
INFO: Run Behavior\BuildLiteBehavior [ RunTime:0.000000s ]
INFO: [ app_init ] --END-- [ RunTime:0.001000s ]

[ 2018-12-16T11:57:47+08:00 ] 127.0.0.1 /Home/Report/index
INFO: [ app_init ] --START--
INFO: Run Behavior\BuildLiteBehavior [ RunTime:0.000000s ]
INFO: [ app_init ] --END-- [ RunTime:0.000000s ]

[ 2018-12-16T11:58:13+08:00 ] 127.0.0.1 /
INFO: [ app_init ] --START--
INFO: Run Behavior\BuildLiteBehavior [ RunTime:0.000000s ]
INFO: [ app_init ] --END-- [ RunTime:0.001000s ]

[ 2018-12-16T11:58:14+08:00 ] 127.0.0.1 /index.php/home/Index/wel
INFO: [ app_init ] --START--
INFO: Run Behavior\BuildLiteBehavior [ RunTime:0.000000s ]
INFO: [ app_init ] --END-- [ RunTime:0.001000s ]

[ 2018-12-16T11:58:19+08:00 ] 127.0.0.1 /Home/Report/team
INFO: [ app_init ] --START--
INFO: Run Behavior\BuildLiteBehavior [ RunTime:0.001000s ]
INFO: [ app_init ] --END-- [ RunTime:0.001000s ]

[ 2018-12-16T11:58:21+08:00 ] 127.0.0.1 /Home/Report/rank
INFO: [ app_init ] --START--
INFO: Run Behavior\BuildLiteBehavior [ RunTime:0.000000s ]
INFO: [ app_init ] --END-- [ RunTime:0.001000s ]

[ 2018-12-16T11:58:25+08:00 ] 127.0.0.1 /Home/Report/buyingrate
INFO: [ app_init ] --START--
INFO: Run Behavior\BuildLiteBehavior [ RunTime:0.000000s ]
INFO: [ app_init ] --END-- [ RunTime:0.000000s ]

[ 2018-12-16T11:58:27+08:00 ] 127.0.0.1 /Home/Report/return_rate
INFO: [ app_init ] --START--
INFO: Run Behavior\BuildLiteBehavior [ RunTime:0.000000s ]
INFO: [ app_init ] --END-- [ RunTime:0.000000s ]

[ 2018-12-16T11:58:30+08:00 ] 127.0.0.1 /Home/Customer/index
INFO: [ app_init ] --START--
INFO: Run Behavior\BuildLiteBehavior [ RunTime:0.000000s ]
INFO: [ app_init ] --END-- [ RunTime:0.000000s ]

[ 2018-12-16T11:58:31+08:00 ] 127.0.0.1 /Home/Order/index
INFO: [ app_init ] --START--
INFO: Run Behavior\BuildLiteBehavior [ RunTime:0.000000s ]
INFO: [ app_init ] --END-- [ RunTime:0.000000s ]

[ 2018-12-16T11:58:34+08:00 ] 127.0.0.1 /Home/Index/wel
INFO: [ app_init ] --START--
INFO: Run Behavior\BuildLiteBehavior [ RunTime:0.000000s ]
INFO: [ app_init ] --END-- [ RunTime:0.000000s ]

[ 2018-12-16T11:59:59+08:00 ] 127.0.0.1 /Home/Report/team
INFO: [ app_init ] --START--
INFO: Run Behavior\BuildLiteBehavior [ RunTime:0.000000s ]
INFO: [ app_init ] --END-- [ RunTime:0.000000s ]

[ 2018-12-16T12:00:44+08:00 ] 127.0.0.1 /Home/Report/team
INFO: [ app_init ] --START--
INFO: Run Behavior\BuildLiteBehavior [ RunTime:0.000000s ]
INFO: [ app_init ] --END-- [ RunTime:0.001000s ]

