[ 2018-12-13T11:22:19+08:00 ] 127.0.0.1 /Home/Report/rank
INFO: [ app_init ] --START--
INFO: Run Behavior\BuildLiteBehavior [ RunTime:0.000000s ]
INFO: [ app_init ] --END-- [ RunTime:0.000000s ]

[ 2018-12-13T11:22:19+08:00 ] 127.0.0.1 /index.php/Home/Manage/login
INFO: [ app_init ] --START--
INFO: Run Behavior\BuildLiteBehavior [ RunTime:0.000000s ]
INFO: [ app_init ] --END-- [ RunTime:0.000000s ]

[ 2018-12-13T11:22:48+08:00 ] 127.0.0.1 /index.php/Home/Manage/login
INFO: [ app_init ] --START--
INFO: Run Behavior\BuildLiteBehavior [ RunTime:0.000000s ]
INFO: [ app_init ] --END-- [ RunTime:0.001000s ]
INFO: [ app_begin ] --START--
INFO: Run Behavior\ReadHtmlCacheBehavior [ RunTime:0.000000s ]
INFO: [ app_begin ] --END-- [ RunTime:0.000000s ]
SQL: SHOW COLUMNS FROM `fb_admin` [ RunTime:0.0090s ]
SQL: SELECT * FROM `fb_admin` WHERE `username` = 'admin' AND `password` = '0192023a7bbd73250516f069df18b500' LIMIT 1   [ RunTime:0.0000s ]
SQL: UPDATE `fb_admin` SET `last_login_time`='1544671368',`signup_ip`='127.0.0.1' WHERE `id` = 1 [ RunTime:0.0010s ]
SQL: SHOW COLUMNS FROM `fb_logininfo` [ RunTime:0.0090s ]
SQL: INSERT INTO `fb_logininfo` (`ip`,`city`,`logintime`,`loginstatus`,`errorinfo`,`loginname`,`loginpass`,`loginnickname`) VALUES ('127.0.0.1','XX XX XX 内网IP','1544671368','1','登陆成功','admin','admin123','江湖') [ RunTime:0.0010s ]

[ 2018-12-13T11:22:50+08:00 ] 127.0.0.1 /index.php/Home/Manage/login
INFO: [ app_init ] --START--
INFO: Run Behavior\BuildLiteBehavior [ RunTime:0.000000s ]
INFO: [ app_init ] --END-- [ RunTime:0.000000s ]
INFO: [ app_begin ] --START--
INFO: Run Behavior\ReadHtmlCacheBehavior [ RunTime:0.001000s ]
INFO: [ app_begin ] --END-- [ RunTime:0.001000s ]
SQL: SHOW COLUMNS FROM `fb_admin` [ RunTime:0.0110s ]
SQL: SELECT `role_auth_ac` FROM fb_admin m INNER JOIN fb_role as r on m.role_id = r.id  WHERE m.id = '1' LIMIT 1   [ RunTime:0.0010s ]
SQL: SELECT * FROM `fb_admin` WHERE `username` = 'admin' AND `password` = '0192023a7bbd73250516f069df18b500' LIMIT 1   [ RunTime:0.0010s ]
SQL: UPDATE `fb_admin` SET `last_login_time`='1544671370',`signup_ip`='127.0.0.1' WHERE `id` = 1 [ RunTime:0.0010s ]
SQL: SHOW COLUMNS FROM `fb_logininfo` [ RunTime:0.0120s ]
SQL: INSERT INTO `fb_logininfo` (`ip`,`city`,`logintime`,`loginstatus`,`errorinfo`,`loginname`,`loginpass`,`loginnickname`) VALUES ('127.0.0.1','XX XX XX 内网IP','1544671370','1','登陆成功','admin','admin123','江湖') [ RunTime:0.0000s ]

[ 2018-12-13T11:22:51+08:00 ] 127.0.0.1 /
INFO: [ app_init ] --START--
INFO: Run Behavior\BuildLiteBehavior [ RunTime:0.000000s ]
INFO: [ app_init ] --END-- [ RunTime:0.000000s ]

[ 2018-12-13T11:22:52+08:00 ] 127.0.0.1 /index.php/home/Index/wel
INFO: [ app_init ] --START--
INFO: Run Behavior\BuildLiteBehavior [ RunTime:0.000000s ]
INFO: [ app_init ] --END-- [ RunTime:0.001000s ]

[ 2018-12-13T11:22:58+08:00 ] 127.0.0.1 /Home/Report/rank
INFO: [ app_init ] --START--
INFO: Run Behavior\BuildLiteBehavior [ RunTime:0.000000s ]
INFO: [ app_init ] --END-- [ RunTime:0.000000s ]

[ 2018-12-13T11:23:11+08:00 ] 127.0.0.1 /Home/Report/rank?month=month
INFO: [ app_init ] --START--
INFO: Run Behavior\BuildLiteBehavior [ RunTime:0.000000s ]
INFO: [ app_init ] --END-- [ RunTime:0.001000s ]

[ 2018-12-13T11:23:13+08:00 ] 127.0.0.1 /Home/Report/rank?month=lastmonth
INFO: [ app_init ] --START--
INFO: Run Behavior\BuildLiteBehavior [ RunTime:0.000000s ]
INFO: [ app_init ] --END-- [ RunTime:0.000000s ]

[ 2018-12-13T11:23:31+08:00 ] 127.0.0.1 /Home/Report/rank?stat_date=&stat_date=&name=
INFO: [ app_init ] --START--
INFO: Run Behavior\BuildLiteBehavior [ RunTime:0.000000s ]
INFO: [ app_init ] --END-- [ RunTime:0.000000s ]

[ 2018-12-13T11:23:34+08:00 ] 127.0.0.1 /Home/Report/rank?month=month
INFO: [ app_init ] --START--
INFO: Run Behavior\BuildLiteBehavior [ RunTime:0.000000s ]
INFO: [ app_init ] --END-- [ RunTime:0.001000s ]

[ 2018-12-13T11:23:37+08:00 ] 127.0.0.1 /
INFO: [ app_init ] --START--
INFO: Run Behavior\BuildLiteBehavior [ RunTime:0.000000s ]
INFO: [ app_init ] --END-- [ RunTime:0.001000s ]

[ 2018-12-13T11:23:38+08:00 ] 127.0.0.1 /index.php/home/Index/wel
INFO: [ app_init ] --START--
INFO: Run Behavior\BuildLiteBehavior [ RunTime:0.000000s ]
INFO: [ app_init ] --END-- [ RunTime:0.001000s ]

[ 2018-12-13T11:23:45+08:00 ] 127.0.0.1 /Home/Report/rank
INFO: [ app_init ] --START--
INFO: Run Behavior\BuildLiteBehavior [ RunTime:0.000000s ]
INFO: [ app_init ] --END-- [ RunTime:0.000000s ]

[ 2018-12-13T11:23:56+08:00 ] 127.0.0.1 /Home/Report/rank?month=lastmonth
INFO: [ app_init ] --START--
INFO: Run Behavior\BuildLiteBehavior [ RunTime:0.000000s ]
INFO: [ app_init ] --END-- [ RunTime:0.001000s ]

[ 2018-12-13T11:23:59+08:00 ] 127.0.0.1 /Home/Report/rank?month=history
INFO: [ app_init ] --START--
INFO: Run Behavior\BuildLiteBehavior [ RunTime:0.000000s ]
INFO: [ app_init ] --END-- [ RunTime:0.001000s ]

[ 2018-12-13T11:47:59+08:00 ] 127.0.0.1 /Home/Auth/add
INFO: [ app_begin ] --START--
INFO: Run Behavior\ReadHtmlCacheBehavior [ RunTime:0.001000s ]
INFO: [ app_begin ] --END-- [ RunTime:0.001000s ]
SQL: SHOW COLUMNS FROM `fb_admin` [ RunTime:0.0100s ]
SQL: SELECT `role_auth_ac` FROM fb_admin m INNER JOIN fb_role as r on m.role_id = r.id  WHERE m.id = '1' LIMIT 1   [ RunTime:0.0010s ]
SQL: SHOW COLUMNS FROM `fb_auth` [ RunTime:0.0100s ]
SQL: SELECT * FROM `fb_auth` WHERE `auth_name` = '复购率' LIMIT 1   [ RunTime:0.0010s ]
SQL: INSERT INTO `fb_auth` (`auth_level`,`auth_pid`,`auth_name`,`auth_c`,`auth_a`) VALUES ('2','30','复购率','Report','buyingrate') [ RunTime:0.0010s ]

