[ 2018-12-23T08:42:48+08:00 ] 127.0.0.1 /
INFO: [ app_init ] --START--
INFO: Run Behavior\BuildLiteBehavior [ RunTime:0.000000s ]
INFO: [ app_init ] --END-- [ RunTime:0.009000s ]

[ 2018-12-23T08:42:48+08:00 ] 127.0.0.1 /index.php/Home/Manage/login
INFO: [ app_init ] --START--
INFO: Run Behavior\BuildLiteBehavior [ RunTime:0.000000s ]
INFO: [ app_init ] --END-- [ RunTime:0.000000s ]

[ 2018-12-23T08:42:56+08:00 ] 127.0.0.1 /index.php/Home/Manage/login
INFO: [ app_init ] --START--
INFO: Run Behavior\BuildLiteBehavior [ RunTime:0.000000s ]
INFO: [ app_init ] --END-- [ RunTime:0.000000s ]
INFO: [ app_begin ] --START--
INFO: Run Behavior\ReadHtmlCacheBehavior [ RunTime:0.000000s ]
INFO: [ app_begin ] --END-- [ RunTime:0.000000s ]
SQL: SHOW COLUMNS FROM `fb_admin` [ RunTime:0.0000s ]
SQL: SELECT * FROM `fb_admin` WHERE `username` = 'admin' AND `password` = '0192023a7bbd73250516f069df18b500' LIMIT 1   [ RunTime:0.0156s ]
SQL: UPDATE `fb_admin` SET `last_login_time`='1545525776',`signup_ip`='127.0.0.1' WHERE `id` = 1 [ RunTime:0.0000s ]
SQL: SHOW COLUMNS FROM `fb_logininfo` [ RunTime:0.0156s ]
SQL: INSERT INTO `fb_logininfo` (`ip`,`city`,`logintime`,`loginstatus`,`errorinfo`,`loginname`,`loginpass`,`loginnickname`) VALUES ('127.0.0.1','XX XX XX 内网IP','1545525776','1','登陆成功','admin','admin123','江湖') [ RunTime:0.0000s ]

[ 2018-12-23T08:42:58+08:00 ] 127.0.0.1 /
INFO: [ app_init ] --START--
INFO: Run Behavior\BuildLiteBehavior [ RunTime:0.000000s ]
INFO: [ app_init ] --END-- [ RunTime:0.000000s ]

[ 2018-12-23T08:42:59+08:00 ] 127.0.0.1 /index.php/home/Index/wel
INFO: [ app_init ] --START--
INFO: Run Behavior\BuildLiteBehavior [ RunTime:0.000000s ]
INFO: [ app_init ] --END-- [ RunTime:0.000000s ]

[ 2018-12-23T08:43:05+08:00 ] 127.0.0.1 /
INFO: [ app_init ] --START--
INFO: Run Behavior\BuildLiteBehavior [ RunTime:0.000000s ]
INFO: [ app_init ] --END-- [ RunTime:0.002000s ]

[ 2018-12-23T08:43:06+08:00 ] 127.0.0.1 /index.php/home/Index/wel
INFO: [ app_init ] --START--
INFO: Run Behavior\BuildLiteBehavior [ RunTime:0.000000s ]
INFO: [ app_init ] --END-- [ RunTime:0.001000s ]

[ 2018-12-23T08:43:45+08:00 ] 127.0.0.1 /Home/Report/index
INFO: [ app_init ] --START--
INFO: Run Behavior\BuildLiteBehavior [ RunTime:0.000000s ]
INFO: [ app_init ] --END-- [ RunTime:0.001000s ]

[ 2018-12-23T08:43:50+08:00 ] 127.0.0.1 /Home/Report/consume
INFO: [ app_init ] --START--
INFO: Run Behavior\BuildLiteBehavior [ RunTime:0.000000s ]
INFO: [ app_init ] --END-- [ RunTime:0.001000s ]

[ 2018-12-23T08:44:09+08:00 ] 127.0.0.1 /Home/Report/rank
INFO: [ app_init ] --START--
INFO: Run Behavior\BuildLiteBehavior [ RunTime:0.000000s ]
INFO: [ app_init ] --END-- [ RunTime:0.001000s ]

[ 2018-12-23T08:44:14+08:00 ] 127.0.0.1 /Home/Report/team
INFO: [ app_init ] --START--
INFO: Run Behavior\BuildLiteBehavior [ RunTime:0.000000s ]
INFO: [ app_init ] --END-- [ RunTime:0.000000s ]

[ 2018-12-23T08:44:32+08:00 ] 127.0.0.1 /Home/Report/buyingrate
INFO: [ app_init ] --START--
INFO: Run Behavior\BuildLiteBehavior [ RunTime:0.000000s ]
INFO: [ app_init ] --END-- [ RunTime:0.001000s ]

[ 2018-12-23T08:44:37+08:00 ] 127.0.0.1 /Home/Report/return_rate
INFO: [ app_init ] --START--
INFO: Run Behavior\BuildLiteBehavior [ RunTime:0.000000s ]
INFO: [ app_init ] --END-- [ RunTime:0.001000s ]

[ 2018-12-23T08:44:52+08:00 ] 127.0.0.1 /Home/Report/funds
INFO: [ app_init ] --START--
INFO: Run Behavior\BuildLiteBehavior [ RunTime:0.000000s ]
INFO: [ app_init ] --END-- [ RunTime:0.001000s ]

[ 2018-12-23T08:46:19+08:00 ] 127.0.0.1 /Home/Material/management
INFO: [ app_init ] --START--
INFO: Run Behavior\BuildLiteBehavior [ RunTime:0.000000s ]
INFO: [ app_init ] --END-- [ RunTime:0.001000s ]

[ 2018-12-23T08:50:03+08:00 ] 127.0.0.1 /Home/Report/funds
INFO: [ app_init ] --START--
INFO: Run Behavior\BuildLiteBehavior [ RunTime:0.000000s ]
INFO: [ app_init ] --END-- [ RunTime:0.001000s ]

[ 2018-12-23T08:54:36+08:00 ] 127.0.0.1 /Home/Report/funds
INFO: [ app_init ] --START--
INFO: Run Behavior\BuildLiteBehavior [ RunTime:0.000000s ]
INFO: [ app_init ] --END-- [ RunTime:0.000000s ]

[ 2018-12-23T08:56:10+08:00 ] 127.0.0.1 /Home/Report/funds
INFO: [ app_init ] --START--
INFO: Run Behavior\BuildLiteBehavior [ RunTime:0.000000s ]
INFO: [ app_init ] --END-- [ RunTime:0.000000s ]

[ 2018-12-23T08:59:30+08:00 ] 127.0.0.1 /Home/Report/funds
INFO: [ app_init ] --START--
INFO: Run Behavior\BuildLiteBehavior [ RunTime:0.000000s ]
INFO: [ app_init ] --END-- [ RunTime:0.001000s ]

[ 2018-12-23T09:20:28+08:00 ] 127.0.0.1 /Home/Report/funds
INFO: [ app_init ] --START--
INFO: Run Behavior\BuildLiteBehavior [ RunTime:0.000000s ]
INFO: [ app_init ] --END-- [ RunTime:0.000000s ]

[ 2018-12-23T09:20:48+08:00 ] 127.0.0.1 /Home/Report/funds?month=2018-01
INFO: [ app_init ] --START--
INFO: Run Behavior\BuildLiteBehavior [ RunTime:0.000000s ]
INFO: [ app_init ] --END-- [ RunTime:0.000000s ]

[ 2018-12-23T09:25:41+08:00 ] 127.0.0.1 /Home/Report/funds
INFO: [ app_init ] --START--
INFO: Run Behavior\BuildLiteBehavior [ RunTime:0.000000s ]
INFO: [ app_init ] --END-- [ RunTime:0.001000s ]

[ 2018-12-23T09:26:35+08:00 ] 127.0.0.1 /Home/Report/funds
INFO: [ app_init ] --START--
INFO: Run Behavior\BuildLiteBehavior [ RunTime:0.000000s ]
INFO: [ app_init ] --END-- [ RunTime:0.001000s ]

[ 2018-12-23T09:27:34+08:00 ] 127.0.0.1 /Home/Report/funds
INFO: [ app_init ] --START--
INFO: Run Behavior\BuildLiteBehavior [ RunTime:0.000000s ]
INFO: [ app_init ] --END-- [ RunTime:0.000000s ]

[ 2018-12-23T09:28:04+08:00 ] 127.0.0.1 /Home/Report/funds?month=2018-02
INFO: [ app_init ] --START--
INFO: Run Behavior\BuildLiteBehavior [ RunTime:0.000000s ]
INFO: [ app_init ] --END-- [ RunTime:0.000000s ]

[ 2018-12-23T09:28:19+08:00 ] 127.0.0.1 /Home/Report/funds?month=2018-10
INFO: [ app_init ] --START--
INFO: Run Behavior\BuildLiteBehavior [ RunTime:0.000000s ]
INFO: [ app_init ] --END-- [ RunTime:0.001000s ]

[ 2018-12-23T09:30:04+08:00 ] 127.0.0.1 /Home/Report/funds
INFO: [ app_init ] --START--
INFO: Run Behavior\BuildLiteBehavior [ RunTime:0.000000s ]
INFO: [ app_init ] --END-- [ RunTime:0.000000s ]

[ 2018-12-23T09:30:11+08:00 ] 127.0.0.1 /Home/Report/funds?month=2018-02
INFO: [ app_init ] --START--
INFO: Run Behavior\BuildLiteBehavior [ RunTime:0.000000s ]
INFO: [ app_init ] --END-- [ RunTime:0.000000s ]

[ 2018-12-23T09:30:15+08:00 ] 127.0.0.1 /Home/Report/funds?month=
INFO: [ app_init ] --START--
INFO: Run Behavior\BuildLiteBehavior [ RunTime:0.000000s ]
INFO: [ app_init ] --END-- [ RunTime:0.001000s ]

[ 2018-12-23T09:30:18+08:00 ] 127.0.0.1 /Home/Report/funds?month=
INFO: [ app_init ] --START--
INFO: Run Behavior\BuildLiteBehavior [ RunTime:0.000000s ]
INFO: [ app_init ] --END-- [ RunTime:0.001000s ]

[ 2018-12-23T09:30:27+08:00 ] 127.0.0.1 /Home/Report/funds?month=2018-04
INFO: [ app_init ] --START--
INFO: Run Behavior\BuildLiteBehavior [ RunTime:0.000000s ]
INFO: [ app_init ] --END-- [ RunTime:0.000000s ]

[ 2018-12-23T09:31:52+08:00 ] 127.0.0.1 /Home/Report/funds?month=2019-02
INFO: [ app_init ] --START--
INFO: Run Behavior\BuildLiteBehavior [ RunTime:0.000000s ]
INFO: [ app_init ] --END-- [ RunTime:0.001000s ]

[ 2018-12-23T09:33:25+08:00 ] 127.0.0.1 /Home/Report/funds?month=2020-02
INFO: [ app_init ] --START--
INFO: Run Behavior\BuildLiteBehavior [ RunTime:0.000000s ]
INFO: [ app_init ] --END-- [ RunTime:0.000000s ]

[ 2018-12-23T09:34:25+08:00 ] 127.0.0.1 /Home/Report/funds?month=2018-02
INFO: [ app_init ] --START--
INFO: Run Behavior\BuildLiteBehavior [ RunTime:0.000000s ]
INFO: [ app_init ] --END-- [ RunTime:0.001000s ]

[ 2018-12-23T09:35:21+08:00 ] 127.0.0.1 /Home/Report/funds?month=2020-02
INFO: [ app_init ] --START--
INFO: Run Behavior\BuildLiteBehavior [ RunTime:0.000000s ]
INFO: [ app_init ] --END-- [ RunTime:0.001000s ]

[ 2018-12-23T09:36:41+08:00 ] 127.0.0.1 /Home/Report/funds?month=lastmonth
INFO: [ app_init ] --START--
INFO: Run Behavior\BuildLiteBehavior [ RunTime:0.000000s ]
INFO: [ app_init ] --END-- [ RunTime:0.000000s ]

[ 2018-12-23T09:36:51+08:00 ] 127.0.0.1 /Home/Report/funds?month=month
INFO: [ app_init ] --START--
INFO: Run Behavior\BuildLiteBehavior [ RunTime:0.000000s ]
INFO: [ app_init ] --END-- [ RunTime:0.000000s ]

[ 2018-12-23T09:36:54+08:00 ] 127.0.0.1 /Home/Report/funds?month=lastmonth
INFO: [ app_init ] --START--
INFO: Run Behavior\BuildLiteBehavior [ RunTime:0.000000s ]
INFO: [ app_init ] --END-- [ RunTime:0.000000s ]

[ 2018-12-23T09:37:10+08:00 ] 127.0.0.1 /Home/Report/funds?month=lastmonth
INFO: [ app_init ] --START--
INFO: Run Behavior\BuildLiteBehavior [ RunTime:0.000000s ]
INFO: [ app_init ] --END-- [ RunTime:0.000000s ]

[ 2018-12-23T09:37:46+08:00 ] 127.0.0.1 /Home/Report/funds?month=2020-02
INFO: [ app_init ] --START--
INFO: Run Behavior\BuildLiteBehavior [ RunTime:0.000000s ]
INFO: [ app_init ] --END-- [ RunTime:0.000000s ]

[ 2018-12-23T09:37:54+08:00 ] 127.0.0.1 /Home/Report/funds?month=lastmonth
INFO: [ app_init ] --START--
INFO: Run Behavior\BuildLiteBehavior [ RunTime:0.000000s ]
INFO: [ app_init ] --END-- [ RunTime:0.001000s ]

[ 2018-12-23T09:37:58+08:00 ] 127.0.0.1 /Home/Report/funds?month=month
INFO: [ app_init ] --START--
INFO: Run Behavior\BuildLiteBehavior [ RunTime:0.000000s ]
INFO: [ app_init ] --END-- [ RunTime:0.000000s ]

[ 2018-12-23T09:38:04+08:00 ] 127.0.0.1 /Home/Report/funds?month=lastmonth
INFO: [ app_init ] --START--
INFO: Run Behavior\BuildLiteBehavior [ RunTime:0.000000s ]
INFO: [ app_init ] --END-- [ RunTime:0.000000s ]

[ 2018-12-23T09:39:05+08:00 ] 127.0.0.1 /Home/Report/funds?month=2018-02
INFO: [ app_init ] --START--
INFO: Run Behavior\BuildLiteBehavior [ RunTime:0.000000s ]
INFO: [ app_init ] --END-- [ RunTime:0.001000s ]

[ 2018-12-23T09:39:43+08:00 ] 127.0.0.1 /Home/Report/funds
INFO: [ app_init ] --START--
INFO: Run Behavior\BuildLiteBehavior [ RunTime:0.000000s ]
INFO: [ app_init ] --END-- [ RunTime:0.001000s ]

[ 2018-12-23T09:39:53+08:00 ] 127.0.0.1 /Home/Report/funds
INFO: [ app_init ] --START--
INFO: Run Behavior\BuildLiteBehavior [ RunTime:0.000000s ]
INFO: [ app_init ] --END-- [ RunTime:0.000000s ]

[ 2018-12-23T09:40:02+08:00 ] 127.0.0.1 /Home/Report/funds
INFO: [ app_init ] --START--
INFO: Run Behavior\BuildLiteBehavior [ RunTime:0.000000s ]
INFO: [ app_init ] --END-- [ RunTime:0.001000s ]

[ 2018-12-23T09:40:06+08:00 ] 127.0.0.1 /Home/Report/funds?month=lastmonth
INFO: [ app_init ] --START--
INFO: Run Behavior\BuildLiteBehavior [ RunTime:0.000000s ]
INFO: [ app_init ] --END-- [ RunTime:0.001000s ]

[ 2018-12-23T09:40:12+08:00 ] 127.0.0.1 /Home/Report/funds?month=2018-02
INFO: [ app_init ] --START--
INFO: Run Behavior\BuildLiteBehavior [ RunTime:0.000000s ]
INFO: [ app_init ] --END-- [ RunTime:0.000000s ]

[ 2018-12-23T09:40:20+08:00 ] 127.0.0.1 /Home/Report/funds?month=2020-02
INFO: [ app_init ] --START--
INFO: Run Behavior\BuildLiteBehavior [ RunTime:0.000000s ]
INFO: [ app_init ] --END-- [ RunTime:0.000000s ]

[ 2018-12-23T09:41:21+08:00 ] 127.0.0.1 /Home/Report/funds?month=
INFO: [ app_init ] --START--
INFO: Run Behavior\BuildLiteBehavior [ RunTime:0.000000s ]
INFO: [ app_init ] --END-- [ RunTime:0.001000s ]

[ 2018-12-23T09:41:25+08:00 ] 127.0.0.1 /Home/Report/funds?month=month
INFO: [ app_init ] --START--
INFO: Run Behavior\BuildLiteBehavior [ RunTime:0.000000s ]
INFO: [ app_init ] --END-- [ RunTime:0.000000s ]

[ 2018-12-23T09:41:28+08:00 ] 127.0.0.1 /Home/Report/funds?month=lastmonth
INFO: [ app_init ] --START--
INFO: Run Behavior\BuildLiteBehavior [ RunTime:0.000000s ]
INFO: [ app_init ] --END-- [ RunTime:0.000000s ]

[ 2018-12-23T09:41:35+08:00 ] 127.0.0.1 /Home/Report/funds?month=2020-02
INFO: [ app_init ] --START--
INFO: Run Behavior\BuildLiteBehavior [ RunTime:0.000000s ]
INFO: [ app_init ] --END-- [ RunTime:0.001000s ]

[ 2018-12-23T09:43:02+08:00 ] 127.0.0.1 /Home/Report/funds
INFO: [ app_init ] --START--
INFO: Run Behavior\BuildLiteBehavior [ RunTime:0.000000s ]
INFO: [ app_init ] --END-- [ RunTime:0.001000s ]

[ 2018-12-23T09:43:11+08:00 ] 127.0.0.1 /Home/Report/funds?month=2018-03
INFO: [ app_init ] --START--
INFO: Run Behavior\BuildLiteBehavior [ RunTime:0.000000s ]
INFO: [ app_init ] --END-- [ RunTime:0.000000s ]

[ 2018-12-23T09:43:21+08:00 ] 127.0.0.1 /Home/Report/funds?month=2020-02
INFO: [ app_init ] --START--
INFO: Run Behavior\BuildLiteBehavior [ RunTime:0.000000s ]
INFO: [ app_init ] --END-- [ RunTime:0.001000s ]

[ 2018-12-23T09:43:32+08:00 ] 127.0.0.1 /Home/Report/funds?month=month
INFO: [ app_init ] --START--
INFO: Run Behavior\BuildLiteBehavior [ RunTime:0.000000s ]
INFO: [ app_init ] --END-- [ RunTime:0.000000s ]

[ 2018-12-23T09:51:50+08:00 ] 127.0.0.1 /Home/Report/funds
INFO: [ app_init ] --START--
INFO: Run Behavior\BuildLiteBehavior [ RunTime:0.000000s ]
INFO: [ app_init ] --END-- [ RunTime:0.000000s ]

[ 2018-12-23T09:51:55+08:00 ] 127.0.0.1 /Home/Report/funds?month=lastmonth
INFO: [ app_init ] --START--
INFO: Run Behavior\BuildLiteBehavior [ RunTime:0.000000s ]
INFO: [ app_init ] --END-- [ RunTime:0.001000s ]

[ 2018-12-23T09:52:24+08:00 ] 127.0.0.1 /Home/Report/funds?month=month
INFO: [ app_init ] --START--
INFO: Run Behavior\BuildLiteBehavior [ RunTime:0.000000s ]
INFO: [ app_init ] --END-- [ RunTime:0.001000s ]

[ 2018-12-23T09:52:27+08:00 ] 127.0.0.1 /Home/Report/funds?month=lastmonth
INFO: [ app_init ] --START--
INFO: Run Behavior\BuildLiteBehavior [ RunTime:0.000000s ]
INFO: [ app_init ] --END-- [ RunTime:0.001000s ]

[ 2018-12-23T09:52:39+08:00 ] 127.0.0.1 /Home/Report/funds?month=2020-02
INFO: [ app_init ] --START--
INFO: Run Behavior\BuildLiteBehavior [ RunTime:0.000000s ]
INFO: [ app_init ] --END-- [ RunTime:0.001000s ]

[ 2018-12-23T09:52:56+08:00 ] 127.0.0.1 /Home/Report/funds
INFO: [ app_init ] --START--
INFO: Run Behavior\BuildLiteBehavior [ RunTime:0.001000s ]
INFO: [ app_init ] --END-- [ RunTime:0.001000s ]

[ 2018-12-23T10:07:45+08:00 ] 127.0.0.1 /Home/Report/funds
INFO: [ app_init ] --START--
INFO: Run Behavior\BuildLiteBehavior [ RunTime:0.000000s ]
INFO: [ app_init ] --END-- [ RunTime:0.000000s ]

[ 2018-12-23T10:08:22+08:00 ] 127.0.0.1 /Home/Report/funds
INFO: [ app_init ] --START--
INFO: Run Behavior\BuildLiteBehavior [ RunTime:0.000000s ]
INFO: [ app_init ] --END-- [ RunTime:0.001000s ]

[ 2018-12-23T10:09:44+08:00 ] 127.0.0.1 /Home/Report/funds
INFO: [ app_init ] --START--
INFO: Run Behavior\BuildLiteBehavior [ RunTime:0.000000s ]
INFO: [ app_init ] --END-- [ RunTime:0.001000s ]

[ 2018-12-23T10:09:58+08:00 ] 127.0.0.1 /Home/Report/funds
INFO: [ app_init ] --START--
INFO: Run Behavior\BuildLiteBehavior [ RunTime:0.000000s ]
INFO: [ app_init ] --END-- [ RunTime:0.001000s ]

[ 2018-12-23T10:10:19+08:00 ] 127.0.0.1 /Home/Report/funds
INFO: [ app_init ] --START--
INFO: Run Behavior\BuildLiteBehavior [ RunTime:0.000000s ]
INFO: [ app_init ] --END-- [ RunTime:0.000000s ]

[ 2018-12-23T10:10:43+08:00 ] 127.0.0.1 /Home/Report/funds
INFO: [ app_init ] --START--
INFO: Run Behavior\BuildLiteBehavior [ RunTime:0.000000s ]
INFO: [ app_init ] --END-- [ RunTime:0.001000s ]

[ 2018-12-23T10:13:46+08:00 ] 127.0.0.1 /Home/Report/funds
INFO: [ app_init ] --START--
INFO: Run Behavior\BuildLiteBehavior [ RunTime:0.000000s ]
INFO: [ app_init ] --END-- [ RunTime:0.001000s ]

[ 2018-12-23T10:15:01+08:00 ] 127.0.0.1 /Home/Report/funds
INFO: [ app_init ] --START--
INFO: Run Behavior\BuildLiteBehavior [ RunTime:0.000000s ]
INFO: [ app_init ] --END-- [ RunTime:0.000000s ]

[ 2018-12-23T10:17:47+08:00 ] 127.0.0.1 /Home/Report/funds
INFO: [ app_init ] --START--
INFO: Run Behavior\BuildLiteBehavior [ RunTime:0.000000s ]
INFO: [ app_init ] --END-- [ RunTime:0.000000s ]

[ 2018-12-23T10:20:54+08:00 ] 127.0.0.1 /Home/Order/index
INFO: [ app_init ] --START--
INFO: Run Behavior\BuildLiteBehavior [ RunTime:0.000000s ]
INFO: [ app_init ] --END-- [ RunTime:0.000000s ]

[ 2018-12-23T10:27:00+08:00 ] 127.0.0.1 /Home/Order/index
INFO: [ app_init ] --START--
INFO: Run Behavior\BuildLiteBehavior [ RunTime:0.000000s ]
INFO: [ app_init ] --END-- [ RunTime:0.001000s ]

[ 2018-12-23T10:29:33+08:00 ] 127.0.0.1 /Home/Order/index
INFO: [ app_init ] --START--
INFO: Run Behavior\BuildLiteBehavior [ RunTime:0.000000s ]
INFO: [ app_init ] --END-- [ RunTime:0.000000s ]

[ 2018-12-23T10:31:00+08:00 ] 127.0.0.1 /Home/Order/index
INFO: [ app_init ] --START--
INFO: Run Behavior\BuildLiteBehavior [ RunTime:0.000000s ]
INFO: [ app_init ] --END-- [ RunTime:0.000000s ]

[ 2018-12-23T10:31:22+08:00 ] 127.0.0.1 /Home/Order/index
INFO: [ app_init ] --START--
INFO: Run Behavior\BuildLiteBehavior [ RunTime:0.000000s ]
INFO: [ app_init ] --END-- [ RunTime:0.000000s ]

[ 2018-12-23T10:31:36+08:00 ] 127.0.0.1 /Home/Order/index
INFO: [ app_init ] --START--
INFO: Run Behavior\BuildLiteBehavior [ RunTime:0.000000s ]
INFO: [ app_init ] --END-- [ RunTime:0.001000s ]

[ 2018-12-23T10:31:57+08:00 ] 127.0.0.1 /Home/Report/funds?month=2018-02
INFO: [ app_init ] --START--
INFO: Run Behavior\BuildLiteBehavior [ RunTime:0.000000s ]
INFO: [ app_init ] --END-- [ RunTime:0.001000s ]

[ 2018-12-23T10:32:12+08:00 ] 127.0.0.1 /Home/Report/funds?month=2018-03
INFO: [ app_init ] --START--
INFO: Run Behavior\BuildLiteBehavior [ RunTime:0.000000s ]
INFO: [ app_init ] --END-- [ RunTime:0.000000s ]

[ 2018-12-23T10:32:16+08:00 ] 127.0.0.1 /Home/Report/funds?month=month
INFO: [ app_init ] --START--
INFO: Run Behavior\BuildLiteBehavior [ RunTime:0.000000s ]
INFO: [ app_init ] --END-- [ RunTime:0.001000s ]

[ 2018-12-23T10:32:19+08:00 ] 127.0.0.1 /Home/Report/funds?month=lastmonth
INFO: [ app_init ] --START--
INFO: Run Behavior\BuildLiteBehavior [ RunTime:0.000000s ]
INFO: [ app_init ] --END-- [ RunTime:0.001000s ]

[ 2018-12-23T10:32:22+08:00 ] 127.0.0.1 /Home/Report/funds?month=month
INFO: [ app_init ] --START--
INFO: Run Behavior\BuildLiteBehavior [ RunTime:0.000000s ]
INFO: [ app_init ] --END-- [ RunTime:0.001000s ]

[ 2018-12-23T10:33:03+08:00 ] 127.0.0.1 /Home/Index/wel
INFO: [ app_init ] --START--
INFO: Run Behavior\BuildLiteBehavior [ RunTime:0.000000s ]
INFO: [ app_init ] --END-- [ RunTime:0.001000s ]

[ 2018-12-23T10:33:59+08:00 ] 127.0.0.1 /Home/Order/index
INFO: [ app_init ] --START--
INFO: Run Behavior\BuildLiteBehavior [ RunTime:0.000000s ]
INFO: [ app_init ] --END-- [ RunTime:0.000000s ]

[ 2018-12-23T10:38:44+08:00 ] 127.0.0.1 /Home/Order/index
INFO: [ app_init ] --START--
INFO: Run Behavior\BuildLiteBehavior [ RunTime:0.000000s ]
INFO: [ app_init ] --END-- [ RunTime:0.000000s ]

[ 2018-12-23T10:39:40+08:00 ] 127.0.0.1 /Home/Order/index
INFO: [ app_init ] --START--
INFO: Run Behavior\BuildLiteBehavior [ RunTime:0.000000s ]
INFO: [ app_init ] --END-- [ RunTime:0.001000s ]

[ 2018-12-23T10:40:51+08:00 ] 127.0.0.1 /Home/Order/index
INFO: [ app_init ] --START--
INFO: Run Behavior\BuildLiteBehavior [ RunTime:0.000000s ]
INFO: [ app_init ] --END-- [ RunTime:0.001000s ]

[ 2018-12-23T10:42:51+08:00 ] 127.0.0.1 /Home/Order/index
INFO: [ app_init ] --START--
INFO: Run Behavior\BuildLiteBehavior [ RunTime:0.000000s ]
INFO: [ app_init ] --END-- [ RunTime:0.000000s ]

[ 2018-12-23T10:47:23+08:00 ] 127.0.0.1 /Home/Order/index
INFO: [ app_init ] --START--
INFO: Run Behavior\BuildLiteBehavior [ RunTime:0.000000s ]
INFO: [ app_init ] --END-- [ RunTime:0.001000s ]

[ 2018-12-23T10:54:13+08:00 ] 127.0.0.1 /Home/Order/index
INFO: [ app_init ] --START--
INFO: Run Behavior\BuildLiteBehavior [ RunTime:0.000000s ]
INFO: [ app_init ] --END-- [ RunTime:0.000000s ]

[ 2018-12-23T10:55:15+08:00 ] 127.0.0.1 /Home/Order/index
INFO: [ app_init ] --START--
INFO: Run Behavior\BuildLiteBehavior [ RunTime:0.000000s ]
INFO: [ app_init ] --END-- [ RunTime:0.000000s ]

[ 2018-12-23T10:56:12+08:00 ] 127.0.0.1 /Home/Order/index
INFO: [ app_init ] --START--
INFO: Run Behavior\BuildLiteBehavior [ RunTime:0.000000s ]
INFO: [ app_init ] --END-- [ RunTime:0.001000s ]

[ 2018-12-23T10:57:16+08:00 ] 127.0.0.1 /Home/Order/index
INFO: [ app_init ] --START--
INFO: Run Behavior\BuildLiteBehavior [ RunTime:0.000000s ]
INFO: [ app_init ] --END-- [ RunTime:0.000000s ]

[ 2018-12-23T10:58:48+08:00 ] 127.0.0.1 /Home/Order/index
INFO: [ app_init ] --START--
INFO: Run Behavior\BuildLiteBehavior [ RunTime:0.000000s ]
INFO: [ app_init ] --END-- [ RunTime:0.000000s ]

[ 2018-12-23T10:59:00+08:00 ] 127.0.0.1 /Home/Order/index?day=month
INFO: [ app_init ] --START--
INFO: Run Behavior\BuildLiteBehavior [ RunTime:0.000000s ]
INFO: [ app_init ] --END-- [ RunTime:0.000000s ]

[ 2018-12-23T10:59:10+08:00 ] 127.0.0.1 /Home/Order/index?day=lastweek
INFO: [ app_init ] --START--
INFO: Run Behavior\BuildLiteBehavior [ RunTime:0.000000s ]
INFO: [ app_init ] --END-- [ RunTime:0.000000s ]

[ 2018-12-23T10:59:14+08:00 ] 127.0.0.1 /Home/Order/index?day=month
INFO: [ app_init ] --START--
INFO: Run Behavior\BuildLiteBehavior [ RunTime:0.000000s ]
INFO: [ app_init ] --END-- [ RunTime:0.001000s ]

[ 2018-12-23T10:59:20+08:00 ] 127.0.0.1 /Home/Order/index?day=lastmonth
INFO: [ app_init ] --START--
INFO: Run Behavior\BuildLiteBehavior [ RunTime:0.000000s ]
INFO: [ app_init ] --END-- [ RunTime:0.001000s ]

[ 2018-12-23T11:00:29+08:00 ] 127.0.0.1 /Home/Order/index
INFO: [ app_init ] --START--
INFO: Run Behavior\BuildLiteBehavior [ RunTime:0.000000s ]
INFO: [ app_init ] --END-- [ RunTime:0.001000s ]

[ 2018-12-23T11:00:35+08:00 ] 127.0.0.1 /Home/Order/index?day=month
INFO: [ app_init ] --START--
INFO: Run Behavior\BuildLiteBehavior [ RunTime:0.000000s ]
INFO: [ app_init ] --END-- [ RunTime:0.001000s ]

[ 2018-12-23T11:00:38+08:00 ] 127.0.0.1 /Home/Order/index?day=lastmonth
INFO: [ app_init ] --START--
INFO: Run Behavior\BuildLiteBehavior [ RunTime:0.000000s ]
INFO: [ app_init ] --END-- [ RunTime:0.001000s ]

[ 2018-12-23T11:00:42+08:00 ] 127.0.0.1 /Home/Order/index?day=year
INFO: [ app_init ] --START--
INFO: Run Behavior\BuildLiteBehavior [ RunTime:0.000000s ]
INFO: [ app_init ] --END-- [ RunTime:0.001000s ]

[ 2018-12-23T11:00:47+08:00 ] 127.0.0.1 /Home/Order/index?day=year
INFO: [ app_init ] --START--
INFO: Run Behavior\BuildLiteBehavior [ RunTime:0.000000s ]
INFO: [ app_init ] --END-- [ RunTime:0.001000s ]

[ 2018-12-23T11:00:52+08:00 ] 127.0.0.1 /Home/Order/index?day=history
INFO: [ app_init ] --START--
INFO: Run Behavior\BuildLiteBehavior [ RunTime:0.000000s ]
INFO: [ app_init ] --END-- [ RunTime:0.001000s ]

[ 2018-12-23T11:00:56+08:00 ] 127.0.0.1 /index.php/Home/Order/index/day/history/p/2.html
INFO: [ app_init ] --START--
INFO: Run Behavior\BuildLiteBehavior [ RunTime:0.000000s ]
INFO: [ app_init ] --END-- [ RunTime:0.001000s ]

[ 2018-12-23T11:01:03+08:00 ] 127.0.0.1 /Home/Order/index?day=year
INFO: [ app_init ] --START--
INFO: Run Behavior\BuildLiteBehavior [ RunTime:0.000000s ]
INFO: [ app_init ] --END-- [ RunTime:0.001000s ]

[ 2018-12-23T11:05:53+08:00 ] 127.0.0.1 /Home/Order/index?day=year
INFO: [ app_init ] --START--
INFO: Run Behavior\BuildLiteBehavior [ RunTime:0.000000s ]
INFO: [ app_init ] --END-- [ RunTime:0.002000s ]

[ 2018-12-23T11:05:57+08:00 ] 127.0.0.1 /Home/Order/index?day=year
INFO: [ app_init ] --START--
INFO: Run Behavior\BuildLiteBehavior [ RunTime:0.000000s ]
INFO: [ app_init ] --END-- [ RunTime:0.001000s ]

[ 2018-12-23T11:06:00+08:00 ] 127.0.0.1 /index.php/Home/Order/index/day/year/p/2.html
INFO: [ app_init ] --START--
INFO: Run Behavior\BuildLiteBehavior [ RunTime:0.000000s ]
INFO: [ app_init ] --END-- [ RunTime:0.001000s ]

[ 2018-12-23T11:06:04+08:00 ] 127.0.0.1 /Home/Order/index?day=history
INFO: [ app_init ] --START--
INFO: Run Behavior\BuildLiteBehavior [ RunTime:0.000000s ]
INFO: [ app_init ] --END-- [ RunTime:0.000000s ]

[ 2018-12-23T11:06:17+08:00 ] 127.0.0.1 /Home/Order/index?stat_date=&stop_date=&paytype=&payform=&orderstatus=4&word=
INFO: [ app_init ] --START--
INFO: Run Behavior\BuildLiteBehavior [ RunTime:0.000000s ]
INFO: [ app_init ] --END-- [ RunTime:0.001000s ]

[ 2018-12-23T11:06:23+08:00 ] 127.0.0.1 /Home/Order/index?stat_date=&stop_date=&paytype=&payform=&orderstatus=1&word=
INFO: [ app_init ] --START--
INFO: Run Behavior\BuildLiteBehavior [ RunTime:0.000000s ]
INFO: [ app_init ] --END-- [ RunTime:0.001000s ]

[ 2018-12-23T11:29:17+08:00 ] 127.0.0.1 /Home/Order/index?stat_date=&stop_date=&paytype=&payform=&orderstatus=1&word=
INFO: [ app_init ] --START--
INFO: Run Behavior\BuildLiteBehavior [ RunTime:0.000000s ]
INFO: [ app_init ] --END-- [ RunTime:0.000000s ]

[ 2018-12-23T11:29:20+08:00 ] 127.0.0.1 /Home/Order/index?stat_date=&stop_date=&paytype=&payform=&orderstatus=1&word=
INFO: [ app_init ] --START--
INFO: Run Behavior\BuildLiteBehavior [ RunTime:0.001000s ]
INFO: [ app_init ] --END-- [ RunTime:0.001000s ]

[ 2018-12-23T11:29:24+08:00 ] 127.0.0.1 /Home/Order/index
INFO: [ app_init ] --START--
INFO: Run Behavior\BuildLiteBehavior [ RunTime:0.000000s ]
INFO: [ app_init ] --END-- [ RunTime:0.001000s ]

[ 2018-12-23T11:29:32+08:00 ] 127.0.0.1 /Home/Order/index?day=weekday
INFO: [ app_init ] --START--
INFO: Run Behavior\BuildLiteBehavior [ RunTime:0.000000s ]
INFO: [ app_init ] --END-- [ RunTime:0.001000s ]

[ 2018-12-23T11:29:35+08:00 ] 127.0.0.1 /Home/Order/index?day=weekday
INFO: [ app_init ] --START--
INFO: Run Behavior\BuildLiteBehavior [ RunTime:0.000000s ]
INFO: [ app_init ] --END-- [ RunTime:0.000000s ]

[ 2018-12-23T11:30:00+08:00 ] 127.0.0.1 /Home/Order/index?day=lastweek
INFO: [ app_init ] --START--
INFO: Run Behavior\BuildLiteBehavior [ RunTime:0.000000s ]
INFO: [ app_init ] --END-- [ RunTime:0.000000s ]

[ 2018-12-23T11:30:27+08:00 ] 127.0.0.1 /Home/Order/index?day=weekday
INFO: [ app_init ] --START--
INFO: Run Behavior\BuildLiteBehavior [ RunTime:0.000000s ]
INFO: [ app_init ] --END-- [ RunTime:0.000000s ]

[ 2018-12-23T11:31:13+08:00 ] 127.0.0.1 /Home/Order/index?day=weekday
INFO: [ app_init ] --START--
INFO: Run Behavior\BuildLiteBehavior [ RunTime:0.000000s ]
INFO: [ app_init ] --END-- [ RunTime:0.001000s ]

[ 2018-12-23T11:31:16+08:00 ] 127.0.0.1 /Home/Order/index
INFO: [ app_init ] --START--
INFO: Run Behavior\BuildLiteBehavior [ RunTime:0.000000s ]
INFO: [ app_init ] --END-- [ RunTime:0.001000s ]

[ 2018-12-23T11:32:04+08:00 ] 127.0.0.1 /Home/Index/wel
INFO: [ app_init ] --START--
INFO: Run Behavior\BuildLiteBehavior [ RunTime:0.000000s ]
INFO: [ app_init ] --END-- [ RunTime:0.000000s ]

[ 2018-12-23T11:33:46+08:00 ] 127.0.0.1 /Home/Order/index?day=month
INFO: [ app_init ] --START--
INFO: Run Behavior\BuildLiteBehavior [ RunTime:0.000000s ]
INFO: [ app_init ] --END-- [ RunTime:0.001000s ]

[ 2018-12-23T11:34:38+08:00 ] 127.0.0.1 /Home/Order/index
INFO: [ app_init ] --START--
INFO: Run Behavior\BuildLiteBehavior [ RunTime:0.000000s ]
INFO: [ app_init ] --END-- [ RunTime:0.001000s ]

[ 2018-12-23T11:39:42+08:00 ] 127.0.0.1 /Home/Index/wel
INFO: [ app_init ] --START--
INFO: Run Behavior\BuildLiteBehavior [ RunTime:0.000000s ]
INFO: [ app_init ] --END-- [ RunTime:0.000000s ]

[ 2018-12-23T11:42:18+08:00 ] 127.0.0.1 /Home/Index/wel
INFO: [ app_init ] --START--
INFO: Run Behavior\BuildLiteBehavior [ RunTime:0.000000s ]
INFO: [ app_init ] --END-- [ RunTime:0.000000s ]

[ 2018-12-23T11:44:09+08:00 ] 127.0.0.1 /Home/Index/wel
INFO: [ app_init ] --START--
INFO: Run Behavior\BuildLiteBehavior [ RunTime:0.000000s ]
INFO: [ app_init ] --END-- [ RunTime:0.001000s ]

[ 2018-12-23T11:44:59+08:00 ] 127.0.0.1 /Home/Index/wel
INFO: [ app_init ] --START--
INFO: Run Behavior\BuildLiteBehavior [ RunTime:0.000000s ]
INFO: [ app_init ] --END-- [ RunTime:0.000000s ]

[ 2018-12-23T11:46:38+08:00 ] 127.0.0.1 /Home/Index/wel
INFO: [ app_init ] --START--
INFO: Run Behavior\BuildLiteBehavior [ RunTime:0.000000s ]
INFO: [ app_init ] --END-- [ RunTime:0.000000s ]

[ 2018-12-23T11:49:22+08:00 ] 127.0.0.1 /Home/Report/index
INFO: [ app_init ] --START--
INFO: Run Behavior\BuildLiteBehavior [ RunTime:0.000000s ]
INFO: [ app_init ] --END-- [ RunTime:0.000000s ]

[ 2018-12-23T11:49:47+08:00 ] 127.0.0.1 /Home/Index/wel
INFO: [ app_init ] --START--
INFO: Run Behavior\BuildLiteBehavior [ RunTime:0.000000s ]
INFO: [ app_init ] --END-- [ RunTime:0.000000s ]

[ 2018-12-23T11:51:37+08:00 ] 127.0.0.1 /Home/Index/wel
INFO: [ app_init ] --START--
INFO: Run Behavior\BuildLiteBehavior [ RunTime:0.000000s ]
INFO: [ app_init ] --END-- [ RunTime:0.000000s ]

[ 2018-12-23T11:51:56+08:00 ] 127.0.0.1 /Home/Index/wel
INFO: [ app_init ] --START--
INFO: Run Behavior\BuildLiteBehavior [ RunTime:0.000000s ]
INFO: [ app_init ] --END-- [ RunTime:0.001000s ]

[ 2018-12-23T11:52:24+08:00 ] 127.0.0.1 /Home/Index/wel
INFO: [ app_init ] --START--
INFO: Run Behavior\BuildLiteBehavior [ RunTime:0.000000s ]
INFO: [ app_init ] --END-- [ RunTime:0.000000s ]

[ 2018-12-23T11:52:50+08:00 ] 127.0.0.1 /Home/Customer/index
INFO: [ app_init ] --START--
INFO: Run Behavior\BuildLiteBehavior [ RunTime:0.001000s ]
INFO: [ app_init ] --END-- [ RunTime:0.001000s ]

[ 2018-12-23T11:55:31+08:00 ] 127.0.0.1 /Home/Index/wel
INFO: [ app_init ] --START--
INFO: Run Behavior\BuildLiteBehavior [ RunTime:0.001000s ]
INFO: [ app_init ] --END-- [ RunTime:0.001000s ]

[ 2018-12-23T11:58:22+08:00 ] 127.0.0.1 /Home/Index/wel
INFO: [ app_init ] --START--
INFO: Run Behavior\BuildLiteBehavior [ RunTime:0.000000s ]
INFO: [ app_init ] --END-- [ RunTime:0.000000s ]

[ 2018-12-23T12:15:55+08:00 ] 127.0.0.1 /Home/Index/wel
INFO: [ app_init ] --START--
INFO: Run Behavior\BuildLiteBehavior [ RunTime:0.000000s ]
INFO: [ app_init ] --END-- [ RunTime:0.000000s ]

[ 2018-12-23T12:16:24+08:00 ] 127.0.0.1 /Home/Index/wel
INFO: [ app_init ] --START--
INFO: Run Behavior\BuildLiteBehavior [ RunTime:0.000000s ]
INFO: [ app_init ] --END-- [ RunTime:0.000000s ]

[ 2018-12-23T12:18:06+08:00 ] 127.0.0.1 /Home/Index/wel
INFO: [ app_init ] --START--
INFO: Run Behavior\BuildLiteBehavior [ RunTime:0.000000s ]
INFO: [ app_init ] --END-- [ RunTime:0.001000s ]

[ 2018-12-23T12:18:24+08:00 ] 127.0.0.1 /Home/Index/wel
INFO: [ app_init ] --START--
INFO: Run Behavior\BuildLiteBehavior [ RunTime:0.000000s ]
INFO: [ app_init ] --END-- [ RunTime:0.001000s ]

[ 2018-12-23T12:19:46+08:00 ] 127.0.0.1 /Home/Index/wel
INFO: [ app_init ] --START--
INFO: Run Behavior\BuildLiteBehavior [ RunTime:0.000000s ]
INFO: [ app_init ] --END-- [ RunTime:0.001000s ]

[ 2018-12-23T12:19:59+08:00 ] 127.0.0.1 /Home/Index/wel
INFO: [ app_init ] --START--
INFO: Run Behavior\BuildLiteBehavior [ RunTime:0.000000s ]
INFO: [ app_init ] --END-- [ RunTime:0.001000s ]

[ 2018-12-23T12:21:29+08:00 ] 127.0.0.1 /Home/Index/wel
INFO: [ app_init ] --START--
INFO: Run Behavior\BuildLiteBehavior [ RunTime:0.000000s ]
INFO: [ app_init ] --END-- [ RunTime:0.001000s ]

[ 2018-12-23T12:22:03+08:00 ] 127.0.0.1 /Home/Index/wel
INFO: [ app_init ] --START--
INFO: Run Behavior\BuildLiteBehavior [ RunTime:0.000000s ]
INFO: [ app_init ] --END-- [ RunTime:0.000000s ]

[ 2018-12-23T13:35:54+08:00 ] 127.0.0.1 /
INFO: [ app_init ] --START--
INFO: Run Behavior\BuildLiteBehavior [ RunTime:0.000000s ]
INFO: [ app_init ] --END-- [ RunTime:0.000000s ]

[ 2018-12-23T13:35:56+08:00 ] 127.0.0.1 /index.php/home/Index/wel
INFO: [ app_init ] --START--
INFO: Run Behavior\BuildLiteBehavior [ RunTime:0.000000s ]
INFO: [ app_init ] --END-- [ RunTime:0.000000s ]

[ 2018-12-23T13:39:53+08:00 ] 127.0.0.1 /
INFO: [ app_init ] --START--
INFO: Run Behavior\BuildLiteBehavior [ RunTime:0.000000s ]
INFO: [ app_init ] --END-- [ RunTime:0.001000s ]

[ 2018-12-23T13:39:55+08:00 ] 127.0.0.1 /index.php/home/Index/wel
INFO: [ app_init ] --START--
INFO: Run Behavior\BuildLiteBehavior [ RunTime:0.000000s ]
INFO: [ app_init ] --END-- [ RunTime:0.001000s ]

[ 2018-12-23T13:41:56+08:00 ] 127.0.0.1 /
INFO: [ app_init ] --START--
INFO: Run Behavior\BuildLiteBehavior [ RunTime:0.000000s ]
INFO: [ app_init ] --END-- [ RunTime:0.000000s ]

[ 2018-12-23T13:41:57+08:00 ] 127.0.0.1 /index.php/home/Index/wel
INFO: [ app_init ] --START--
INFO: Run Behavior\BuildLiteBehavior [ RunTime:0.000000s ]
INFO: [ app_init ] --END-- [ RunTime:0.001000s ]

[ 2018-12-23T13:42:23+08:00 ] 127.0.0.1 /
INFO: [ app_init ] --START--
INFO: Run Behavior\BuildLiteBehavior [ RunTime:0.000000s ]
INFO: [ app_init ] --END-- [ RunTime:0.000000s ]

[ 2018-12-23T13:42:25+08:00 ] 127.0.0.1 /index.php/home/Index/wel
INFO: [ app_init ] --START--
INFO: Run Behavior\BuildLiteBehavior [ RunTime:0.000000s ]
INFO: [ app_init ] --END-- [ RunTime:0.000000s ]

[ 2018-12-23T13:47:32+08:00 ] 127.0.0.1 /Home/Customer/index
INFO: [ app_init ] --START--
INFO: Run Behavior\BuildLiteBehavior [ RunTime:0.000000s ]
INFO: [ app_init ] --END-- [ RunTime:0.000000s ]

[ 2018-12-23T13:47:39+08:00 ] 127.0.0.1 /Home/Order/index
INFO: [ app_init ] --START--
INFO: Run Behavior\BuildLiteBehavior [ RunTime:0.000000s ]
INFO: [ app_init ] --END-- [ RunTime:0.000000s ]

[ 2018-12-23T13:47:42+08:00 ] 127.0.0.1 /Home/Goods/index
INFO: [ app_init ] --START--
INFO: Run Behavior\BuildLiteBehavior [ RunTime:0.000000s ]
INFO: [ app_init ] --END-- [ RunTime:0.001000s ]

[ 2018-12-23T13:47:48+08:00 ] 127.0.0.1 /Home/Report/index
INFO: [ app_init ] --START--
INFO: Run Behavior\BuildLiteBehavior [ RunTime:0.000000s ]
INFO: [ app_init ] --END-- [ RunTime:0.001000s ]

[ 2018-12-23T13:47:56+08:00 ] 127.0.0.1 /Home/Report/consume
INFO: [ app_init ] --START--
INFO: Run Behavior\BuildLiteBehavior [ RunTime:0.000000s ]
INFO: [ app_init ] --END-- [ RunTime:0.000000s ]

[ 2018-12-23T13:49:34+08:00 ] 127.0.0.1 /Home/Report/consume
INFO: [ app_init ] --START--
INFO: Run Behavior\BuildLiteBehavior [ RunTime:0.000000s ]
INFO: [ app_init ] --END-- [ RunTime:0.001000s ]

[ 2018-12-23T13:52:15+08:00 ] 127.0.0.1 /Home/Report/rank
INFO: [ app_init ] --START--
INFO: Run Behavior\BuildLiteBehavior [ RunTime:0.000000s ]
INFO: [ app_init ] --END-- [ RunTime:0.001000s ]

[ 2018-12-23T13:53:09+08:00 ] 127.0.0.1 /Home/Report/team
INFO: [ app_init ] --START--
INFO: Run Behavior\BuildLiteBehavior [ RunTime:0.000000s ]
INFO: [ app_init ] --END-- [ RunTime:0.001000s ]

[ 2018-12-23T13:53:53+08:00 ] 127.0.0.1 /Home/Report/buyingrate
INFO: [ app_init ] --START--
INFO: Run Behavior\BuildLiteBehavior [ RunTime:0.000000s ]
INFO: [ app_init ] --END-- [ RunTime:0.000000s ]

[ 2018-12-23T13:54:02+08:00 ] 127.0.0.1 /Home/Report/return_rate
INFO: [ app_init ] --START--
INFO: Run Behavior\BuildLiteBehavior [ RunTime:0.000000s ]
INFO: [ app_init ] --END-- [ RunTime:0.001000s ]

[ 2018-12-23T13:54:34+08:00 ] 127.0.0.1 /Home/Report/funds
INFO: [ app_init ] --START--
INFO: Run Behavior\BuildLiteBehavior [ RunTime:0.000000s ]
INFO: [ app_init ] --END-- [ RunTime:0.001000s ]

[ 2018-12-23T13:58:27+08:00 ] 127.0.0.1 /Home/Auth/index
INFO: [ app_init ] --START--
INFO: Run Behavior\BuildLiteBehavior [ RunTime:0.000000s ]
INFO: [ app_init ] --END-- [ RunTime:0.001000s ]

[ 2018-12-23T13:58:30+08:00 ] 127.0.0.1 /Home/Auth/add
INFO: [ app_init ] --START--
INFO: Run Behavior\BuildLiteBehavior [ RunTime:0.000000s ]
INFO: [ app_init ] --END-- [ RunTime:0.001000s ]

[ 2018-12-23T13:59:19+08:00 ] 127.0.0.1 /Home/Auth/add
INFO: [ app_init ] --START--
INFO: Run Behavior\BuildLiteBehavior [ RunTime:0.000000s ]
INFO: [ app_init ] --END-- [ RunTime:0.001000s ]
INFO: [ app_begin ] --START--
INFO: Run Behavior\ReadHtmlCacheBehavior [ RunTime:0.000000s ]
INFO: [ app_begin ] --END-- [ RunTime:0.000000s ]
SQL: SHOW COLUMNS FROM `fb_admin` [ RunTime:0.0120s ]
SQL: SELECT `role_auth_ac` FROM fb_admin m INNER JOIN fb_role as r on m.role_id = r.id  WHERE m.id = '1' LIMIT 1   [ RunTime:0.0020s ]
SQL: SHOW COLUMNS FROM `fb_auth` [ RunTime:0.0120s ]
SQL: SELECT * FROM `fb_auth` WHERE `auth_name` = '客服台' LIMIT 1   [ RunTime:0.0010s ]
SQL: INSERT INTO `fb_auth` (`auth_level`,`auth_pid`,`auth_name`,`auth_c`,`auth_a`) VALUES ('1','0','客服台','Server','index') [ RunTime:0.0010s ]

[ 2018-12-23T13:59:21+08:00 ] 127.0.0.1 /Home/Auth/index
INFO: [ app_init ] --START--
INFO: Run Behavior\BuildLiteBehavior [ RunTime:0.000000s ]
INFO: [ app_init ] --END-- [ RunTime:0.001000s ]

[ 2018-12-23T13:59:27+08:00 ] 127.0.0.1 /
INFO: [ app_init ] --START--
INFO: Run Behavior\BuildLiteBehavior [ RunTime:0.000000s ]
INFO: [ app_init ] --END-- [ RunTime:0.001000s ]

[ 2018-12-23T13:59:28+08:00 ] 127.0.0.1 /index.php/home/Index/wel
INFO: [ app_init ] --START--
INFO: Run Behavior\BuildLiteBehavior [ RunTime:0.000000s ]
INFO: [ app_init ] --END-- [ RunTime:0.000000s ]

[ 2018-12-23T14:00:44+08:00 ] 127.0.0.1 /
INFO: [ app_init ] --START--
INFO: Run Behavior\BuildLiteBehavior [ RunTime:0.000000s ]
INFO: [ app_init ] --END-- [ RunTime:0.000000s ]

[ 2018-12-23T14:00:45+08:00 ] 127.0.0.1 /index.php/home/Index/wel
INFO: [ app_init ] --START--
INFO: Run Behavior\BuildLiteBehavior [ RunTime:0.000000s ]
INFO: [ app_init ] --END-- [ RunTime:0.000000s ]

[ 2018-12-23T14:02:42+08:00 ] 127.0.0.1 /
INFO: [ app_init ] --START--
INFO: Run Behavior\BuildLiteBehavior [ RunTime:0.000000s ]
INFO: [ app_init ] --END-- [ RunTime:0.000000s ]

[ 2018-12-23T14:02:43+08:00 ] 127.0.0.1 /index.php/home/Index/wel
INFO: [ app_init ] --START--
INFO: Run Behavior\BuildLiteBehavior [ RunTime:0.000000s ]
INFO: [ app_init ] --END-- [ RunTime:0.001000s ]

[ 2018-12-23T14:02:46+08:00 ] 127.0.0.1 /
INFO: [ app_init ] --START--
INFO: Run Behavior\BuildLiteBehavior [ RunTime:0.000000s ]
INFO: [ app_init ] --END-- [ RunTime:0.001000s ]

[ 2018-12-23T14:02:47+08:00 ] 127.0.0.1 /index.php/home/Index/wel
INFO: [ app_init ] --START--
INFO: Run Behavior\BuildLiteBehavior [ RunTime:0.000000s ]
INFO: [ app_init ] --END-- [ RunTime:0.001000s ]

[ 2018-12-23T14:03:21+08:00 ] 127.0.0.1 /
INFO: [ app_init ] --START--
INFO: Run Behavior\BuildLiteBehavior [ RunTime:0.000000s ]
INFO: [ app_init ] --END-- [ RunTime:0.001000s ]

[ 2018-12-23T14:03:22+08:00 ] 127.0.0.1 /index.php/home/Index/wel
INFO: [ app_init ] --START--
INFO: Run Behavior\BuildLiteBehavior [ RunTime:0.000000s ]
INFO: [ app_init ] --END-- [ RunTime:0.001000s ]

[ 2018-12-23T14:04:19+08:00 ] 127.0.0.1 /Home/Order/index
INFO: [ app_init ] --START--
INFO: Run Behavior\BuildLiteBehavior [ RunTime:0.000000s ]
INFO: [ app_init ] --END-- [ RunTime:0.001000s ]

[ 2018-12-23T14:04:58+08:00 ] 127.0.0.1 /Home/Funds/index
INFO: [ app_init ] --START--
INFO: Run Behavior\BuildLiteBehavior [ RunTime:0.000000s ]
INFO: [ app_init ] --END-- [ RunTime:0.000000s ]

[ 2018-12-23T14:05:40+08:00 ] 127.0.0.1 /Home/Funds/update_order?orderid=57377
INFO: [ app_init ] --START--
INFO: Run Behavior\BuildLiteBehavior [ RunTime:0.000000s ]
INFO: [ app_init ] --END-- [ RunTime:0.000000s ]

[ 2018-12-23T14:05:46+08:00 ] 127.0.0.1 /Home/Order/show?orderid=57377
INFO: [ app_init ] --START--
INFO: Run Behavior\BuildLiteBehavior [ RunTime:0.000000s ]
INFO: [ app_init ] --END-- [ RunTime:0.000000s ]

[ 2018-12-23T14:07:11+08:00 ] 127.0.0.1 /Home/Funds/index
INFO: [ app_init ] --START--
INFO: Run Behavior\BuildLiteBehavior [ RunTime:0.000000s ]
INFO: [ app_init ] --END-- [ RunTime:0.001000s ]

[ 2018-12-23T14:21:31+08:00 ] 127.0.0.1 /Home/Auth/index
INFO: [ app_init ] --START--
INFO: Run Behavior\BuildLiteBehavior [ RunTime:0.000000s ]
INFO: [ app_init ] --END-- [ RunTime:0.001000s ]

[ 2018-12-23T14:21:37+08:00 ] 127.0.0.1 /Home/Auth/add
INFO: [ app_init ] --START--
INFO: Run Behavior\BuildLiteBehavior [ RunTime:0.000000s ]
INFO: [ app_init ] --END-- [ RunTime:0.001000s ]

[ 2018-12-23T14:22:35+08:00 ] 127.0.0.1 /Home/Auth/add
INFO: [ app_init ] --START--
INFO: Run Behavior\BuildLiteBehavior [ RunTime:0.000000s ]
INFO: [ app_init ] --END-- [ RunTime:0.000000s ]
INFO: [ app_begin ] --START--
INFO: Run Behavior\ReadHtmlCacheBehavior [ RunTime:0.000000s ]
INFO: [ app_begin ] --END-- [ RunTime:0.000000s ]
SQL: SHOW COLUMNS FROM `fb_admin` [ RunTime:0.0100s ]
SQL: SELECT `role_auth_ac` FROM fb_admin m INNER JOIN fb_role as r on m.role_id = r.id  WHERE m.id = '1' LIMIT 1   [ RunTime:0.0010s ]
SQL: SHOW COLUMNS FROM `fb_auth` [ RunTime:0.0100s ]
SQL: SELECT * FROM `fb_auth` WHERE `auth_name` = '订单列表' LIMIT 1   [ RunTime:0.0010s ]

[ 2018-12-23T14:23:32+08:00 ] 127.0.0.1 /Home/Auth/add
INFO: [ app_init ] --START--
INFO: Run Behavior\BuildLiteBehavior [ RunTime:0.000000s ]
INFO: [ app_init ] --END-- [ RunTime:0.000000s ]
INFO: [ app_begin ] --START--
INFO: Run Behavior\ReadHtmlCacheBehavior [ RunTime:0.001000s ]
INFO: [ app_begin ] --END-- [ RunTime:0.001000s ]
SQL: SHOW COLUMNS FROM `fb_admin` [ RunTime:0.0110s ]
SQL: SELECT `role_auth_ac` FROM fb_admin m INNER JOIN fb_role as r on m.role_id = r.id  WHERE m.id = '1' LIMIT 1   [ RunTime:0.0010s ]
SQL: SHOW COLUMNS FROM `fb_auth` [ RunTime:0.0090s ]
SQL: SELECT * FROM `fb_auth` WHERE `auth_name` = '客户订单' LIMIT 1   [ RunTime:0.0010s ]
SQL: INSERT INTO `fb_auth` (`auth_level`,`auth_pid`,`auth_name`,`auth_c`,`auth_a`) VALUES ('2','53','客户订单','Server','index') [ RunTime:0.0010s ]

[ 2018-12-23T14:23:34+08:00 ] 127.0.0.1 /Home/Auth/index
INFO: [ app_init ] --START--
INFO: Run Behavior\BuildLiteBehavior [ RunTime:0.000000s ]
INFO: [ app_init ] --END-- [ RunTime:0.000000s ]

[ 2018-12-23T14:23:37+08:00 ] 127.0.0.1 /
INFO: [ app_init ] --START--
INFO: Run Behavior\BuildLiteBehavior [ RunTime:0.000000s ]
INFO: [ app_init ] --END-- [ RunTime:0.001000s ]

[ 2018-12-23T14:23:38+08:00 ] 127.0.0.1 /index.php/home/Index/wel
INFO: [ app_init ] --START--
INFO: Run Behavior\BuildLiteBehavior [ RunTime:0.000000s ]
INFO: [ app_init ] --END-- [ RunTime:0.000000s ]

[ 2018-12-23T14:24:20+08:00 ] 127.0.0.1 /Home/Server/index
INFO: [ app_init ] --START--
INFO: Run Behavior\BuildLiteBehavior [ RunTime:0.000000s ]
INFO: [ app_init ] --END-- [ RunTime:0.000000s ]
ERR: 无法加载控制器:Server

[ 2018-12-23T14:29:15+08:00 ] 127.0.0.1 /Home/Admin/work
INFO: [ app_init ] --START--
INFO: Run Behavior\BuildLiteBehavior [ RunTime:0.000000s ]
INFO: [ app_init ] --END-- [ RunTime:0.001000s ]

[ 2018-12-23T14:32:31+08:00 ] 127.0.0.1 /Home/Customer/backlog
INFO: [ app_init ] --START--
INFO: Run Behavior\BuildLiteBehavior [ RunTime:0.000000s ]
INFO: [ app_init ] --END-- [ RunTime:0.001000s ]

[ 2018-12-23T14:32:33+08:00 ] 127.0.0.1 /Home/Funds/index
INFO: [ app_init ] --START--
INFO: Run Behavior\BuildLiteBehavior [ RunTime:0.000000s ]
INFO: [ app_init ] --END-- [ RunTime:0.001000s ]

[ 2018-12-23T14:34:39+08:00 ] 127.0.0.1 /Home/Funds/index
INFO: [ app_init ] --START--
INFO: Run Behavior\BuildLiteBehavior [ RunTime:0.000000s ]
INFO: [ app_init ] --END-- [ RunTime:0.000000s ]

[ 2018-12-23T14:35:04+08:00 ] 127.0.0.1 /Home/Funds/index?stat_date=&stop_date=&paytype=&payform=&orderstatus=2&word=
INFO: [ app_init ] --START--
INFO: Run Behavior\BuildLiteBehavior [ RunTime:0.000000s ]
INFO: [ app_init ] --END-- [ RunTime:0.001000s ]

[ 2018-12-23T14:35:07+08:00 ] 127.0.0.1 /Home/Funds/update_order?orderid=57366
INFO: [ app_init ] --START--
INFO: Run Behavior\BuildLiteBehavior [ RunTime:0.000000s ]
INFO: [ app_init ] --END-- [ RunTime:0.000000s ]

[ 2018-12-23T14:35:12+08:00 ] 127.0.0.1 /Home/Funds/update_order?orderid=57366
INFO: [ app_init ] --START--
INFO: Run Behavior\BuildLiteBehavior [ RunTime:0.000000s ]
INFO: [ app_init ] --END-- [ RunTime:0.001000s ]

[ 2018-12-23T14:35:39+08:00 ] 127.0.0.1 /Home/Funds/update_order?orderid=57366
INFO: [ app_init ] --START--
INFO: Run Behavior\BuildLiteBehavior [ RunTime:0.000000s ]
INFO: [ app_init ] --END-- [ RunTime:0.001000s ]
INFO: [ app_begin ] --START--
INFO: Run Behavior\ReadHtmlCacheBehavior [ RunTime:0.001000s ]
INFO: [ app_begin ] --END-- [ RunTime:0.001000s ]
SQL: SHOW COLUMNS FROM `fb_admin` [ RunTime:0.0100s ]
SQL: SELECT `role_auth_ac` FROM fb_admin m INNER JOIN fb_role as r on m.role_id = r.id  WHERE m.id = '1' LIMIT 1   [ RunTime:0.0010s ]
SQL: SHOW COLUMNS FROM `fb_order` [ RunTime:0.0110s ]
SQL: UPDATE `fb_order` SET `refunds`='11',`serverfee`='11',`orderstatus`='3',`desc`='13246545卡卡卡1123',`reciivingtime`='1545546939' WHERE `orderid` = 57366 [ RunTime:0.0010s ]

[ 2018-12-23T14:35:41+08:00 ] 127.0.0.1 /Home/Funds/index?stat_date=&stop_date=&paytype=&payform=&orderstatus=2&word=
INFO: [ app_init ] --START--
INFO: Run Behavior\BuildLiteBehavior [ RunTime:0.000000s ]
INFO: [ app_init ] --END-- [ RunTime:0.000000s ]

[ 2018-12-23T14:39:09+08:00 ] 127.0.0.1 /
INFO: [ app_init ] --START--
INFO: Run Behavior\BuildLiteBehavior [ RunTime:0.000000s ]
INFO: [ app_init ] --END-- [ RunTime:0.001000s ]

[ 2018-12-23T14:39:10+08:00 ] 127.0.0.1 /index.php/home/Index/wel
INFO: [ app_init ] --START--
INFO: Run Behavior\BuildLiteBehavior [ RunTime:0.000000s ]
INFO: [ app_init ] --END-- [ RunTime:0.000000s ]

[ 2018-12-23T14:39:12+08:00 ] 127.0.0.1 /Home/Server/index
INFO: [ app_init ] --START--
INFO: Run Behavior\BuildLiteBehavior [ RunTime:0.000000s ]
INFO: [ app_init ] --END-- [ RunTime:0.001000s ]

[ 2018-12-23T14:42:25+08:00 ] 127.0.0.1 /Home/Report/funds
INFO: [ app_init ] --START--
INFO: Run Behavior\BuildLiteBehavior [ RunTime:0.000000s ]
INFO: [ app_init ] --END-- [ RunTime:0.001000s ]

[ 2018-12-23T14:43:41+08:00 ] 127.0.0.1 /Home/Report/funds
INFO: [ app_init ] --START--
INFO: Run Behavior\BuildLiteBehavior [ RunTime:0.000000s ]
INFO: [ app_init ] --END-- [ RunTime:0.001000s ]

[ 2018-12-23T14:43:58+08:00 ] 127.0.0.1 /Home/Report/funds
INFO: [ app_init ] --START--
INFO: Run Behavior\BuildLiteBehavior [ RunTime:0.000000s ]
INFO: [ app_init ] --END-- [ RunTime:0.000000s ]

[ 2018-12-23T14:44:31+08:00 ] 127.0.0.1 /Home/Report/funds
INFO: [ app_init ] --START--
INFO: Run Behavior\BuildLiteBehavior [ RunTime:0.000000s ]
INFO: [ app_init ] --END-- [ RunTime:0.000000s ]

[ 2018-12-23T14:45:08+08:00 ] 127.0.0.1 /Home/Report/funds
INFO: [ app_init ] --START--
INFO: Run Behavior\BuildLiteBehavior [ RunTime:0.000000s ]
INFO: [ app_init ] --END-- [ RunTime:0.001000s ]

[ 2018-12-23T14:45:32+08:00 ] 127.0.0.1 /Home/Report/funds
INFO: [ app_init ] --START--
INFO: Run Behavior\BuildLiteBehavior [ RunTime:0.000000s ]
INFO: [ app_init ] --END-- [ RunTime:0.001000s ]

[ 2018-12-23T14:45:48+08:00 ] 127.0.0.1 /Home/Report/funds
INFO: [ app_init ] --START--
INFO: Run Behavior\BuildLiteBehavior [ RunTime:0.001000s ]
INFO: [ app_init ] --END-- [ RunTime:0.001000s ]

[ 2018-12-23T14:46:57+08:00 ] 127.0.0.1 /Home/Server/index
INFO: [ app_init ] --START--
INFO: Run Behavior\BuildLiteBehavior [ RunTime:0.000000s ]
INFO: [ app_init ] --END-- [ RunTime:0.001000s ]

[ 2018-12-23T14:47:08+08:00 ] 127.0.0.1 /Home/Server/index?stat_date=&stop_date=&paytype=1&payform=&word=
INFO: [ app_init ] --START--
INFO: Run Behavior\BuildLiteBehavior [ RunTime:0.000000s ]
INFO: [ app_init ] --END-- [ RunTime:0.000000s ]

[ 2018-12-23T14:47:14+08:00 ] 127.0.0.1 /Home/Server/index?stat_date=&stop_date=&paytype=&payform=2&word=
INFO: [ app_init ] --START--
INFO: Run Behavior\BuildLiteBehavior [ RunTime:0.000000s ]
INFO: [ app_init ] --END-- [ RunTime:0.001000s ]

[ 2018-12-23T14:47:19+08:00 ] 127.0.0.1 /Home/Server/index?stat_date=&stop_date=&paytype=&payform=1&word=
INFO: [ app_init ] --START--
INFO: Run Behavior\BuildLiteBehavior [ RunTime:0.000000s ]
INFO: [ app_init ] --END-- [ RunTime:0.001000s ]

[ 2018-12-23T14:47:25+08:00 ] 127.0.0.1 /Home/Server/index?stat_date=&stop_date=&paytype=&payform=&word=
INFO: [ app_init ] --START--
INFO: Run Behavior\BuildLiteBehavior [ RunTime:0.000000s ]
INFO: [ app_init ] --END-- [ RunTime:0.001000s ]

[ 2018-12-23T14:52:13+08:00 ] 127.0.0.1 /Home/Server/index
INFO: [ app_init ] --START--
INFO: Run Behavior\BuildLiteBehavior [ RunTime:0.000000s ]
INFO: [ app_init ] --END-- [ RunTime:0.001000s ]

[ 2018-12-23T14:52:17+08:00 ] 127.0.0.1 /Home/Funds/index
INFO: [ app_init ] --START--
INFO: Run Behavior\BuildLiteBehavior [ RunTime:0.000000s ]
INFO: [ app_init ] --END-- [ RunTime:0.000000s ]

[ 2018-12-23T14:52:25+08:00 ] 127.0.0.1 /Home/Funds/update_order?orderid=57377
INFO: [ app_init ] --START--
INFO: Run Behavior\BuildLiteBehavior [ RunTime:0.000000s ]
INFO: [ app_init ] --END-- [ RunTime:0.001000s ]

[ 2018-12-23T14:55:09+08:00 ] 127.0.0.1 /Home/Server/index
INFO: [ app_init ] --START--
INFO: Run Behavior\BuildLiteBehavior [ RunTime:0.000000s ]
INFO: [ app_init ] --END-- [ RunTime:0.001000s ]

[ 2018-12-23T14:55:43+08:00 ] 127.0.0.1 /index.php/Home/Funds/index/p/2.html
INFO: [ app_init ] --START--
INFO: Run Behavior\BuildLiteBehavior [ RunTime:0.000000s ]
INFO: [ app_init ] --END-- [ RunTime:0.000000s ]

[ 2018-12-23T14:55:54+08:00 ] 127.0.0.1 /index.php/Home/Funds/index/p/update_order?orderid=57343
INFO: [ app_init ] --START--
INFO: Run Behavior\BuildLiteBehavior [ RunTime:0.000000s ]
INFO: [ app_init ] --END-- [ RunTime:0.001000s ]

[ 2018-12-23T14:56:00+08:00 ] 127.0.0.1 /index.php/Home/Funds/index/p/update_order?orderid=57343
INFO: [ app_init ] --START--
INFO: Run Behavior\BuildLiteBehavior [ RunTime:0.000000s ]
INFO: [ app_init ] --END-- [ RunTime:0.001000s ]

[ 2018-12-23T14:58:00+08:00 ] 127.0.0.1 /Home/Funds/index
INFO: [ app_init ] --START--
INFO: Run Behavior\BuildLiteBehavior [ RunTime:0.000000s ]
INFO: [ app_init ] --END-- [ RunTime:0.001000s ]

[ 2018-12-23T15:27:43+08:00 ] 127.0.0.1 /Home/Funds/index?stat_date=&stop_date=&paytype=&payform=&orderstatus=3&word=
INFO: [ app_init ] --START--
INFO: Run Behavior\BuildLiteBehavior [ RunTime:0.000000s ]
INFO: [ app_init ] --END-- [ RunTime:0.000000s ]

[ 2018-12-23T15:27:49+08:00 ] 127.0.0.1 /Home/Server/index
INFO: [ app_init ] --START--
INFO: Run Behavior\BuildLiteBehavior [ RunTime:0.000000s ]
INFO: [ app_init ] --END-- [ RunTime:0.001000s ]

[ 2018-12-23T15:28:05+08:00 ] 127.0.0.1 /Home/Funds/index?stat_date=&stop_date=&paytype=&payform=&orderstatus=2&word=
INFO: [ app_init ] --START--
INFO: Run Behavior\BuildLiteBehavior [ RunTime:0.000000s ]
INFO: [ app_init ] --END-- [ RunTime:0.000000s ]

[ 2018-12-23T15:28:09+08:00 ] 127.0.0.1 /Home/Funds/update_order?orderid=57356
INFO: [ app_init ] --START--
INFO: Run Behavior\BuildLiteBehavior [ RunTime:0.000000s ]
INFO: [ app_init ] --END-- [ RunTime:0.001000s ]

[ 2018-12-23T15:28:16+08:00 ] 127.0.0.1 /Home/Funds/index?stat_date=&stop_date=&paytype=&payform=&orderstatus=&word=
INFO: [ app_init ] --START--
INFO: Run Behavior\BuildLiteBehavior [ RunTime:0.000000s ]
INFO: [ app_init ] --END-- [ RunTime:0.001000s ]

[ 2018-12-23T15:28:20+08:00 ] 127.0.0.1 /index.php/Home/Funds/index/p/2.html
INFO: [ app_init ] --START--
INFO: Run Behavior\BuildLiteBehavior [ RunTime:0.000000s ]
INFO: [ app_init ] --END-- [ RunTime:0.001000s ]

[ 2018-12-23T15:28:23+08:00 ] 127.0.0.1 /Home/Funds/update_order?orderid=57343
INFO: [ app_init ] --START--
INFO: Run Behavior\BuildLiteBehavior [ RunTime:0.000000s ]
INFO: [ app_init ] --END-- [ RunTime:0.000000s ]

[ 2018-12-23T15:28:32+08:00 ] 127.0.0.1 /Home/Funds/update_order?orderid=57343
INFO: [ app_init ] --START--
INFO: Run Behavior\BuildLiteBehavior [ RunTime:0.000000s ]
INFO: [ app_init ] --END-- [ RunTime:0.000000s ]
INFO: [ app_begin ] --START--
INFO: Run Behavior\ReadHtmlCacheBehavior [ RunTime:0.001000s ]
INFO: [ app_begin ] --END-- [ RunTime:0.001000s ]
SQL: SHOW COLUMNS FROM `fb_admin` [ RunTime:0.0110s ]
SQL: SELECT `role_auth_ac` FROM fb_admin m INNER JOIN fb_role as r on m.role_id = r.id  WHERE m.id = '1' LIMIT 1   [ RunTime:0.0010s ]
SQL: SHOW COLUMNS FROM `fb_order` [ RunTime:0.0100s ]
SQL: UPDATE `fb_order` SET `refunds`='12',`serverfee`='12',`orderstatus`='3',`desc`='12',`reciivingtime`='1545550112' WHERE `orderid` = 57343 [ RunTime:0.0010s ]

[ 2018-12-23T15:28:34+08:00 ] 127.0.0.1 /index.php/Home/Funds/index/p/2.html
INFO: [ app_init ] --START--
INFO: Run Behavior\BuildLiteBehavior [ RunTime:0.000000s ]
INFO: [ app_init ] --END-- [ RunTime:0.001000s ]

[ 2018-12-23T15:28:41+08:00 ] 127.0.0.1 /Home/Server/index?stat_date=&stop_date=&paytype=&payform=&word=
INFO: [ app_init ] --START--
INFO: Run Behavior\BuildLiteBehavior [ RunTime:0.000000s ]
INFO: [ app_init ] --END-- [ RunTime:0.000000s ]

[ 2018-12-23T15:28:51+08:00 ] 127.0.0.1 /Home/Customer/index
INFO: [ app_init ] --START--
INFO: Run Behavior\BuildLiteBehavior [ RunTime:0.000000s ]
INFO: [ app_init ] --END-- [ RunTime:0.001000s ]

[ 2018-12-23T15:30:13+08:00 ] 127.0.0.1 /Home/Server/index
INFO: [ app_init ] --START--
INFO: Run Behavior\BuildLiteBehavior [ RunTime:0.000000s ]
INFO: [ app_init ] --END-- [ RunTime:0.001000s ]

[ 2018-12-23T15:31:05+08:00 ] 127.0.0.1 /Home/Server/index
INFO: [ app_init ] --START--
INFO: Run Behavior\BuildLiteBehavior [ RunTime:0.000000s ]
INFO: [ app_init ] --END-- [ RunTime:0.000000s ]

[ 2018-12-23T15:31:27+08:00 ] 127.0.0.1 /Home/Server/index
INFO: [ app_init ] --START--
INFO: Run Behavior\BuildLiteBehavior [ RunTime:0.001000s ]
INFO: [ app_init ] --END-- [ RunTime:0.001000s ]

[ 2018-12-23T16:02:01+08:00 ] 127.0.0.1 /Home/Server/index
INFO: [ app_init ] --START--
INFO: Run Behavior\BuildLiteBehavior [ RunTime:0.000000s ]
INFO: [ app_init ] --END-- [ RunTime:0.000000s ]

[ 2018-12-23T16:11:34+08:00 ] 127.0.0.1 /Home/Server/index
INFO: [ app_init ] --START--
INFO: Run Behavior\BuildLiteBehavior [ RunTime:0.000000s ]
INFO: [ app_init ] --END-- [ RunTime:0.001000s ]

[ 2018-12-23T16:23:10+08:00 ] 127.0.0.1 /Home/Server/index
INFO: [ app_init ] --START--
INFO: Run Behavior\BuildLiteBehavior [ RunTime:0.000000s ]
INFO: [ app_init ] --END-- [ RunTime:0.001000s ]

[ 2018-12-23T16:23:12+08:00 ] 127.0.0.1 /Home/Server/server?orderid=57367&customer_name=%E6%85%95%E5%AE%B9%E5%A4%8D&customer_phone=15965968574
INFO: [ app_init ] --START--
INFO: Run Behavior\BuildLiteBehavior [ RunTime:0.000000s ]
INFO: [ app_init ] --END-- [ RunTime:0.001000s ]
ERR: 模板不存在:./Application/Home/View/Server/server.html

[ 2018-12-23T16:23:44+08:00 ] 127.0.0.1 /Home/Server/index
INFO: [ app_init ] --START--
INFO: Run Behavior\BuildLiteBehavior [ RunTime:0.000000s ]
INFO: [ app_init ] --END-- [ RunTime:0.000000s ]

[ 2018-12-23T16:23:47+08:00 ] 127.0.0.1 /Home/Server/add?orderid=57367&customer_name=%E6%85%95%E5%AE%B9%E5%A4%8D&customer_phone=15965968574
INFO: [ app_init ] --START--
INFO: Run Behavior\BuildLiteBehavior [ RunTime:0.000000s ]
INFO: [ app_init ] --END-- [ RunTime:0.001000s ]

[ 2018-12-23T16:25:23+08:00 ] 127.0.0.1 /Home/Server/index
INFO: [ app_init ] --START--
INFO: Run Behavior\BuildLiteBehavior [ RunTime:0.000000s ]
INFO: [ app_init ] --END-- [ RunTime:0.001000s ]

[ 2018-12-23T16:25:26+08:00 ] 127.0.0.1 /Home/Server/add?orderid=57366&customer_name=%E7%8E%8B%E8%AF%AD%E5%AB%A3&customer_phone=13888889999
INFO: [ app_init ] --START--
INFO: Run Behavior\BuildLiteBehavior [ RunTime:0.000000s ]
INFO: [ app_init ] --END-- [ RunTime:0.001000s ]

[ 2018-12-23T16:26:14+08:00 ] 127.0.0.1 /Home/Server/index
INFO: [ app_init ] --START--
INFO: Run Behavior\BuildLiteBehavior [ RunTime:0.000000s ]
INFO: [ app_init ] --END-- [ RunTime:0.000000s ]

[ 2018-12-23T16:26:15+08:00 ] 127.0.0.1 /Home/Server/add?orderid=57367&customer_name=%E6%85%95%E5%AE%B9%E5%A4%8D&customer_phone=15965968574
INFO: [ app_init ] --START--
INFO: Run Behavior\BuildLiteBehavior [ RunTime:0.000000s ]
INFO: [ app_init ] --END-- [ RunTime:0.001000s ]

[ 2018-12-23T16:26:30+08:00 ] 127.0.0.1 /Home/Server/add?orderid=57367&customer_name=%E6%85%95%E5%AE%B9%E5%A4%8D&customer_phone=15965968574
INFO: [ app_init ] --START--
INFO: Run Behavior\BuildLiteBehavior [ RunTime:0.000000s ]
INFO: [ app_init ] --END-- [ RunTime:0.000000s ]

[ 2018-12-23T16:27:01+08:00 ] 127.0.0.1 /Home/Server/add?orderid=57360&customer_name=%E7%8E%8B%E8%AF%AD%E5%AB%A3&customer_phone=13888889999
INFO: [ app_init ] --START--
INFO: Run Behavior\BuildLiteBehavior [ RunTime:0.000000s ]
INFO: [ app_init ] --END-- [ RunTime:0.001000s ]

[ 2018-12-23T16:28:11+08:00 ] 127.0.0.1 /Home/Server/index
INFO: [ app_init ] --START--
INFO: Run Behavior\BuildLiteBehavior [ RunTime:0.000000s ]
INFO: [ app_init ] --END-- [ RunTime:0.001000s ]

[ 2018-12-23T16:28:13+08:00 ] 127.0.0.1 /Home/Server/server?orderid=57366&customer_name=%E7%8E%8B%E8%AF%AD%E5%AB%A3&customer_phone=13888889999
INFO: [ app_init ] --START--
INFO: Run Behavior\BuildLiteBehavior [ RunTime:0.000000s ]
INFO: [ app_init ] --END-- [ RunTime:0.001000s ]

[ 2018-12-23T16:42:29+08:00 ] 127.0.0.1 /Home/Server/index
INFO: [ app_init ] --START--
INFO: Run Behavior\BuildLiteBehavior [ RunTime:0.000000s ]
INFO: [ app_init ] --END-- [ RunTime:0.000000s ]

[ 2018-12-23T16:42:35+08:00 ] 127.0.0.1 /Home/Server/server?orderid=57368&customer_name=%E9%B8%A0%E6%91%A9%E6%99%BA&customer_phone=18181818181
INFO: [ app_init ] --START--
INFO: Run Behavior\BuildLiteBehavior [ RunTime:0.000000s ]
INFO: [ app_init ] --END-- [ RunTime:0.000000s ]

[ 2018-12-23T16:42:45+08:00 ] 127.0.0.1 /Home/Server/add
INFO: [ app_init ] --START--
INFO: Run Behavior\BuildLiteBehavior [ RunTime:0.000000s ]
INFO: [ app_init ] --END-- [ RunTime:0.000000s ]
INFO: [ app_begin ] --START--
INFO: Run Behavior\ReadHtmlCacheBehavior [ RunTime:0.001000s ]
INFO: [ app_begin ] --END-- [ RunTime:0.001000s ]
SQL: SHOW COLUMNS FROM `fb_admin` [ RunTime:0.0110s ]
SQL: SELECT `role_auth_ac` FROM fb_admin m INNER JOIN fb_role as r on m.role_id = r.id  WHERE m.id = '1' LIMIT 1   [ RunTime:0.0000s ]
ERR: 非法操作:add

[ 2018-12-23T16:44:45+08:00 ] 127.0.0.1 /Home/Funds/index
INFO: [ app_init ] --START--
INFO: Run Behavior\BuildLiteBehavior [ RunTime:0.000000s ]
INFO: [ app_init ] --END-- [ RunTime:0.001000s ]

[ 2018-12-23T16:44:47+08:00 ] 127.0.0.1 /Home/Funds/update_order?orderid=57379
INFO: [ app_init ] --START--
INFO: Run Behavior\BuildLiteBehavior [ RunTime:0.000000s ]
INFO: [ app_init ] --END-- [ RunTime:0.001000s ]

[ 2018-12-23T16:44:54+08:00 ] 127.0.0.1 /Home/Funds/update_order?orderid=57379
INFO: [ app_init ] --START--
INFO: Run Behavior\BuildLiteBehavior [ RunTime:0.000000s ]
INFO: [ app_init ] --END-- [ RunTime:0.001000s ]
INFO: [ app_begin ] --START--
INFO: Run Behavior\ReadHtmlCacheBehavior [ RunTime:0.001000s ]
INFO: [ app_begin ] --END-- [ RunTime:0.002000s ]
SQL: SHOW COLUMNS FROM `fb_admin` [ RunTime:0.0100s ]
SQL: SELECT `role_auth_ac` FROM fb_admin m INNER JOIN fb_role as r on m.role_id = r.id  WHERE m.id = '1' LIMIT 1   [ RunTime:0.0010s ]
SQL: SHOW COLUMNS FROM `fb_order` [ RunTime:0.0110s ]
SQL: UPDATE `fb_order` SET `refunds`='12',`serverfee`='12',`orderstatus`='3',`desc`='奥术大师',`reciivingtime`='1545554694' WHERE `orderid` = 57379 [ RunTime:0.0010s ]

[ 2018-12-23T16:44:56+08:00 ] 127.0.0.1 /Home/Funds/index
INFO: [ app_init ] --START--
INFO: Run Behavior\BuildLiteBehavior [ RunTime:0.000000s ]
INFO: [ app_init ] --END-- [ RunTime:0.000000s ]

[ 2018-12-23T16:46:17+08:00 ] 127.0.0.1 /Home/Server/index
INFO: [ app_init ] --START--
INFO: Run Behavior\BuildLiteBehavior [ RunTime:0.000000s ]
INFO: [ app_init ] --END-- [ RunTime:0.001000s ]

[ 2018-12-23T16:46:19+08:00 ] 127.0.0.1 /Home/Server/server?orderid=57368&customer_name=%E9%B8%A0%E6%91%A9%E6%99%BA&customer_phone=18181818181
INFO: [ app_init ] --START--
INFO: Run Behavior\BuildLiteBehavior [ RunTime:0.000000s ]
INFO: [ app_init ] --END-- [ RunTime:0.000000s ]

[ 2018-12-23T16:46:32+08:00 ] 127.0.0.1 /Home/Server/server
INFO: [ app_init ] --START--
INFO: Run Behavior\BuildLiteBehavior [ RunTime:0.000000s ]
INFO: [ app_init ] --END-- [ RunTime:0.000000s ]
INFO: [ app_begin ] --START--
INFO: Run Behavior\ReadHtmlCacheBehavior [ RunTime:0.000000s ]
INFO: [ app_begin ] --END-- [ RunTime:0.001000s ]
SQL: SHOW COLUMNS FROM `fb_admin` [ RunTime:0.0110s ]
SQL: SELECT `role_auth_ac` FROM fb_admin m INNER JOIN fb_role as r on m.role_id = r.id  WHERE m.id = '1' LIMIT 1   [ RunTime:0.0010s ]
SQL: SHOW COLUMNS FROM `fb_order` [ RunTime:0.0110s ]
SQL: SHOW COLUMNS FROM `fb_servernote` [ RunTime:0.0120s ]
SQL: INSERT INTO `fb_servernote` (`server_note`,`oid`,`create_time_note`) VALUES ('<p>哈哈哈哈</p><p>嚯嚯嚯或</p>','57368','1545554792') [ RunTime:0.0000s ]

[ 2018-12-23T16:46:40+08:00 ] 127.0.0.1 /Home/Server/index
INFO: [ app_init ] --START--
INFO: Run Behavior\BuildLiteBehavior [ RunTime:0.000000s ]
INFO: [ app_init ] --END-- [ RunTime:0.000000s ]

[ 2018-12-23T17:03:06+08:00 ] 127.0.0.1 /Home/Server/index
INFO: [ app_init ] --START--
INFO: Run Behavior\BuildLiteBehavior [ RunTime:0.000000s ]
INFO: [ app_init ] --END-- [ RunTime:0.000000s ]

[ 2018-12-23T17:03:16+08:00 ] 127.0.0.1 /Home/Server/server?orderid=57368&customer_name=%E9%B8%A0%E6%91%A9%E6%99%BA&customer_phone=18181818181
INFO: [ app_init ] --START--
INFO: Run Behavior\BuildLiteBehavior [ RunTime:0.000000s ]
INFO: [ app_init ] --END-- [ RunTime:0.000000s ]

[ 2018-12-23T17:03:33+08:00 ] 127.0.0.1 /Home/Server/server
INFO: [ app_init ] --START--
INFO: Run Behavior\BuildLiteBehavior [ RunTime:0.000000s ]
INFO: [ app_init ] --END-- [ RunTime:0.001000s ]
INFO: [ app_begin ] --START--
INFO: Run Behavior\ReadHtmlCacheBehavior [ RunTime:0.001000s ]
INFO: [ app_begin ] --END-- [ RunTime:0.001000s ]
SQL: SHOW COLUMNS FROM `fb_admin` [ RunTime:0.0100s ]
SQL: SELECT `role_auth_ac` FROM fb_admin m INNER JOIN fb_role as r on m.role_id = r.id  WHERE m.id = '1' LIMIT 1   [ RunTime:0.0000s ]
SQL: SHOW COLUMNS FROM `fb_order` [ RunTime:0.0100s ]
SQL: SHOW COLUMNS FROM `fb_servernote` [ RunTime:0.0100s ]
SQL: INSERT INTO `fb_servernote` (`server_note`,`oid`,`create_time_note`) VALUES ('<p>哈哈哈哈</p><p>嚯嚯嚯或</p>','57368','1545555813') [ RunTime:0.0000s ]
SQL: UPDATE `fb_order` SET `server_status`=server_status+1 WHERE `orderid` = 57368 [ RunTime:0.0010s ]

[ 2018-12-23T17:03:35+08:00 ] 127.0.0.1 /Home/Server/index
INFO: [ app_init ] --START--
INFO: Run Behavior\BuildLiteBehavior [ RunTime:0.000000s ]
INFO: [ app_init ] --END-- [ RunTime:0.000000s ]

[ 2018-12-23T17:09:00+08:00 ] 127.0.0.1 /Home/Server/index
INFO: [ app_init ] --START--
INFO: Run Behavior\BuildLiteBehavior [ RunTime:0.000000s ]
INFO: [ app_init ] --END-- [ RunTime:0.000000s ]

[ 2018-12-23T17:11:13+08:00 ] 127.0.0.1 /Home/Server/index
INFO: [ app_init ] --START--
INFO: Run Behavior\BuildLiteBehavior [ RunTime:0.000000s ]
INFO: [ app_init ] --END-- [ RunTime:0.000000s ]

[ 2018-12-23T17:12:30+08:00 ] 127.0.0.1 /Home/Server/index
INFO: [ app_init ] --START--
INFO: Run Behavior\BuildLiteBehavior [ RunTime:0.000000s ]
INFO: [ app_init ] --END-- [ RunTime:0.001000s ]

[ 2018-12-23T17:15:00+08:00 ] 127.0.0.1 /Home/Server/index
INFO: [ app_init ] --START--
INFO: Run Behavior\BuildLiteBehavior [ RunTime:0.000000s ]
INFO: [ app_init ] --END-- [ RunTime:0.001000s ]

[ 2018-12-23T17:18:20+08:00 ] 127.0.0.1 /Home/Server/index
INFO: [ app_init ] --START--
INFO: Run Behavior\BuildLiteBehavior [ RunTime:0.000000s ]
INFO: [ app_init ] --END-- [ RunTime:0.000000s ]

[ 2018-12-23T17:19:22+08:00 ] 127.0.0.1 /Home/Server/index
INFO: [ app_init ] --START--
INFO: Run Behavior\BuildLiteBehavior [ RunTime:0.000000s ]
INFO: [ app_init ] --END-- [ RunTime:0.000000s ]

[ 2018-12-23T17:19:25+08:00 ] 127.0.0.1 /Home/Server/server?orderid=57343&customer_name=%E7%8E%8B%E8%AF%AD%E5%AB%A3&customer_phone=13888889999
INFO: [ app_init ] --START--
INFO: Run Behavior\BuildLiteBehavior [ RunTime:0.000000s ]
INFO: [ app_init ] --END-- [ RunTime:0.000000s ]

[ 2018-12-23T17:19:40+08:00 ] 127.0.0.1 /Home/Server/server
INFO: [ app_init ] --START--
INFO: Run Behavior\BuildLiteBehavior [ RunTime:0.000000s ]
INFO: [ app_init ] --END-- [ RunTime:0.000000s ]
INFO: [ app_begin ] --START--
INFO: Run Behavior\ReadHtmlCacheBehavior [ RunTime:0.001000s ]
INFO: [ app_begin ] --END-- [ RunTime:0.001000s ]
SQL: SHOW COLUMNS FROM `fb_admin` [ RunTime:0.0100s ]
SQL: SELECT `role_auth_ac` FROM fb_admin m INNER JOIN fb_role as r on m.role_id = r.id  WHERE m.id = '1' LIMIT 1   [ RunTime:0.0010s ]
SQL: SHOW COLUMNS FROM `fb_order` [ RunTime:0.0110s ]
SQL: SHOW COLUMNS FROM `fb_servernote` [ RunTime:0.0060s ]
SQL: INSERT INTO `fb_servernote` (`server_note`,`oid`,`create_time_note`) VALUES ('江湖夜雨十年灯','57343','1545556780') [ RunTime:0.0000s ]
SQL: UPDATE `fb_order` SET `server_status`=server_status+1 WHERE `orderid` = 57343 [ RunTime:0.0000s ]

[ 2018-12-23T17:19:42+08:00 ] 127.0.0.1 /Home/Server/index
INFO: [ app_init ] --START--
INFO: Run Behavior\BuildLiteBehavior [ RunTime:0.000000s ]
INFO: [ app_init ] --END-- [ RunTime:0.001000s ]

[ 2018-12-23T17:20:03+08:00 ] 127.0.0.1 /Home/Order/show?orderid=57343
INFO: [ app_init ] --START--
INFO: Run Behavior\BuildLiteBehavior [ RunTime:0.000000s ]
INFO: [ app_init ] --END-- [ RunTime:0.000000s ]

[ 2018-12-23T17:20:59+08:00 ] 127.0.0.1 /Home/Server/server?orderid=57368&customer_name=%E9%B8%A0%E6%91%A9%E6%99%BA&customer_phone=18181818181
INFO: [ app_init ] --START--
INFO: Run Behavior\BuildLiteBehavior [ RunTime:0.000000s ]
INFO: [ app_init ] --END-- [ RunTime:0.000000s ]

[ 2018-12-23T17:21:02+08:00 ] 127.0.0.1 /Home/Order/show?orderid=57367
INFO: [ app_init ] --START--
INFO: Run Behavior\BuildLiteBehavior [ RunTime:0.000000s ]
INFO: [ app_init ] --END-- [ RunTime:0.001000s ]

[ 2018-12-23T17:21:07+08:00 ] 127.0.0.1 /Home/Order/show?orderid=57366
INFO: [ app_init ] --START--
INFO: Run Behavior\BuildLiteBehavior [ RunTime:0.000000s ]
INFO: [ app_init ] --END-- [ RunTime:0.000000s ]

[ 2018-12-23T17:25:47+08:00 ] 127.0.0.1 /Home/Server/index
INFO: [ app_init ] --START--
INFO: Run Behavior\BuildLiteBehavior [ RunTime:0.000000s ]
INFO: [ app_init ] --END-- [ RunTime:0.000000s ]

[ 2018-12-23T17:32:41+08:00 ] 127.0.0.1 /Home/Server/server?orderid=57361&customer_name=%E7%8E%8B%E8%AF%AD%E5%AB%A3&customer_phone=13888889999
INFO: [ app_init ] --START--
INFO: Run Behavior\BuildLiteBehavior [ RunTime:0.000000s ]
INFO: [ app_init ] --END-- [ RunTime:0.001000s ]

[ 2018-12-23T17:32:46+08:00 ] 127.0.0.1 /Home/Server/server?orderid=57368&customer_name=%E9%B8%A0%E6%91%A9%E6%99%BA&customer_phone=18181818181
INFO: [ app_init ] --START--
INFO: Run Behavior\BuildLiteBehavior [ RunTime:0.000000s ]
INFO: [ app_init ] --END-- [ RunTime:0.000000s ]

[ 2018-12-23T17:32:49+08:00 ] 127.0.0.1 /Home/Server/server?orderid=57361&customer_name=%E7%8E%8B%E8%AF%AD%E5%AB%A3&customer_phone=13888889999
INFO: [ app_init ] --START--
INFO: Run Behavior\BuildLiteBehavior [ RunTime:0.000000s ]
INFO: [ app_init ] --END-- [ RunTime:0.000000s ]

[ 2018-12-23T17:33:23+08:00 ] 127.0.0.1 /Home/Server/server?orderid=57368&customer_name=%E9%B8%A0%E6%91%A9%E6%99%BA&customer_phone=18181818181
INFO: [ app_init ] --START--
INFO: Run Behavior\BuildLiteBehavior [ RunTime:0.000000s ]
INFO: [ app_init ] --END-- [ RunTime:0.000000s ]

[ 2018-12-23T17:36:02+08:00 ] 127.0.0.1 /Home/Server/index
INFO: [ app_init ] --START--
INFO: Run Behavior\BuildLiteBehavior [ RunTime:0.000000s ]
INFO: [ app_init ] --END-- [ RunTime:0.001000s ]

[ 2018-12-23T17:36:07+08:00 ] 127.0.0.1 /Home/Server/server?orderid=57367&customer_name=%E6%85%95%E5%AE%B9%E5%A4%8D&customer_phone=15965968574
INFO: [ app_init ] --START--
INFO: Run Behavior\BuildLiteBehavior [ RunTime:0.001000s ]
INFO: [ app_init ] --END-- [ RunTime:0.001000s ]

[ 2018-12-23T17:36:12+08:00 ] 127.0.0.1 /Home/Server/server
INFO: [ app_init ] --START--
INFO: Run Behavior\BuildLiteBehavior [ RunTime:0.000000s ]
INFO: [ app_init ] --END-- [ RunTime:0.001000s ]
INFO: [ app_begin ] --START--
INFO: Run Behavior\ReadHtmlCacheBehavior [ RunTime:0.000000s ]
INFO: [ app_begin ] --END-- [ RunTime:0.001000s ]
SQL: SHOW COLUMNS FROM `fb_admin` [ RunTime:0.0100s ]
SQL: SELECT `role_auth_ac` FROM fb_admin m INNER JOIN fb_role as r on m.role_id = r.id  WHERE m.id = '1' LIMIT 1   [ RunTime:0.0000s ]
SQL: SHOW COLUMNS FROM `fb_servernote` [ RunTime:0.0100s ]
SQL: SHOW COLUMNS FROM `fb_order` [ RunTime:0.0110s ]
SQL: UPDATE `fb_servernote` SET `server_note`='阿萨德',`oid`='57367',`create_time_note`='1545557772' WHERE `nid` = 0 [ RunTime:0.0010s ]
SQL: UPDATE `fb_order` SET `server_status`=server_status+1 WHERE `orderid` = 57367 [ RunTime:0.0010s ]

[ 2018-12-23T17:40:09+08:00 ] 127.0.0.1 /Home/Server/index
INFO: [ app_init ] --START--
INFO: Run Behavior\BuildLiteBehavior [ RunTime:0.000000s ]
INFO: [ app_init ] --END-- [ RunTime:0.001000s ]

[ 2018-12-23T17:40:12+08:00 ] 127.0.0.1 /Home/Server/server?orderid=57368&customer_name=%E9%B8%A0%E6%91%A9%E6%99%BA&customer_phone=18181818181
INFO: [ app_init ] --START--
INFO: Run Behavior\BuildLiteBehavior [ RunTime:0.000000s ]
INFO: [ app_init ] --END-- [ RunTime:0.000000s ]

[ 2018-12-23T17:40:18+08:00 ] 127.0.0.1 /Home/Server/server
INFO: [ app_init ] --START--
INFO: Run Behavior\BuildLiteBehavior [ RunTime:0.000000s ]
INFO: [ app_init ] --END-- [ RunTime:0.001000s ]
INFO: [ app_begin ] --START--
INFO: Run Behavior\ReadHtmlCacheBehavior [ RunTime:0.001000s ]
INFO: [ app_begin ] --END-- [ RunTime:0.001000s ]
SQL: SHOW COLUMNS FROM `fb_admin` [ RunTime:0.0100s ]
SQL: SELECT `role_auth_ac` FROM fb_admin m INNER JOIN fb_role as r on m.role_id = r.id  WHERE m.id = '1' LIMIT 1   [ RunTime:0.0010s ]
SQL: SHOW COLUMNS FROM `fb_servernote` [ RunTime:0.0100s ]
SQL: SHOW COLUMNS FROM `fb_order` [ RunTime:0.0080s ]
SQL: UPDATE `fb_servernote` SET `server_note`='<p>哈哈哈哈</p><p>嚯嚯嚯或123</p>',`oid`='57368',`create_time_note`='1545558018' WHERE `nid` = 1 [ RunTime:0.0000s ]
NOTIC: [8] Undefined variable: or_res D:\www\oa\Application\Home\Controller\ServerController.class.php 第 118 行.

[ 2018-12-23T17:40:56+08:00 ] 127.0.0.1 /Home/Server/index
INFO: [ app_init ] --START--
INFO: Run Behavior\BuildLiteBehavior [ RunTime:0.000000s ]
INFO: [ app_init ] --END-- [ RunTime:0.001000s ]

[ 2018-12-23T17:40:58+08:00 ] 127.0.0.1 /Home/Server/server?orderid=57368&customer_name=%E9%B8%A0%E6%91%A9%E6%99%BA&customer_phone=18181818181
INFO: [ app_init ] --START--
INFO: Run Behavior\BuildLiteBehavior [ RunTime:0.000000s ]
INFO: [ app_init ] --END-- [ RunTime:0.001000s ]

[ 2018-12-23T17:41:03+08:00 ] 127.0.0.1 /Home/Server/server
INFO: [ app_init ] --START--
INFO: Run Behavior\BuildLiteBehavior [ RunTime:0.000000s ]
INFO: [ app_init ] --END-- [ RunTime:0.001000s ]
INFO: [ app_begin ] --START--
INFO: Run Behavior\ReadHtmlCacheBehavior [ RunTime:0.001000s ]
INFO: [ app_begin ] --END-- [ RunTime:0.001000s ]
SQL: SHOW COLUMNS FROM `fb_admin` [ RunTime:0.0100s ]
SQL: SELECT `role_auth_ac` FROM fb_admin m INNER JOIN fb_role as r on m.role_id = r.id  WHERE m.id = '1' LIMIT 1   [ RunTime:0.0010s ]
SQL: SHOW COLUMNS FROM `fb_servernote` [ RunTime:0.0100s ]
SQL: SHOW COLUMNS FROM `fb_order` [ RunTime:0.0100s ]
SQL: UPDATE `fb_servernote` SET `server_note`='<p>哈哈哈哈</p><p>嚯嚯嚯或123456</p>',`oid`='57368',`create_time_note`='1545558063' WHERE `nid` = 1 [ RunTime:0.0010s ]

[ 2018-12-23T17:41:05+08:00 ] 127.0.0.1 /Home/Server/index
INFO: [ app_init ] --START--
INFO: Run Behavior\BuildLiteBehavior [ RunTime:0.000000s ]
INFO: [ app_init ] --END-- [ RunTime:0.001000s ]

[ 2018-12-23T17:41:08+08:00 ] 127.0.0.1 /Home/Server/server?orderid=57366&customer_name=%E7%8E%8B%E8%AF%AD%E5%AB%A3&customer_phone=13888889999
INFO: [ app_init ] --START--
INFO: Run Behavior\BuildLiteBehavior [ RunTime:0.000000s ]
INFO: [ app_init ] --END-- [ RunTime:0.000000s ]

[ 2018-12-23T17:41:12+08:00 ] 127.0.0.1 /Home/Server/server
INFO: [ app_init ] --START--
INFO: Run Behavior\BuildLiteBehavior [ RunTime:0.000000s ]
INFO: [ app_init ] --END-- [ RunTime:0.001000s ]
INFO: [ app_begin ] --START--
INFO: Run Behavior\ReadHtmlCacheBehavior [ RunTime:0.000000s ]
INFO: [ app_begin ] --END-- [ RunTime:0.000000s ]
SQL: SHOW COLUMNS FROM `fb_admin` [ RunTime:0.0100s ]
SQL: SELECT `role_auth_ac` FROM fb_admin m INNER JOIN fb_role as r on m.role_id = r.id  WHERE m.id = '1' LIMIT 1   [ RunTime:0.0010s ]
SQL: SHOW COLUMNS FROM `fb_servernote` [ RunTime:0.0100s ]
SQL: SHOW COLUMNS FROM `fb_order` [ RunTime:0.0100s ]
NOTIC: [8] Undefined index: nid D:\www\oa\Application\Home\Controller\ServerController.class.php 第 111 行.

[ 2018-12-23T17:42:22+08:00 ] 127.0.0.1 /Home/Server/index
INFO: [ app_init ] --START--
INFO: Run Behavior\BuildLiteBehavior [ RunTime:0.000000s ]
INFO: [ app_init ] --END-- [ RunTime:0.000000s ]

[ 2018-12-23T17:43:59+08:00 ] 127.0.0.1 /Home/Order/show?orderid=57368
INFO: [ app_init ] --START--
INFO: Run Behavior\BuildLiteBehavior [ RunTime:0.000000s ]
INFO: [ app_init ] --END-- [ RunTime:0.001000s ]

[ 2018-12-23T17:44:16+08:00 ] 127.0.0.1 /Home/Server/index
INFO: [ app_init ] --START--
INFO: Run Behavior\BuildLiteBehavior [ RunTime:0.000000s ]
INFO: [ app_init ] --END-- [ RunTime:0.001000s ]

[ 2018-12-23T17:44:19+08:00 ] 127.0.0.1 /Home/Server/server?orderid=57366&customer_name=%E7%8E%8B%E8%AF%AD%E5%AB%A3&customer_phone=13888889999
INFO: [ app_init ] --START--
INFO: Run Behavior\BuildLiteBehavior [ RunTime:0.000000s ]
INFO: [ app_init ] --END-- [ RunTime:0.001000s ]

[ 2018-12-23T17:44:24+08:00 ] 127.0.0.1 /Home/Server/server
INFO: [ app_init ] --START--
INFO: Run Behavior\BuildLiteBehavior [ RunTime:0.000000s ]
INFO: [ app_init ] --END-- [ RunTime:0.001000s ]
INFO: [ app_begin ] --START--
INFO: Run Behavior\ReadHtmlCacheBehavior [ RunTime:0.000000s ]
INFO: [ app_begin ] --END-- [ RunTime:0.001000s ]
SQL: SHOW COLUMNS FROM `fb_admin` [ RunTime:0.0110s ]
SQL: SELECT `role_auth_ac` FROM fb_admin m INNER JOIN fb_role as r on m.role_id = r.id  WHERE m.id = '1' LIMIT 1   [ RunTime:0.0000s ]
SQL: SHOW COLUMNS FROM `fb_servernote` [ RunTime:0.0090s ]
SQL: SHOW COLUMNS FROM `fb_order` [ RunTime:0.0100s ]
SQL: INSERT INTO `fb_servernote` (`server_note`,`oid`,`nid`,`create_time_note`) VALUES ('1212312','57366','0','1545558264') [ RunTime:0.0010s ]
SQL: UPDATE `fb_order` SET `server_status`=server_status+1 WHERE `orderid` = 57366 [ RunTime:0.0010s ]

[ 2018-12-23T17:44:26+08:00 ] 127.0.0.1 /Home/Server/index
INFO: [ app_init ] --START--
INFO: Run Behavior\BuildLiteBehavior [ RunTime:0.000000s ]
INFO: [ app_init ] --END-- [ RunTime:0.000000s ]

[ 2018-12-23T17:44:28+08:00 ] 127.0.0.1 /Home/Server/server?orderid=57366&customer_name=%E7%8E%8B%E8%AF%AD%E5%AB%A3&customer_phone=13888889999
INFO: [ app_init ] --START--
INFO: Run Behavior\BuildLiteBehavior [ RunTime:0.000000s ]
INFO: [ app_init ] --END-- [ RunTime:0.001000s ]

[ 2018-12-23T17:44:34+08:00 ] 127.0.0.1 /Home/Server/server
INFO: [ app_init ] --START--
INFO: Run Behavior\BuildLiteBehavior [ RunTime:0.000000s ]
INFO: [ app_init ] --END-- [ RunTime:0.001000s ]
INFO: [ app_begin ] --START--
INFO: Run Behavior\ReadHtmlCacheBehavior [ RunTime:0.000000s ]
INFO: [ app_begin ] --END-- [ RunTime:0.000000s ]
SQL: SHOW COLUMNS FROM `fb_admin` [ RunTime:0.0100s ]
SQL: SELECT `role_auth_ac` FROM fb_admin m INNER JOIN fb_role as r on m.role_id = r.id  WHERE m.id = '1' LIMIT 1   [ RunTime:0.0010s ]
SQL: SHOW COLUMNS FROM `fb_servernote` [ RunTime:0.0100s ]
SQL: SHOW COLUMNS FROM `fb_order` [ RunTime:0.0110s ]
NOTIC: [8] Undefined index: nid D:\www\oa\Application\Home\Controller\ServerController.class.php 第 111 行.

[ 2018-12-23T17:45:22+08:00 ] 127.0.0.1 /Home/Server/index
INFO: [ app_init ] --START--
INFO: Run Behavior\BuildLiteBehavior [ RunTime:0.000000s ]
INFO: [ app_init ] --END-- [ RunTime:0.000000s ]

[ 2018-12-23T17:45:25+08:00 ] 127.0.0.1 /Home/Server/server?orderid=57365&customer_name=%E7%8E%8B%E8%AF%AD%E5%AB%A3&customer_phone=13888889999
INFO: [ app_init ] --START--
INFO: Run Behavior\BuildLiteBehavior [ RunTime:0.000000s ]
INFO: [ app_init ] --END-- [ RunTime:0.001000s ]

[ 2018-12-23T17:45:30+08:00 ] 127.0.0.1 /Home/Server/server
INFO: [ app_init ] --START--
INFO: Run Behavior\BuildLiteBehavior [ RunTime:0.000000s ]
INFO: [ app_init ] --END-- [ RunTime:0.000000s ]
INFO: [ app_begin ] --START--
INFO: Run Behavior\ReadHtmlCacheBehavior [ RunTime:0.000000s ]
INFO: [ app_begin ] --END-- [ RunTime:0.000000s ]
SQL: SHOW COLUMNS FROM `fb_admin` [ RunTime:0.0110s ]
SQL: SELECT `role_auth_ac` FROM fb_admin m INNER JOIN fb_role as r on m.role_id = r.id  WHERE m.id = '1' LIMIT 1   [ RunTime:0.0010s ]
SQL: SHOW COLUMNS FROM `fb_servernote` [ RunTime:0.0090s ]
SQL: SHOW COLUMNS FROM `fb_order` [ RunTime:0.0110s ]
NOTIC: [8] Undefined index: nid D:\www\oa\Application\Home\Controller\ServerController.class.php 第 111 行.

[ 2018-12-23T17:48:36+08:00 ] 127.0.0.1 /Home/Server/index
INFO: [ app_init ] --START--
INFO: Run Behavior\BuildLiteBehavior [ RunTime:0.000000s ]
INFO: [ app_init ] --END-- [ RunTime:0.001000s ]

[ 2018-12-23T17:48:39+08:00 ] 127.0.0.1 /Home/Server/server?orderid=57365&customer_name=%E7%8E%8B%E8%AF%AD%E5%AB%A3&customer_phone=13888889999
INFO: [ app_init ] --START--
INFO: Run Behavior\BuildLiteBehavior [ RunTime:0.000000s ]
INFO: [ app_init ] --END-- [ RunTime:0.000000s ]

[ 2018-12-23T17:48:44+08:00 ] 127.0.0.1 /Home/Server/server
INFO: [ app_init ] --START--
INFO: Run Behavior\BuildLiteBehavior [ RunTime:0.000000s ]
INFO: [ app_init ] --END-- [ RunTime:0.000000s ]
INFO: [ app_begin ] --START--
INFO: Run Behavior\ReadHtmlCacheBehavior [ RunTime:0.001000s ]
INFO: [ app_begin ] --END-- [ RunTime:0.001000s ]
SQL: SHOW COLUMNS FROM `fb_admin` [ RunTime:0.0110s ]
SQL: SELECT `role_auth_ac` FROM fb_admin m INNER JOIN fb_role as r on m.role_id = r.id  WHERE m.id = '1' LIMIT 1   [ RunTime:0.0010s ]
SQL: SHOW COLUMNS FROM `fb_servernote` [ RunTime:0.0100s ]
SQL: SHOW COLUMNS FROM `fb_order` [ RunTime:0.0110s ]
SQL: INSERT INTO `fb_servernote` (`server_note`,`oid`,`create_time_note`) VALUES ('学习好喜欢','57365','1545558524') [ RunTime:0.0000s ]
SQL: UPDATE `fb_order` SET `server_status`=server_status+1 WHERE `orderid` = 57365 [ RunTime:0.0010s ]

[ 2018-12-23T17:48:46+08:00 ] 127.0.0.1 /Home/Server/index
INFO: [ app_init ] --START--
INFO: Run Behavior\BuildLiteBehavior [ RunTime:0.000000s ]
INFO: [ app_init ] --END-- [ RunTime:0.001000s ]

[ 2018-12-23T17:48:49+08:00 ] 127.0.0.1 /Home/Server/server?orderid=57365&customer_name=%E7%8E%8B%E8%AF%AD%E5%AB%A3&customer_phone=13888889999
INFO: [ app_init ] --START--
INFO: Run Behavior\BuildLiteBehavior [ RunTime:0.000000s ]
INFO: [ app_init ] --END-- [ RunTime:0.001000s ]

[ 2018-12-23T17:48:59+08:00 ] 127.0.0.1 /Home/Server/server
INFO: [ app_init ] --START--
INFO: Run Behavior\BuildLiteBehavior [ RunTime:0.000000s ]
INFO: [ app_init ] --END-- [ RunTime:0.001000s ]
INFO: [ app_begin ] --START--
INFO: Run Behavior\ReadHtmlCacheBehavior [ RunTime:0.000000s ]
INFO: [ app_begin ] --END-- [ RunTime:0.000000s ]
SQL: SHOW COLUMNS FROM `fb_admin` [ RunTime:0.0100s ]
SQL: SELECT `role_auth_ac` FROM fb_admin m INNER JOIN fb_role as r on m.role_id = r.id  WHERE m.id = '1' LIMIT 1   [ RunTime:0.0010s ]
SQL: SHOW COLUMNS FROM `fb_servernote` [ RunTime:0.0100s ]
SQL: SHOW COLUMNS FROM `fb_order` [ RunTime:0.0110s ]
SQL: UPDATE `fb_servernote` SET `server_note`='<p>学习好喜欢<br>好喜欢学习</p>',`oid`='57365',`create_time_note`='1545558539' WHERE `nid` = 5 [ RunTime:0.0010s ]

[ 2018-12-23T17:49:01+08:00 ] 127.0.0.1 /Home/Server/index
INFO: [ app_init ] --START--
INFO: Run Behavior\BuildLiteBehavior [ RunTime:0.000000s ]
INFO: [ app_init ] --END-- [ RunTime:0.000000s ]

[ 2018-12-23T17:49:05+08:00 ] 127.0.0.1 /Home/Server/server?orderid=57365&customer_name=%E7%8E%8B%E8%AF%AD%E5%AB%A3&customer_phone=13888889999
INFO: [ app_init ] --START--
INFO: Run Behavior\BuildLiteBehavior [ RunTime:0.000000s ]
INFO: [ app_init ] --END-- [ RunTime:0.000000s ]

[ 2018-12-23T17:49:12+08:00 ] 127.0.0.1 /Home/Server/server
INFO: [ app_init ] --START--
INFO: Run Behavior\BuildLiteBehavior [ RunTime:0.000000s ]
INFO: [ app_init ] --END-- [ RunTime:0.000000s ]
INFO: [ app_begin ] --START--
INFO: Run Behavior\ReadHtmlCacheBehavior [ RunTime:0.001000s ]
INFO: [ app_begin ] --END-- [ RunTime:0.001000s ]
SQL: SHOW COLUMNS FROM `fb_admin` [ RunTime:0.0110s ]
SQL: SELECT `role_auth_ac` FROM fb_admin m INNER JOIN fb_role as r on m.role_id = r.id  WHERE m.id = '1' LIMIT 1   [ RunTime:0.0010s ]
SQL: SHOW COLUMNS FROM `fb_servernote` [ RunTime:0.0100s ]
SQL: SHOW COLUMNS FROM `fb_order` [ RunTime:0.0100s ]
SQL: UPDATE `fb_servernote` SET `server_note`='<p>学习好喜欢<br><p>好喜欢学习<br>屋里哇啦</p></p>',`oid`='57365',`create_time_note`='1545558552' WHERE `nid` = 5 [ RunTime:0.0010s ]

[ 2018-12-23T17:49:14+08:00 ] 127.0.0.1 /Home/Server/index
INFO: [ app_init ] --START--
INFO: Run Behavior\BuildLiteBehavior [ RunTime:0.000000s ]
INFO: [ app_init ] --END-- [ RunTime:0.000000s ]

[ 2018-12-23T17:54:25+08:00 ] 127.0.0.1 /Home/Server/index
INFO: [ app_init ] --START--
INFO: Run Behavior\BuildLiteBehavior [ RunTime:0.000000s ]
INFO: [ app_init ] --END-- [ RunTime:0.000000s ]

[ 2018-12-23T17:56:50+08:00 ] 127.0.0.1 /Home/Server/index
INFO: [ app_init ] --START--
INFO: Run Behavior\BuildLiteBehavior [ RunTime:0.000000s ]
INFO: [ app_init ] --END-- [ RunTime:0.000000s ]

[ 2018-12-23T17:59:41+08:00 ] 127.0.0.1 /Home/Server/index
INFO: [ app_init ] --START--
INFO: Run Behavior\BuildLiteBehavior [ RunTime:0.000000s ]
INFO: [ app_init ] --END-- [ RunTime:0.000000s ]

[ 2018-12-23T18:06:03+08:00 ] 127.0.0.1 /Home/Server/index
INFO: [ app_init ] --START--
INFO: Run Behavior\BuildLiteBehavior [ RunTime:0.000000s ]
INFO: [ app_init ] --END-- [ RunTime:0.000000s ]

[ 2018-12-23T18:06:07+08:00 ] 127.0.0.1 /Home/Server/index?stat_date=&stop_date=&server_status=0&word=
INFO: [ app_init ] --START--
INFO: Run Behavior\BuildLiteBehavior [ RunTime:0.000000s ]
INFO: [ app_init ] --END-- [ RunTime:0.000000s ]

[ 2018-12-23T18:07:15+08:00 ] 127.0.0.1 /Home/Server/index?stat_date=&stop_date=&server_status=1&word=
INFO: [ app_init ] --START--
INFO: Run Behavior\BuildLiteBehavior [ RunTime:0.000000s ]
INFO: [ app_init ] --END-- [ RunTime:0.001000s ]

[ 2018-12-23T18:07:20+08:00 ] 127.0.0.1 /Home/Server/index?stat_date=&stop_date=&server_status=0&word=
INFO: [ app_init ] --START--
INFO: Run Behavior\BuildLiteBehavior [ RunTime:0.001000s ]
INFO: [ app_init ] --END-- [ RunTime:0.001000s ]

[ 2018-12-23T18:08:44+08:00 ] 127.0.0.1 /Home/Server/index?stat_date=&stop_date=&server_status=0&word=
INFO: [ app_init ] --START--
INFO: Run Behavior\BuildLiteBehavior [ RunTime:0.000000s ]
INFO: [ app_init ] --END-- [ RunTime:0.001000s ]

[ 2018-12-23T18:08:47+08:00 ] 127.0.0.1 /Home/Server/index?stat_date=&stop_date=&server_status=2&word=
INFO: [ app_init ] --START--
INFO: Run Behavior\BuildLiteBehavior [ RunTime:0.000000s ]
INFO: [ app_init ] --END-- [ RunTime:0.001000s ]

[ 2018-12-23T18:08:55+08:00 ] 127.0.0.1 /Home/Server/index?stat_date=2018-12-03&stop_date=2018-12-05&server_status=&word=
INFO: [ app_init ] --START--
INFO: Run Behavior\BuildLiteBehavior [ RunTime:0.000000s ]
INFO: [ app_init ] --END-- [ RunTime:0.000000s ]

[ 2018-12-23T18:09:04+08:00 ] 127.0.0.1 /Home/Server/index?stat_date=&stop_date=&server_status=&word=%E5%96%9C%E6%AC%A2
INFO: [ app_init ] --START--
INFO: Run Behavior\BuildLiteBehavior [ RunTime:0.000000s ]
INFO: [ app_init ] --END-- [ RunTime:0.000000s ]
ERR: 1054:Unknown column 'server_note' in 'where clause'
 [ SQL语句 ] : SELECT COUNT(*) AS tp_count FROM `fb_order` WHERE `delete` = 1 AND `orderstatus` = 3 AND ( `orderno` LIKE '%喜欢%' OR `desc` LIKE '%喜欢%' OR `couriername` LIKE '%喜欢%' OR `courierlist` LIKE '%喜欢%' OR `goods_de` LIKE '%喜欢%' OR `orderprice` LIKE '%喜欢%' OR `cheapprice` LIKE '%喜欢%' OR `pay` LIKE '%喜欢%' OR `payment` LIKE '%喜欢%' OR `paymentfee` LIKE '%喜欢%' OR `server_note` LIKE '%喜欢%' ) LIMIT 1  

[ 2018-12-23T18:10:38+08:00 ] 127.0.0.1 /Home/Server/index
INFO: [ app_init ] --START--
INFO: Run Behavior\BuildLiteBehavior [ RunTime:0.000000s ]
INFO: [ app_init ] --END-- [ RunTime:0.000000s ]

[ 2018-12-23T18:10:45+08:00 ] 127.0.0.1 /Home/Server/index?stat_date=&stop_date=&server_status=&word=%E5%AD%A6%E4%B9%A0
INFO: [ app_init ] --START--
INFO: Run Behavior\BuildLiteBehavior [ RunTime:0.000000s ]
INFO: [ app_init ] --END-- [ RunTime:0.000000s ]

