[ 2019-01-05T16:43:46+08:00 ] 127.0.0.1 /Home/Telephone/updata
INFO: [ app_init ] --START--
INFO: Run Behavior\BuildLiteBehavior [ RunTime:0.000000s ]
INFO: [ app_init ] --END-- [ RunTime:0.000000s ]
INFO: [ app_begin ] --START--
INFO: Run Behavior\ReadHtmlCacheBehavior [ RunTime:0.000000s ]
INFO: [ app_begin ] --END-- [ RunTime:0.000000s ]
SQL: SHOW COLUMNS FROM `fb_admin` [ RunTime:0.0100s ]
SQL: SELECT `role_auth_ac` FROM fb_admin m INNER JOIN fb_role as r on m.role_id = r.id  WHERE m.id = '1' LIMIT 1   [ RunTime:0.0010s ]
INFO: [ view_parse ] --START--
INFO: [ template_filter ] --START--
INFO: Run Behavior\ContentReplaceBehavior [ RunTime:0.000000s ]
INFO: [ template_filter ] --END-- [ RunTime:0.000000s ]
INFO: Run Behavior\ParseTemplateBehavior [ RunTime:0.018000s ]
INFO: [ view_parse ] --END-- [ RunTime:0.019000s ]
INFO: [ view_filter ] --START--
INFO: Run Behavior\WriteHtmlCacheBehavior [ RunTime:0.000000s ]
INFO: [ view_filter ] --END-- [ RunTime:0.000000s ]
INFO: [ app_end ] --START--
INFO: Run Behavior\ShowPageTraceBehavior [ RunTime:0.001000s ]
INFO: [ app_end ] --END-- [ RunTime:0.001000s ]

[ 2019-01-05T16:44:46+08:00 ] 127.0.0.1 /Home/Telephone/updata
INFO: [ app_init ] --START--
INFO: Run Behavior\BuildLiteBehavior [ RunTime:0.000000s ]
INFO: [ app_init ] --END-- [ RunTime:0.000000s ]
INFO: [ app_begin ] --START--
INFO: Run Behavior\ReadHtmlCacheBehavior [ RunTime:0.000000s ]
INFO: [ app_begin ] --END-- [ RunTime:0.000000s ]
SQL: SHOW COLUMNS FROM `fb_admin` [ RunTime:0.0090s ]
SQL: SELECT `role_auth_ac` FROM fb_admin m INNER JOIN fb_role as r on m.role_id = r.id  WHERE m.id = '1' LIMIT 1   [ RunTime:0.0010s ]
SQL: SHOW COLUMNS FROM `fb_phone` [ RunTime:0.0090s ]
SQL: SHOW COLUMNS FROM `fb_phone_temp` [ RunTime:0.0090s ]
SQL: SELECT COUNT(*) AS tp_count FROM `fb_phone_temp` LIMIT 1   [ RunTime:0.0010s ]

[ 2019-01-05T17:37:03+08:00 ] 127.0.0.1 /Home/Telephone/phone
INFO: [ app_init ] --START--
INFO: Run Behavior\BuildLiteBehavior [ RunTime:0.000000s ]
INFO: [ app_init ] --END-- [ RunTime:0.000000s ]
INFO: [ app_begin ] --START--
INFO: Run Behavior\ReadHtmlCacheBehavior [ RunTime:0.001000s ]
INFO: [ app_begin ] --END-- [ RunTime:0.001000s ]
SQL: SHOW COLUMNS FROM `fb_admin` [ RunTime:0.0110s ]
SQL: SELECT `role_auth_ac` FROM fb_admin m INNER JOIN fb_role as r on m.role_id = r.id  WHERE m.id = '1' LIMIT 1   [ RunTime:0.0030s ]
SQL: SHOW COLUMNS FROM `fb_phone` [ RunTime:0.0090s ]
NOTIC: [8] Undefined index: day D:\www\oa\Application\Home\Controller\TelephoneController.class.php 第 164 行.
NOTIC: [2] Invalid argument supplied for foreach() D:\www\oa\ThinkPHP\Library\Think\Db\Driver.class.php 第 504 行.
SQL: SELECT COUNT(*) AS tp_count FROM `fb_phone` LIMIT 1   [ RunTime:0.0000s ]
NOTIC: [2] Invalid argument supplied for foreach() D:\www\oa\ThinkPHP\Library\Think\Db\Driver.class.php 第 504 行.
SQL: SELECT * FROM `fb_phone` ORDER BY id desc LIMIT 0,50   [ RunTime:0.0010s ]
SQL: SELECT `id`,`nickname` FROM `fb_admin`  [ RunTime:0.0000s ]
SQL: SELECT COUNT(*) AS tp_count FROM `fb_phone` WHERE `use_time` BETWEEN 1546617600 AND 1546704000 LIMIT 1   [ RunTime:0.0210s ]
SQL: SELECT COUNT(*) AS tp_count FROM `fb_phone` WHERE `use_time` BETWEEN 1546531200 AND 1546617599 LIMIT 1   [ RunTime:0.0110s ]
SQL: SELECT COUNT(*) AS tp_count FROM `fb_phone` WHERE `use_time` BETWEEN 1546272000 AND 1548950399 LIMIT 1   [ RunTime:0.0110s ]
SQL: SELECT COUNT(*) AS tp_count FROM `fb_phone` WHERE `use_time` BETWEEN 1543593600 AND 1546271999 LIMIT 1   [ RunTime:0.0100s ]
SQL: SELECT COUNT(*) AS tp_count FROM `fb_phone` WHERE `weixin` = 2 LIMIT 1   [ RunTime:0.0120s ]
SQL: SHOW COLUMNS FROM `fb_role` [ RunTime:0.0020s ]
SQL: SELECT * FROM `fb_role` WHERE `id` = 1 LIMIT 1   [ RunTime:0.0010s ]
INFO: [ view_parse ] --START--
INFO: [ template_filter ] --START--
INFO: Run Behavior\ContentReplaceBehavior [ RunTime:0.000000s ]
INFO: [ template_filter ] --END-- [ RunTime:0.000000s ]
NOTIC: [8] Undefined index: yesterday D:\www\oa\Application\Runtime\Cache\Home\99bee031c9f0167e8681a1945fd79745.php 第 51 行.
NOTIC: [8] Undefined variable: i D:\www\oa\Application\Runtime\Cache\Home\99bee031c9f0167e8681a1945fd79745.php 第 89 行.
NOTIC: [8] Undefined index: nickname D:\www\oa\Application\Runtime\Cache\Home\99bee031c9f0167e8681a1945fd79745.php 第 98 行.
NOTIC: [8] Undefined index: nickname D:\www\oa\Application\Runtime\Cache\Home\99bee031c9f0167e8681a1945fd79745.php 第 98 行.
NOTIC: [8] Undefined index: nickname D:\www\oa\Application\Runtime\Cache\Home\99bee031c9f0167e8681a1945fd79745.php 第 98 行.
NOTIC: [8] Undefined index: nickname D:\www\oa\Application\Runtime\Cache\Home\99bee031c9f0167e8681a1945fd79745.php 第 98 行.
NOTIC: [8] Undefined index: nickname D:\www\oa\Application\Runtime\Cache\Home\99bee031c9f0167e8681a1945fd79745.php 第 98 行.
NOTIC: [8] Undefined index: nickname D:\www\oa\Application\Runtime\Cache\Home\99bee031c9f0167e8681a1945fd79745.php 第 98 行.
NOTIC: [8] Undefined index: nickname D:\www\oa\Application\Runtime\Cache\Home\99bee031c9f0167e8681a1945fd79745.php 第 98 行.
NOTIC: [8] Undefined index: nickname D:\www\oa\Application\Runtime\Cache\Home\99bee031c9f0167e8681a1945fd79745.php 第 98 行.
NOTIC: [8] Undefined index: nickname D:\www\oa\Application\Runtime\Cache\Home\99bee031c9f0167e8681a1945fd79745.php 第 98 行.
NOTIC: [8] Undefined index: nickname D:\www\oa\Application\Runtime\Cache\Home\99bee031c9f0167e8681a1945fd79745.php 第 98 行.
NOTIC: [8] Undefined index: nickname D:\www\oa\Application\Runtime\Cache\Home\99bee031c9f0167e8681a1945fd79745.php 第 98 行.
NOTIC: [8] Undefined index: nickname D:\www\oa\Application\Runtime\Cache\Home\99bee031c9f0167e8681a1945fd79745.php 第 98 行.
NOTIC: [8] Undefined index: nickname D:\www\oa\Application\Runtime\Cache\Home\99bee031c9f0167e8681a1945fd79745.php 第 98 行.
NOTIC: [8] Undefined index: nickname D:\www\oa\Application\Runtime\Cache\Home\99bee031c9f0167e8681a1945fd79745.php 第 98 行.
NOTIC: [8] Undefined index: nickname D:\www\oa\Application\Runtime\Cache\Home\99bee031c9f0167e8681a1945fd79745.php 第 98 行.
NOTIC: [8] Undefined index: nickname D:\www\oa\Application\Runtime\Cache\Home\99bee031c9f0167e8681a1945fd79745.php 第 98 行.
NOTIC: [8] Undefined index: nickname D:\www\oa\Application\Runtime\Cache\Home\99bee031c9f0167e8681a1945fd79745.php 第 98 行.
NOTIC: [8] Undefined index: nickname D:\www\oa\Application\Runtime\Cache\Home\99bee031c9f0167e8681a1945fd79745.php 第 98 行.
NOTIC: [8] Undefined index: nickname D:\www\oa\Application\Runtime\Cache\Home\99bee031c9f0167e8681a1945fd79745.php 第 98 行.
NOTIC: [8] Undefined index: nickname D:\www\oa\Application\Runtime\Cache\Home\99bee031c9f0167e8681a1945fd79745.php 第 98 行.
NOTIC: [8] Undefined index: nickname D:\www\oa\Application\Runtime\Cache\Home\99bee031c9f0167e8681a1945fd79745.php 第 98 行.
NOTIC: [8] Undefined index: nickname D:\www\oa\Application\Runtime\Cache\Home\99bee031c9f0167e8681a1945fd79745.php 第 98 行.
NOTIC: [8] Undefined index: nickname D:\www\oa\Application\Runtime\Cache\Home\99bee031c9f0167e8681a1945fd79745.php 第 98 行.
NOTIC: [8] Undefined index: nickname D:\www\oa\Application\Runtime\Cache\Home\99bee031c9f0167e8681a1945fd79745.php 第 98 行.
NOTIC: [8] Undefined index: nickname D:\www\oa\Application\Runtime\Cache\Home\99bee031c9f0167e8681a1945fd79745.php 第 98 行.
NOTIC: [8] Undefined index: nickname D:\www\oa\Application\Runtime\Cache\Home\99bee031c9f0167e8681a1945fd79745.php 第 98 行.
NOTIC: [8] Undefined index: nickname D:\www\oa\Application\Runtime\Cache\Home\99bee031c9f0167e8681a1945fd79745.php 第 98 行.
NOTIC: [8] Undefined index: nickname D:\www\oa\Application\Runtime\Cache\Home\99bee031c9f0167e8681a1945fd79745.php 第 98 行.
NOTIC: [8] Undefined index: nickname D:\www\oa\Application\Runtime\Cache\Home\99bee031c9f0167e8681a1945fd79745.php 第 98 行.
NOTIC: [8] Undefined index: nickname D:\www\oa\Application\Runtime\Cache\Home\99bee031c9f0167e8681a1945fd79745.php 第 98 行.
NOTIC: [8] Undefined index: nickname D:\www\oa\Application\Runtime\Cache\Home\99bee031c9f0167e8681a1945fd79745.php 第 98 行.
NOTIC: [8] Undefined index: nickname D:\www\oa\Application\Runtime\Cache\Home\99bee031c9f0167e8681a1945fd79745.php 第 98 行.
NOTIC: [8] Undefined index: nickname D:\www\oa\Application\Runtime\Cache\Home\99bee031c9f0167e8681a1945fd79745.php 第 98 行.
NOTIC: [8] Undefined index: nickname D:\www\oa\Application\Runtime\Cache\Home\99bee031c9f0167e8681a1945fd79745.php 第 98 行.
NOTIC: [8] Undefined index: nickname D:\www\oa\Application\Runtime\Cache\Home\99bee031c9f0167e8681a1945fd79745.php 第 98 行.
NOTIC: [8] Undefined index: nickname D:\www\oa\Application\Runtime\Cache\Home\99bee031c9f0167e8681a1945fd79745.php 第 98 行.
NOTIC: [8] Undefined index: nickname D:\www\oa\Application\Runtime\Cache\Home\99bee031c9f0167e8681a1945fd79745.php 第 98 行.
NOTIC: [8] Undefined index: nickname D:\www\oa\Application\Runtime\Cache\Home\99bee031c9f0167e8681a1945fd79745.php 第 98 行.
NOTIC: [8] Undefined index: nickname D:\www\oa\Application\Runtime\Cache\Home\99bee031c9f0167e8681a1945fd79745.php 第 98 行.
NOTIC: [8] Undefined index: nickname D:\www\oa\Application\Runtime\Cache\Home\99bee031c9f0167e8681a1945fd79745.php 第 98 行.
NOTIC: [8] Undefined index: nickname D:\www\oa\Application\Runtime\Cache\Home\99bee031c9f0167e8681a1945fd79745.php 第 98 行.
NOTIC: [8] Undefined index: nickname D:\www\oa\Application\Runtime\Cache\Home\99bee031c9f0167e8681a1945fd79745.php 第 98 行.
NOTIC: [8] Undefined index: nickname D:\www\oa\Application\Runtime\Cache\Home\99bee031c9f0167e8681a1945fd79745.php 第 98 行.
NOTIC: [8] Undefined index: nickname D:\www\oa\Application\Runtime\Cache\Home\99bee031c9f0167e8681a1945fd79745.php 第 98 行.
NOTIC: [8] Undefined index: nickname D:\www\oa\Application\Runtime\Cache\Home\99bee031c9f0167e8681a1945fd79745.php 第 98 行.
NOTIC: [8] Undefined index: nickname D:\www\oa\Application\Runtime\Cache\Home\99bee031c9f0167e8681a1945fd79745.php 第 98 行.
NOTIC: [8] Undefined index: nickname D:\www\oa\Application\Runtime\Cache\Home\99bee031c9f0167e8681a1945fd79745.php 第 98 行.
NOTIC: [8] Undefined index: nickname D:\www\oa\Application\Runtime\Cache\Home\99bee031c9f0167e8681a1945fd79745.php 第 98 行.
NOTIC: [8] Undefined index: nickname D:\www\oa\Application\Runtime\Cache\Home\99bee031c9f0167e8681a1945fd79745.php 第 98 行.
NOTIC: [8] Undefined index: nickname D:\www\oa\Application\Runtime\Cache\Home\99bee031c9f0167e8681a1945fd79745.php 第 98 行.
INFO: Run Behavior\ParseTemplateBehavior [ RunTime:0.010000s ]
INFO: [ view_parse ] --END-- [ RunTime:0.010000s ]
INFO: [ view_filter ] --START--
INFO: Run Behavior\WriteHtmlCacheBehavior [ RunTime:0.000000s ]
INFO: [ view_filter ] --END-- [ RunTime:0.000000s ]
INFO: [ app_end ] --START--
INFO: Run Behavior\ShowPageTraceBehavior [ RunTime:0.001000s ]
INFO: [ app_end ] --END-- [ RunTime:0.001000s ]

[ 2019-01-05T17:37:05+08:00 ] 127.0.0.1 /Home/Telephone/detection
INFO: [ app_init ] --START--
INFO: Run Behavior\BuildLiteBehavior [ RunTime:0.000000s ]
INFO: [ app_init ] --END-- [ RunTime:0.000000s ]
INFO: [ app_begin ] --START--
INFO: Run Behavior\ReadHtmlCacheBehavior [ RunTime:0.001000s ]
INFO: [ app_begin ] --END-- [ RunTime:0.001000s ]
SQL: SHOW COLUMNS FROM `fb_admin` [ RunTime:0.0110s ]
SQL: SELECT `role_auth_ac` FROM fb_admin m INNER JOIN fb_role as r on m.role_id = r.id  WHERE m.id = '1' LIMIT 1   [ RunTime:0.0000s ]
INFO: [ view_parse ] --START--
INFO: [ template_filter ] --START--
INFO: Run Behavior\ContentReplaceBehavior [ RunTime:0.000000s ]
INFO: [ template_filter ] --END-- [ RunTime:0.000000s ]
INFO: Run Behavior\ParseTemplateBehavior [ RunTime:0.017000s ]
INFO: [ view_parse ] --END-- [ RunTime:0.017000s ]
INFO: [ view_filter ] --START--
INFO: Run Behavior\WriteHtmlCacheBehavior [ RunTime:0.000000s ]
INFO: [ view_filter ] --END-- [ RunTime:0.001000s ]
INFO: [ app_end ] --START--
INFO: Run Behavior\ShowPageTraceBehavior [ RunTime:0.001000s ]
INFO: [ app_end ] --END-- [ RunTime:0.001000s ]

[ 2019-01-05T17:37:24+08:00 ] 127.0.0.1 /Home/Telephone/detection
INFO: [ app_init ] --START--
INFO: Run Behavior\BuildLiteBehavior [ RunTime:0.000000s ]
INFO: [ app_init ] --END-- [ RunTime:0.001000s ]
INFO: [ app_begin ] --START--
INFO: Run Behavior\ReadHtmlCacheBehavior [ RunTime:0.001000s ]
INFO: [ app_begin ] --END-- [ RunTime:0.001000s ]
SQL: SHOW COLUMNS FROM `fb_admin` [ RunTime:0.0110s ]
SQL: SELECT `role_auth_ac` FROM fb_admin m INNER JOIN fb_role as r on m.role_id = r.id  WHERE m.id = '1' LIMIT 1   [ RunTime:0.0010s ]
INFO: [ view_parse ] --START--
INFO: [ template_filter ] --START--
INFO: Run Behavior\ContentReplaceBehavior [ RunTime:0.000000s ]
INFO: [ template_filter ] --END-- [ RunTime:0.000000s ]
INFO: Run Behavior\ParseTemplateBehavior [ RunTime:0.014000s ]
INFO: [ view_parse ] --END-- [ RunTime:0.014000s ]
INFO: [ view_filter ] --START--
INFO: Run Behavior\WriteHtmlCacheBehavior [ RunTime:0.001000s ]
INFO: [ view_filter ] --END-- [ RunTime:0.001000s ]
INFO: [ app_end ] --START--
INFO: Run Behavior\ShowPageTraceBehavior [ RunTime:0.001000s ]
INFO: [ app_end ] --END-- [ RunTime:0.001000s ]

[ 2019-01-05T18:37:35+08:00 ] 127.0.0.1 /Home/Telephone/updata
INFO: [ app_init ] --START--
INFO: Run Behavior\BuildLiteBehavior [ RunTime:0.000000s ]
INFO: [ app_init ] --END-- [ RunTime:0.000000s ]
INFO: [ app_begin ] --START--
INFO: Run Behavior\ReadHtmlCacheBehavior [ RunTime:0.000000s ]
INFO: [ app_begin ] --END-- [ RunTime:0.000000s ]

