[ 2019-01-07T08:47:44+08:00 ] 127.0.0.1 /Public/Home/images/icon.png
INFO: [ app_init ] --START--
INFO: Run Behavior\BuildLiteBehavior [ RunTime:0.000000s ]
INFO: [ app_init ] --END-- [ RunTime:0.000000s ]
ERR: 无法加载模块:Public

[ 2019-01-07T08:47:45+08:00 ] 127.0.0.1 /Public/Home/images/11.jpg
INFO: [ app_init ] --START--
INFO: Run Behavior\BuildLiteBehavior [ RunTime:0.000000s ]
INFO: [ app_init ] --END-- [ RunTime:0.000000s ]
ERR: 无法加载模块:Public

[ 2019-01-07T08:47:45+08:00 ] 127.0.0.1 /Public/Uploads/2018-12-29/5c273e9f9a977_s.jpg
INFO: [ app_init ] --START--
INFO: Run Behavior\BuildLiteBehavior [ RunTime:0.000000s ]
INFO: [ app_init ] --END-- [ RunTime:0.001000s ]
ERR: 无法加载模块:Public

[ 2019-01-07T08:47:45+08:00 ] 127.0.0.1 /Public/Uploads/2018-12-29/5c273e7bada27_s.jpg
INFO: [ app_init ] --START--
INFO: Run Behavior\BuildLiteBehavior [ RunTime:0.000000s ]
INFO: [ app_init ] --END-- [ RunTime:0.001000s ]
ERR: 无法加载模块:Public

[ 2019-01-07T08:47:45+08:00 ] 127.0.0.1 /Public/Uploads/2018-12-29/5c273e4b93fff_s.jpg
INFO: [ app_init ] --START--
INFO: Run Behavior\BuildLiteBehavior [ RunTime:0.000000s ]
INFO: [ app_init ] --END-- [ RunTime:0.000000s ]
ERR: 无法加载模块:Public

[ 2019-01-07T08:47:45+08:00 ] 127.0.0.1 /Public/Uploads/2018-12-12/5c10cd7a359db_s.jpg
INFO: [ app_init ] --START--
INFO: Run Behavior\BuildLiteBehavior [ RunTime:0.000000s ]
INFO: [ app_init ] --END-- [ RunTime:0.000000s ]
ERR: 无法加载模块:Public

[ 2019-01-07T08:47:45+08:00 ] 127.0.0.1 /Public/Uploads/2018-12-24/5c208672e46bd_s.jpg
INFO: [ app_init ] --START--
INFO: Run Behavior\BuildLiteBehavior [ RunTime:0.000000s ]
INFO: [ app_init ] --END-- [ RunTime:0.000000s ]
ERR: 无法加载模块:Public

[ 2019-01-07T08:47:45+08:00 ] 127.0.0.1 /Public/Uploads/2018-12-29/5c273f0b6f60f_s.png
INFO: [ app_init ] --START--
INFO: Run Behavior\BuildLiteBehavior [ RunTime:0.000000s ]
INFO: [ app_init ] --END-- [ RunTime:0.000000s ]
ERR: 无法加载模块:Public

[ 2019-01-07T12:24:19+08:00 ] 127.0.0.1 /Public/Home/images/icon.png
INFO: [ app_init ] --START--
INFO: Run Behavior\BuildLiteBehavior [ RunTime:0.000000s ]
INFO: [ app_init ] --END-- [ RunTime:0.000000s ]
ERR: 无法加载模块:Public

[ 2019-01-07T12:24:22+08:00 ] 127.0.0.1 /Public/Uploads/2018-12-29/5c273e9f9a977_s.jpg
INFO: [ app_init ] --START--
INFO: Run Behavior\BuildLiteBehavior [ RunTime:0.000000s ]
INFO: [ app_init ] --END-- [ RunTime:0.000000s ]
ERR: 无法加载模块:Public

[ 2019-01-07T12:24:22+08:00 ] 127.0.0.1 /Public/Home/images/11.jpg
INFO: [ app_init ] --START--
INFO: Run Behavior\BuildLiteBehavior [ RunTime:0.000000s ]
INFO: [ app_init ] --END-- [ RunTime:0.000000s ]
ERR: 无法加载模块:Public

[ 2019-01-07T12:24:22+08:00 ] 127.0.0.1 /Public/Uploads/2018-12-29/5c273e7bada27_s.jpg
INFO: [ app_init ] --START--
INFO: Run Behavior\BuildLiteBehavior [ RunTime:0.000000s ]
INFO: [ app_init ] --END-- [ RunTime:0.000000s ]
ERR: 无法加载模块:Public

[ 2019-01-07T12:24:22+08:00 ] 127.0.0.1 /Public/Uploads/2018-12-24/5c208672e46bd_s.jpg
INFO: [ app_init ] --START--
INFO: Run Behavior\BuildLiteBehavior [ RunTime:0.000000s ]
INFO: [ app_init ] --END-- [ RunTime:0.000000s ]
ERR: 无法加载模块:Public

[ 2019-01-07T12:24:22+08:00 ] 127.0.0.1 /Public/Uploads/2018-12-29/5c273f0b6f60f_s.png
INFO: [ app_init ] --START--
INFO: Run Behavior\BuildLiteBehavior [ RunTime:0.000000s ]
INFO: [ app_init ] --END-- [ RunTime:0.000000s ]
ERR: 无法加载模块:Public

[ 2019-01-07T12:24:22+08:00 ] 127.0.0.1 /Public/Uploads/2018-12-12/5c10cd7a359db_s.jpg
INFO: [ app_init ] --START--
INFO: Run Behavior\BuildLiteBehavior [ RunTime:0.000000s ]
INFO: [ app_init ] --END-- [ RunTime:0.001000s ]
ERR: 无法加载模块:Public

[ 2019-01-07T12:24:22+08:00 ] 127.0.0.1 /Public/Uploads/2018-12-29/5c273e4b93fff_s.jpg
INFO: [ app_init ] --START--
INFO: Run Behavior\BuildLiteBehavior [ RunTime:0.000000s ]
INFO: [ app_init ] --END-- [ RunTime:0.000000s ]
ERR: 无法加载模块:Public

[ 2019-01-07T14:02:45+08:00 ] 127.0.0.1 /Public/Home/images/icon.png
INFO: [ app_init ] --START--
INFO: Run Behavior\BuildLiteBehavior [ RunTime:0.000000s ]
INFO: [ app_init ] --END-- [ RunTime:0.000000s ]
ERR: 无法加载模块:Public

[ 2019-01-07T14:02:46+08:00 ] 127.0.0.1 /Public/Home/images/11.jpg
INFO: [ app_init ] --START--
INFO: Run Behavior\BuildLiteBehavior [ RunTime:0.000000s ]
INFO: [ app_init ] --END-- [ RunTime:0.001000s ]
ERR: 无法加载模块:Public

[ 2019-01-07T14:02:46+08:00 ] 127.0.0.1 /Public/Uploads/2018-12-29/5c273e9f9a977_s.jpg
INFO: [ app_init ] --START--
INFO: Run Behavior\BuildLiteBehavior [ RunTime:0.000000s ]
INFO: [ app_init ] --END-- [ RunTime:0.000000s ]
ERR: 无法加载模块:Public

[ 2019-01-07T14:02:46+08:00 ] 127.0.0.1 /Public/Uploads/2018-12-12/5c10cd7a359db_s.jpg
INFO: [ app_init ] --START--
INFO: Run Behavior\BuildLiteBehavior [ RunTime:0.000000s ]
INFO: [ app_init ] --END-- [ RunTime:0.000000s ]
ERR: 无法加载模块:Public

[ 2019-01-07T14:02:46+08:00 ] 127.0.0.1 /Public/Uploads/2018-12-24/5c208672e46bd_s.jpg
INFO: [ app_init ] --START--
INFO: Run Behavior\BuildLiteBehavior [ RunTime:0.000000s ]
INFO: [ app_init ] --END-- [ RunTime:0.000000s ]
ERR: 无法加载模块:Public

[ 2019-01-07T14:02:46+08:00 ] 127.0.0.1 /Public/Uploads/2018-12-29/5c273f0b6f60f_s.png
INFO: [ app_init ] --START--
INFO: Run Behavior\BuildLiteBehavior [ RunTime:0.001000s ]
INFO: [ app_init ] --END-- [ RunTime:0.001000s ]
ERR: 无法加载模块:Public

[ 2019-01-07T14:02:46+08:00 ] 127.0.0.1 /Public/Uploads/2018-12-29/5c273e7bada27_s.jpg
INFO: [ app_init ] --START--
INFO: Run Behavior\BuildLiteBehavior [ RunTime:0.000000s ]
INFO: [ app_init ] --END-- [ RunTime:0.000000s ]
ERR: 无法加载模块:Public

[ 2019-01-07T14:02:46+08:00 ] 127.0.0.1 /Public/Uploads/2018-12-29/5c273e4b93fff_s.jpg
INFO: [ app_init ] --START--
INFO: Run Behavior\BuildLiteBehavior [ RunTime:0.000000s ]
INFO: [ app_init ] --END-- [ RunTime:0.000000s ]
ERR: 无法加载模块:Public

[ 2019-01-07T15:41:45+08:00 ] 127.0.0.1 /Public/Home/images/icon.png
INFO: [ app_init ] --START--
INFO: Run Behavior\BuildLiteBehavior [ RunTime:0.000000s ]
INFO: [ app_init ] --END-- [ RunTime:0.000000s ]
ERR: 无法加载模块:Public

[ 2019-01-07T15:41:46+08:00 ] 127.0.0.1 /Public/Home/images/11.jpg
INFO: [ app_init ] --START--
INFO: Run Behavior\BuildLiteBehavior [ RunTime:0.000000s ]
INFO: [ app_init ] --END-- [ RunTime:0.000000s ]
ERR: 无法加载模块:Public

[ 2019-01-07T15:41:46+08:00 ] 127.0.0.1 /Public/Uploads/2018-12-29/5c273e9f9a977_s.jpg
INFO: [ app_init ] --START--
INFO: Run Behavior\BuildLiteBehavior [ RunTime:0.000000s ]
INFO: [ app_init ] --END-- [ RunTime:0.000000s ]
ERR: 无法加载模块:Public

[ 2019-01-07T15:41:46+08:00 ] 127.0.0.1 /Public/Uploads/2018-12-12/5c10cd7a359db_s.jpg
INFO: [ app_init ] --START--
INFO: Run Behavior\BuildLiteBehavior [ RunTime:0.000000s ]
INFO: [ app_init ] --END-- [ RunTime:0.000000s ]
ERR: 无法加载模块:Public

[ 2019-01-07T15:41:46+08:00 ] 127.0.0.1 /Public/Uploads/2018-12-24/5c208672e46bd_s.jpg
INFO: [ app_init ] --START--
INFO: Run Behavior\BuildLiteBehavior [ RunTime:0.000000s ]
INFO: [ app_init ] --END-- [ RunTime:0.000000s ]
ERR: 无法加载模块:Public

[ 2019-01-07T15:41:46+08:00 ] 127.0.0.1 /Public/Uploads/2018-12-29/5c273f0b6f60f_s.png
INFO: [ app_init ] --START--
INFO: Run Behavior\BuildLiteBehavior [ RunTime:0.000000s ]
INFO: [ app_init ] --END-- [ RunTime:0.001000s ]
ERR: 无法加载模块:Public

[ 2019-01-07T15:41:46+08:00 ] 127.0.0.1 /Public/Uploads/2018-12-29/5c273e4b93fff_s.jpg
INFO: [ app_init ] --START--
INFO: Run Behavior\BuildLiteBehavior [ RunTime:0.000000s ]
INFO: [ app_init ] --END-- [ RunTime:0.000000s ]
ERR: 无法加载模块:Public

[ 2019-01-07T15:41:46+08:00 ] 127.0.0.1 /Public/Uploads/2018-12-29/5c273e7bada27_s.jpg
INFO: [ app_init ] --START--
INFO: Run Behavior\BuildLiteBehavior [ RunTime:0.000000s ]
INFO: [ app_init ] --END-- [ RunTime:0.000000s ]
ERR: 无法加载模块:Public

[ 2019-01-07T15:44:04+08:00 ] 127.0.0.1 /Public/Home/images/11.jpg
INFO: [ app_init ] --START--
INFO: Run Behavior\BuildLiteBehavior [ RunTime:0.000000s ]
INFO: [ app_init ] --END-- [ RunTime:0.000000s ]
ERR: 无法加载模块:Public

[ 2019-01-07T15:44:04+08:00 ] 127.0.0.1 /Public/Uploads/2018-12-29/5c273e9f9a977_s.jpg
INFO: [ app_init ] --START--
INFO: Run Behavior\BuildLiteBehavior [ RunTime:0.000000s ]
INFO: [ app_init ] --END-- [ RunTime:0.000000s ]
ERR: 无法加载模块:Public

[ 2019-01-07T15:44:04+08:00 ] 127.0.0.1 /Public/Uploads/2018-12-29/5c273f0b6f60f_s.png
INFO: [ app_init ] --START--
INFO: Run Behavior\BuildLiteBehavior [ RunTime:0.000000s ]
INFO: [ app_init ] --END-- [ RunTime:0.000000s ]
ERR: 无法加载模块:Public

[ 2019-01-07T15:44:04+08:00 ] 127.0.0.1 /Public/Uploads/2018-12-29/5c273e7bada27_s.jpg
INFO: [ app_init ] --START--
INFO: Run Behavior\BuildLiteBehavior [ RunTime:0.000000s ]
INFO: [ app_init ] --END-- [ RunTime:0.000000s ]
ERR: 无法加载模块:Public

[ 2019-01-07T15:44:04+08:00 ] 127.0.0.1 /Public/Uploads/2018-12-29/5c273e4b93fff_s.jpg
INFO: [ app_init ] --START--
INFO: Run Behavior\BuildLiteBehavior [ RunTime:0.000000s ]
INFO: [ app_init ] --END-- [ RunTime:0.000000s ]
ERR: 无法加载模块:Public

[ 2019-01-07T15:44:04+08:00 ] 127.0.0.1 /Public/Uploads/2018-12-12/5c10cd7a359db_s.jpg
INFO: [ app_init ] --START--
INFO: Run Behavior\BuildLiteBehavior [ RunTime:0.000000s ]
INFO: [ app_init ] --END-- [ RunTime:0.000000s ]
ERR: 无法加载模块:Public

[ 2019-01-07T15:44:04+08:00 ] 127.0.0.1 /Public/Uploads/2018-12-24/5c208672e46bd_s.jpg
INFO: [ app_init ] --START--
INFO: Run Behavior\BuildLiteBehavior [ RunTime:0.000000s ]
INFO: [ app_init ] --END-- [ RunTime:0.001000s ]
ERR: 无法加载模块:Public

[ 2019-01-07T15:44:09+08:00 ] 127.0.0.1 /Public/Uploads/2018-12-29/5c273e4b93fff_s.jpg
INFO: [ app_init ] --START--
INFO: Run Behavior\BuildLiteBehavior [ RunTime:0.000000s ]
INFO: [ app_init ] --END-- [ RunTime:0.001000s ]
ERR: 无法加载模块:Public

[ 2019-01-07T15:44:09+08:00 ] 127.0.0.1 /Public/Uploads/2018-12-29/5c273e7bada27_s.jpg
INFO: [ app_init ] --START--
INFO: Run Behavior\BuildLiteBehavior [ RunTime:0.000000s ]
INFO: [ app_init ] --END-- [ RunTime:0.000000s ]
ERR: 无法加载模块:Public

[ 2019-01-07T15:44:09+08:00 ] 127.0.0.1 /Public/Home/images/11.jpg
INFO: [ app_init ] --START--
INFO: Run Behavior\BuildLiteBehavior [ RunTime:0.000000s ]
INFO: [ app_init ] --END-- [ RunTime:0.000000s ]
ERR: 无法加载模块:Public

[ 2019-01-07T15:44:09+08:00 ] 127.0.0.1 /Public/Uploads/2018-12-24/5c208672e46bd_s.jpg
INFO: [ app_init ] --START--
INFO: Run Behavior\BuildLiteBehavior [ RunTime:0.000000s ]
INFO: [ app_init ] --END-- [ RunTime:0.000000s ]
ERR: 无法加载模块:Public

[ 2019-01-07T15:44:09+08:00 ] 127.0.0.1 /Public/Uploads/2018-12-12/5c10cd7a359db_s.jpg
INFO: [ app_init ] --START--
INFO: Run Behavior\BuildLiteBehavior [ RunTime:0.000000s ]
INFO: [ app_init ] --END-- [ RunTime:0.001000s ]
ERR: 无法加载模块:Public

[ 2019-01-07T15:44:09+08:00 ] 127.0.0.1 /Public/Home/images/avatar.jpg
INFO: [ app_init ] --START--
INFO: Run Behavior\BuildLiteBehavior [ RunTime:0.001000s ]
INFO: [ app_init ] --END-- [ RunTime:0.001000s ]
ERR: 无法加载模块:Public

[ 2019-01-07T15:44:09+08:00 ] 127.0.0.1 /Public/Uploads/2018-12-29/5c273e9f9a977_s.jpg
INFO: [ app_init ] --START--
INFO: Run Behavior\BuildLiteBehavior [ RunTime:0.000000s ]
INFO: [ app_init ] --END-- [ RunTime:0.001000s ]
ERR: 无法加载模块:Public

[ 2019-01-07T15:44:09+08:00 ] 127.0.0.1 /Public/Uploads/2018-12-29/5c273f0b6f60f_s.png
INFO: [ app_init ] --START--
INFO: Run Behavior\BuildLiteBehavior [ RunTime:0.000000s ]
INFO: [ app_init ] --END-- [ RunTime:0.000000s ]
ERR: 无法加载模块:Public

[ 2019-01-07T15:44:11+08:00 ] 127.0.0.1 /Public/Home/images/11.jpg
INFO: [ app_init ] --START--
INFO: Run Behavior\BuildLiteBehavior [ RunTime:0.000000s ]
INFO: [ app_init ] --END-- [ RunTime:0.000000s ]
ERR: 无法加载模块:Public

[ 2019-01-07T15:44:11+08:00 ] 127.0.0.1 /Public/Uploads/2018-12-12/5c10cd7a359db_s.jpg
INFO: [ app_init ] --START--
INFO: Run Behavior\BuildLiteBehavior [ RunTime:0.000000s ]
INFO: [ app_init ] --END-- [ RunTime:0.000000s ]
ERR: 无法加载模块:Public

[ 2019-01-07T15:44:11+08:00 ] 127.0.0.1 /Public/Uploads/2018-12-29/5c273e4b93fff_s.jpg
INFO: [ app_init ] --START--
INFO: Run Behavior\BuildLiteBehavior [ RunTime:0.000000s ]
INFO: [ app_init ] --END-- [ RunTime:0.000000s ]
ERR: 无法加载模块:Public

[ 2019-01-07T15:44:11+08:00 ] 127.0.0.1 /Public/Uploads/2018-12-29/5c273f0b6f60f_s.png
INFO: [ app_init ] --START--
INFO: Run Behavior\BuildLiteBehavior [ RunTime:0.000000s ]
INFO: [ app_init ] --END-- [ RunTime:0.001000s ]
ERR: 无法加载模块:Public

[ 2019-01-07T15:44:11+08:00 ] 127.0.0.1 /Public/Uploads/2018-12-24/5c208672e46bd_s.jpg
INFO: [ app_init ] --START--
INFO: Run Behavior\BuildLiteBehavior [ RunTime:0.000000s ]
INFO: [ app_init ] --END-- [ RunTime:0.001000s ]
ERR: 无法加载模块:Public

[ 2019-01-07T15:44:11+08:00 ] 127.0.0.1 /Public/Home/images/avatar.jpg
INFO: [ app_init ] --START--
INFO: Run Behavior\BuildLiteBehavior [ RunTime:0.000000s ]
INFO: [ app_init ] --END-- [ RunTime:0.000000s ]
ERR: 无法加载模块:Public

[ 2019-01-07T15:44:11+08:00 ] 127.0.0.1 /Public/Uploads/2018-12-29/5c273e7bada27_s.jpg
INFO: [ app_init ] --START--
INFO: Run Behavior\BuildLiteBehavior [ RunTime:0.000000s ]
INFO: [ app_init ] --END-- [ RunTime:0.000000s ]
ERR: 无法加载模块:Public

[ 2019-01-07T15:44:11+08:00 ] 127.0.0.1 /Public/Uploads/2018-12-29/5c273e9f9a977_s.jpg
INFO: [ app_init ] --START--
INFO: Run Behavior\BuildLiteBehavior [ RunTime:0.000000s ]
INFO: [ app_init ] --END-- [ RunTime:0.001000s ]
ERR: 无法加载模块:Public

[ 2019-01-07T15:44:16+08:00 ] 127.0.0.1 /Public/Uploads/2018-12-29/5c273e7bada27_s.jpg
INFO: [ app_init ] --START--
INFO: Run Behavior\BuildLiteBehavior [ RunTime:0.000000s ]
INFO: [ app_init ] --END-- [ RunTime:0.001000s ]
ERR: 无法加载模块:Public

[ 2019-01-07T15:44:16+08:00 ] 127.0.0.1 /Public/Home/images/11.jpg
INFO: [ app_init ] --START--
INFO: Run Behavior\BuildLiteBehavior [ RunTime:0.000000s ]
INFO: [ app_init ] --END-- [ RunTime:0.000000s ]
ERR: 无法加载模块:Public

[ 2019-01-07T15:44:16+08:00 ] 127.0.0.1 /Public/Uploads/2018-12-29/5c273e4b93fff_s.jpg
INFO: [ app_init ] --START--
INFO: Run Behavior\BuildLiteBehavior [ RunTime:0.000000s ]
INFO: [ app_init ] --END-- [ RunTime:0.000000s ]
ERR: 无法加载模块:Public

[ 2019-01-07T15:44:16+08:00 ] 127.0.0.1 /Public/Uploads/2018-12-29/5c273e9f9a977_s.jpg
INFO: [ app_init ] --START--
INFO: Run Behavior\BuildLiteBehavior [ RunTime:0.000000s ]
INFO: [ app_init ] --END-- [ RunTime:0.001000s ]
ERR: 无法加载模块:Public

[ 2019-01-07T15:44:16+08:00 ] 127.0.0.1 /Public/Uploads/2018-12-24/5c208672e46bd_s.jpg
INFO: [ app_init ] --START--
INFO: Run Behavior\BuildLiteBehavior [ RunTime:0.000000s ]
INFO: [ app_init ] --END-- [ RunTime:0.000000s ]
ERR: 无法加载模块:Public

[ 2019-01-07T15:44:16+08:00 ] 127.0.0.1 /Public/Uploads/2018-12-12/5c10cd7a359db_s.jpg
INFO: [ app_init ] --START--
INFO: Run Behavior\BuildLiteBehavior [ RunTime:0.000000s ]
INFO: [ app_init ] --END-- [ RunTime:0.001000s ]
ERR: 无法加载模块:Public

[ 2019-01-07T15:44:16+08:00 ] 127.0.0.1 /Public/Uploads/2018-12-29/5c273f0b6f60f_s.png
INFO: [ app_init ] --START--
INFO: Run Behavior\BuildLiteBehavior [ RunTime:0.000000s ]
INFO: [ app_init ] --END-- [ RunTime:0.000000s ]
ERR: 无法加载模块:Public

[ 2019-01-07T15:44:16+08:00 ] 127.0.0.1 /Public/Home/images/avatar.jpg
INFO: [ app_init ] --START--
INFO: Run Behavior\BuildLiteBehavior [ RunTime:0.000000s ]
INFO: [ app_init ] --END-- [ RunTime:0.001000s ]
ERR: 无法加载模块:Public

[ 2019-01-07T15:44:21+08:00 ] 127.0.0.1 /Public/Home/images/11.jpg
INFO: [ app_init ] --START--
INFO: Run Behavior\BuildLiteBehavior [ RunTime:0.000000s ]
INFO: [ app_init ] --END-- [ RunTime:0.001000s ]
ERR: 无法加载模块:Public

[ 2019-01-07T15:44:21+08:00 ] 127.0.0.1 /Public/Uploads/2018-12-29/5c273e9f9a977_s.jpg
INFO: [ app_init ] --START--
INFO: Run Behavior\BuildLiteBehavior [ RunTime:0.000000s ]
INFO: [ app_init ] --END-- [ RunTime:0.000000s ]
ERR: 无法加载模块:Public

[ 2019-01-07T15:44:21+08:00 ] 127.0.0.1 /Public/Uploads/2018-12-29/5c273f0b6f60f_s.png
INFO: [ app_init ] --START--
INFO: Run Behavior\BuildLiteBehavior [ RunTime:0.000000s ]
INFO: [ app_init ] --END-- [ RunTime:0.000000s ]
ERR: 无法加载模块:Public

[ 2019-01-07T15:44:21+08:00 ] 127.0.0.1 /Public/Uploads/2018-12-29/5c273e7bada27_s.jpg
INFO: [ app_init ] --START--
INFO: Run Behavior\BuildLiteBehavior [ RunTime:0.000000s ]
INFO: [ app_init ] --END-- [ RunTime:0.000000s ]
ERR: 无法加载模块:Public

[ 2019-01-07T15:44:21+08:00 ] 127.0.0.1 /Public/Uploads/2018-12-29/5c273e4b93fff_s.jpg
INFO: [ app_init ] --START--
INFO: Run Behavior\BuildLiteBehavior [ RunTime:0.000000s ]
INFO: [ app_init ] --END-- [ RunTime:0.000000s ]
ERR: 无法加载模块:Public

[ 2019-01-07T15:44:21+08:00 ] 127.0.0.1 /Public/Uploads/2018-12-12/5c10cd7a359db_s.jpg
INFO: [ app_init ] --START--
INFO: Run Behavior\BuildLiteBehavior [ RunTime:0.000000s ]
INFO: [ app_init ] --END-- [ RunTime:0.000000s ]
ERR: 无法加载模块:Public

[ 2019-01-07T15:44:21+08:00 ] 127.0.0.1 /Public/Uploads/2018-12-24/5c208672e46bd_s.jpg
INFO: [ app_init ] --START--
INFO: Run Behavior\BuildLiteBehavior [ RunTime:0.000000s ]
INFO: [ app_init ] --END-- [ RunTime:0.000000s ]
ERR: 无法加载模块:Public

[ 2019-01-07T15:45:13+08:00 ] 127.0.0.1 /Public/Uploads/2018-12-29/5c273e9f9a977_s.jpg
INFO: [ app_init ] --START--
INFO: Run Behavior\BuildLiteBehavior [ RunTime:0.000000s ]
INFO: [ app_init ] --END-- [ RunTime:0.000000s ]
ERR: 无法加载模块:Public

[ 2019-01-07T15:45:13+08:00 ] 127.0.0.1 /Public/Home/images/11.jpg
INFO: [ app_init ] --START--
INFO: Run Behavior\BuildLiteBehavior [ RunTime:0.000000s ]
INFO: [ app_init ] --END-- [ RunTime:0.000000s ]
ERR: 无法加载模块:Public

[ 2019-01-07T15:45:13+08:00 ] 127.0.0.1 /Public/Uploads/2018-12-29/5c273e7bada27_s.jpg
INFO: [ app_init ] --START--
INFO: Run Behavior\BuildLiteBehavior [ RunTime:0.000000s ]
INFO: [ app_init ] --END-- [ RunTime:0.000000s ]
ERR: 无法加载模块:Public

[ 2019-01-07T15:45:13+08:00 ] 127.0.0.1 /Public/Uploads/2018-12-29/5c273e4b93fff_s.jpg
INFO: [ app_init ] --START--
INFO: Run Behavior\BuildLiteBehavior [ RunTime:0.000000s ]
INFO: [ app_init ] --END-- [ RunTime:0.000000s ]
ERR: 无法加载模块:Public

[ 2019-01-07T15:45:13+08:00 ] 127.0.0.1 /Public/Uploads/2018-12-29/5c273f0b6f60f_s.png
INFO: [ app_init ] --START--
INFO: Run Behavior\BuildLiteBehavior [ RunTime:0.000000s ]
INFO: [ app_init ] --END-- [ RunTime:0.000000s ]
ERR: 无法加载模块:Public

[ 2019-01-07T15:45:13+08:00 ] 127.0.0.1 /Public/Uploads/2018-12-12/5c10cd7a359db_s.jpg
INFO: [ app_init ] --START--
INFO: Run Behavior\BuildLiteBehavior [ RunTime:0.000000s ]
INFO: [ app_init ] --END-- [ RunTime:0.001000s ]
ERR: 无法加载模块:Public

[ 2019-01-07T15:45:13+08:00 ] 127.0.0.1 /Public/Uploads/2018-12-24/5c208672e46bd_s.jpg
INFO: [ app_init ] --START--
INFO: Run Behavior\BuildLiteBehavior [ RunTime:0.000000s ]
INFO: [ app_init ] --END-- [ RunTime:0.001000s ]
ERR: 无法加载模块:Public

[ 2019-01-07T16:01:57+08:00 ] 127.0.0.1 /Public/Home/images/11.jpg
INFO: [ app_init ] --START--
INFO: Run Behavior\BuildLiteBehavior [ RunTime:0.000000s ]
INFO: [ app_init ] --END-- [ RunTime:0.001000s ]
ERR: 无法加载模块:Public

[ 2019-01-07T16:01:57+08:00 ] 127.0.0.1 /Public/Uploads/2018-12-29/5c273e7bada27_s.jpg
INFO: [ app_init ] --START--
INFO: Run Behavior\BuildLiteBehavior [ RunTime:0.000000s ]
INFO: [ app_init ] --END-- [ RunTime:0.001000s ]
ERR: 无法加载模块:Public

[ 2019-01-07T16:01:57+08:00 ] 127.0.0.1 /Public/Uploads/2018-12-12/5c10cd7a359db_s.jpg
INFO: [ app_init ] --START--
INFO: Run Behavior\BuildLiteBehavior [ RunTime:0.000000s ]
INFO: [ app_init ] --END-- [ RunTime:0.000000s ]
ERR: 无法加载模块:Public

[ 2019-01-07T16:01:57+08:00 ] 127.0.0.1 /Public/Uploads/2018-12-29/5c273e9f9a977_s.jpg
INFO: [ app_init ] --START--
INFO: Run Behavior\BuildLiteBehavior [ RunTime:0.000000s ]
INFO: [ app_init ] --END-- [ RunTime:0.001000s ]
ERR: 无法加载模块:Public

[ 2019-01-07T16:01:57+08:00 ] 127.0.0.1 /Public/Uploads/2018-12-29/5c273f0b6f60f_s.png
INFO: [ app_init ] --START--
INFO: Run Behavior\BuildLiteBehavior [ RunTime:0.000000s ]
INFO: [ app_init ] --END-- [ RunTime:0.000000s ]
ERR: 无法加载模块:Public

[ 2019-01-07T16:01:57+08:00 ] 127.0.0.1 /Public/Uploads/2018-12-24/5c208672e46bd_s.jpg
INFO: [ app_init ] --START--
INFO: Run Behavior\BuildLiteBehavior [ RunTime:0.000000s ]
INFO: [ app_init ] --END-- [ RunTime:0.001000s ]
ERR: 无法加载模块:Public

[ 2019-01-07T16:01:57+08:00 ] 127.0.0.1 /Public/Uploads/2018-12-29/5c273e4b93fff_s.jpg
INFO: [ app_init ] --START--
INFO: Run Behavior\BuildLiteBehavior [ RunTime:0.000000s ]
INFO: [ app_init ] --END-- [ RunTime:0.000000s ]
ERR: 无法加载模块:Public

